start:  2022-07-10 01:22:03.557849
AdaBoostClassifier-p1-tr(8)-sw(1)-lw(24)-fa(0.1)-max(20000) f1 score: 0.17795353800957114 cumulative return: 117567.79493750399
AdaBoostClassifier-p1-tr(8)-sw(1)-lw(24)-fa(0.1)-max(30000) f1 score: 0.19371096430536494 cumulative return: 123405.073036935
AdaBoostClassifier-p1-tr(8)-sw(1)-lw(24)-fa(0.1)-max(100000) f1 score: 0.1703856573381899 cumulative return: 178500.26872304373
AdaBoostClassifier-p1-tr(8)-sw(1)-lw(24)-fa(0.25)-max(20000) f1 score: 0.4839574349795056 cumulative return: 127486.43311719928
AdaBoostClassifier-p1-tr(8)-sw(1)-lw(24)-fa(0.25)-max(30000) f1 score: 0.39867399263030756 cumulative return: 131056.52742972292
AdaBoostClassifier-p1-tr(8)-sw(1)-lw(24)-fa(0.25)-max(100000) f1 score: 0.3256165365562016 cumulative return: 180369.14401347254
AdaBoostClassifier-p1-tr(8)-sw(1)-lw(24)-fa(0.5)-max(20000) f1 score: 0.4588667200664436 cumulative return: 116645.19099541956
AdaBoostClassifier-p1-tr(8)-sw(1)-lw(24)-fa(0.5)-max(30000) f1 score: 0.434620656032368 cumulative return: 142977.2264548546
AdaBoostClassifier-p1-tr(8)-sw(1)-lw(24)-fa(0.5)-max(100000) f1 score: 0.3543953683207839 cumulative return: 182009.4971433058
AdaBoostClassifier-p1-tr(8)-sw(1)-lw(24)-fa(0.8)-max(20000) f1 score: 0.4853256857195649 cumulative return: 123323.6050163445
AdaBoostClassifier-p1-tr(8)-sw(1)-lw(24)-fa(0.8)-max(30000) f1 score: 0.418367894075627 cumulative return: 125510.76304705131
AdaBoostClassifier-p1-tr(8)-sw(1)-lw(24)-fa(0.8)-max(100000) f1 score: 0.42645726652575533 cumulative return: 176689.875652535
AdaBoostClassifier-p1-tr(8)-sw(1)-lw(24)-fa(1)-max(20000) f1 score: 0.5045674812053287 cumulative return: 125996.91282431888
AdaBoostClassifier-p1-tr(8)-sw(1)-lw(24)-fa(1)-max(30000) f1 score: 0.6288446254136906 cumulative return: 132299.34221031037
AdaBoostClassifier-p1-tr(8)-sw(1)-lw(24)-fa(1)-max(100000) f1 score: 0.6034581395352506 cumulative return: 191435.13904292678
AdaBoostClassifier-p1-tr(8)-sw(1)-lw(24)-fa(2)-max(20000) f1 score: 0.3577082606489633 cumulative return: 103848.23140578253
AdaBoostClassifier-p1-tr(8)-sw(1)-lw(24)-fa(2)-max(30000) f1 score: 0.27445481846547337 cumulative return: 111027.36672670425
AdaBoostClassifier-p1-tr(8)-sw(1)-lw(24)-fa(2)-max(100000) f1 score: 0.3467518746862871 cumulative return: 134625.45438774247
AdaBoostClassifier-p1-tr(8)-sw(1)-lw(24)-fa(3)-max(20000) f1 score: -0.6162047556276653 cumulative return: 94267.46239084905
AdaBoostClassifier-p1-tr(8)-sw(1)-lw(24)-fa(3)-max(30000) f1 score: -0.5511742557826493 cumulative return: 99426.15534662089
AdaBoostClassifier-p1-tr(8)-sw(1)-lw(24)-fa(3)-max(100000) f1 score: -0.4647634084853669 cumulative return: 106110.87776878453
AdaBoostClassifier-p1-tr(8)-sw(1)-lw(42)-fa(0.1)-max(20000) f1 score: 0.33161049034368584 cumulative return: 118417.83477054951
AdaBoostClassifier-p1-tr(8)-sw(1)-lw(42)-fa(0.1)-max(30000) f1 score: 0.0892215063630184 cumulative return: 117366.07234743376
AdaBoostClassifier-p1-tr(8)-sw(1)-lw(42)-fa(0.1)-max(100000) f1 score: 0.19160215103568357 cumulative return: 185723.34136492945
AdaBoostClassifier-p1-tr(8)-sw(1)-lw(42)-fa(0.25)-max(20000) f1 score: 0.3406929398550418 cumulative return: 127491.49537744655
AdaBoostClassifier-p1-tr(8)-sw(1)-lw(42)-fa(0.25)-max(30000) f1 score: 0.4143167024671721 cumulative return: 128509.55017771221
AdaBoostClassifier-p1-tr(8)-sw(1)-lw(42)-fa(0.25)-max(100000) f1 score: 0.3531762349312153 cumulative return: 194715.6369492507
AdaBoostClassifier-p1-tr(8)-sw(1)-lw(42)-fa(0.5)-max(20000) f1 score: 0.416542081042637 cumulative return: 116325.57462978308
AdaBoostClassifier-p1-tr(8)-sw(1)-lw(42)-fa(0.5)-max(30000) f1 score: 0.46727580841810634 cumulative return: 142591.797699214
AdaBoostClassifier-p1-tr(8)-sw(1)-lw(42)-fa(0.5)-max(100000) f1 score: 0.3751072705967553 cumulative return: 189732.34493601252
AdaBoostClassifier-p1-tr(8)-sw(1)-lw(42)-fa(0.8)-max(20000) f1 score: 0.6270561658620691 cumulative return: 120903.72893759534
AdaBoostClassifier-p1-tr(8)-sw(1)-lw(42)-fa(0.8)-max(30000) f1 score: 0.4964593709388221 cumulative return: 130413.19463264261
AdaBoostClassifier-p1-tr(8)-sw(1)-lw(42)-fa(0.8)-max(100000) f1 score: 0.5618328346499942 cumulative return: 193772.6089994681
AdaBoostClassifier-p1-tr(8)-sw(1)-lw(42)-fa(1)-max(20000) f1 score: 0.5615450470088428 cumulative return: 115677.34398637807
AdaBoostClassifier-p1-tr(8)-sw(1)-lw(42)-fa(1)-max(30000) f1 score: 0.5109634437883785 cumulative return: 131930.68260000675
AdaBoostClassifier-p1-tr(8)-sw(1)-lw(42)-fa(1)-max(100000) f1 score: 0.6505399145409703 cumulative return: 194199.91278675728
AdaBoostClassifier-p1-tr(8)-sw(1)-lw(42)-fa(2)-max(20000) f1 score: 0.14442399329308087 cumulative return: 108987.76173785693
AdaBoostClassifier-p1-tr(8)-sw(1)-lw(42)-fa(2)-max(30000) f1 score: 0.1461798842465044 cumulative return: 108698.82434247567
AdaBoostClassifier-p1-tr(8)-sw(1)-lw(42)-fa(2)-max(100000) f1 score: 0.008093247856342578 cumulative return: 147502.06845783186
AdaBoostClassifier-p1-tr(8)-sw(1)-lw(42)-fa(3)-max(20000) f1 score: -0.7193887122700577 cumulative return: 104347.51886128783
AdaBoostClassifier-p1-tr(8)-sw(1)-lw(42)-fa(3)-max(30000) f1 score: -0.7042977214886055 cumulative return: 109366.34048240888
AdaBoostClassifier-p1-tr(8)-sw(1)-lw(42)-fa(3)-max(100000) f1 score: -0.720736834289752 cumulative return: 105766.65640855851
AdaBoostClassifier-p1-tr(8)-sw(1)-lw(60)-fa(0.1)-max(20000) f1 score: 0.11834264303262054 cumulative return: 112864.28216074631
AdaBoostClassifier-p1-tr(8)-sw(1)-lw(60)-fa(0.1)-max(30000) f1 score: 0.1954803154714847 cumulative return: 128962.17370149586
AdaBoostClassifier-p1-tr(8)-sw(1)-lw(60)-fa(0.1)-max(100000) f1 score: 0.14240231114299384 cumulative return: 160550.58062525094
AdaBoostClassifier-p1-tr(8)-sw(1)-lw(60)-fa(0.25)-max(20000) f1 score: 0.3087575383319907 cumulative return: 124393.85794613164
AdaBoostClassifier-p1-tr(8)-sw(1)-lw(60)-fa(0.25)-max(30000) f1 score: 0.30064157306259776 cumulative return: 133398.86147888834
AdaBoostClassifier-p1-tr(8)-sw(1)-lw(60)-fa(0.25)-max(100000) f1 score: 0.39612933248231297 cumulative return: 200476.7875423602
AdaBoostClassifier-p1-tr(8)-sw(1)-lw(60)-fa(0.5)-max(20000) f1 score: 0.44552553891188473 cumulative return: 127431.21369281037
AdaBoostClassifier-p1-tr(8)-sw(1)-lw(60)-fa(0.5)-max(30000) f1 score: 0.39942037819486376 cumulative return: 127505.3742054089
AdaBoostClassifier-p1-tr(8)-sw(1)-lw(60)-fa(0.5)-max(100000) f1 score: 0.4229173215041153 cumulative return: 180028.717305937
AdaBoostClassifier-p1-tr(8)-sw(1)-lw(60)-fa(0.8)-max(20000) f1 score: 0.5722362372809303 cumulative return: 120490.53952650451
AdaBoostClassifier-p1-tr(8)-sw(1)-lw(60)-fa(0.8)-max(30000) f1 score: 0.45194188176709815 cumulative return: 130586.87271994914
AdaBoostClassifier-p1-tr(8)-sw(1)-lw(60)-fa(0.8)-max(100000) f1 score: 0.6274069985005076 cumulative return: 203818.64215999353
AdaBoostClassifier-p1-tr(8)-sw(1)-lw(60)-fa(1)-max(20000) f1 score: 0.33592584760352906 cumulative return: 118456.15633254989
AdaBoostClassifier-p1-tr(8)-sw(1)-lw(60)-fa(1)-max(30000) f1 score: 0.6223238430075109 cumulative return: 127721.19543246325
AdaBoostClassifier-p1-tr(8)-sw(1)-lw(60)-fa(1)-max(100000) f1 score: 0.5748427480370071 cumulative return: 178097.94887255688
AdaBoostClassifier-p1-tr(8)-sw(1)-lw(60)-fa(2)-max(20000) f1 score: -0.1968510972757933 cumulative return: 104075.99156033293
AdaBoostClassifier-p1-tr(8)-sw(1)-lw(60)-fa(2)-max(30000) f1 score: -0.2320511943793031 cumulative return: 113999.5318165313
AdaBoostClassifier-p1-tr(8)-sw(1)-lw(60)-fa(2)-max(100000) f1 score: 0.054032691258152465 cumulative return: 122701.41174533922
AdaBoostClassifier-p1-tr(8)-sw(1)-lw(60)-fa(3)-max(20000) f1 score: -0.4925856715893837 cumulative return: 102655.10738970923
AdaBoostClassifier-p1-tr(8)-sw(1)-lw(60)-fa(3)-max(30000) f1 score: -0.7394213623604258 cumulative return: 109790.57874535873
AdaBoostClassifier-p1-tr(8)-sw(1)-lw(60)-fa(3)-max(100000) f1 score: -0.5120262931341233 cumulative return: 106285.11624677331
AdaBoostClassifier-p1-tr(8)-sw(1)-lw(180)-fa(0.1)-max(20000) f1 score: 0.25313758889204996 cumulative return: 113970.09343310063
AdaBoostClassifier-p1-tr(8)-sw(1)-lw(180)-fa(0.1)-max(30000) f1 score: 0.11326881488467244 cumulative return: 119158.25137301197
AdaBoostClassifier-p1-tr(8)-sw(1)-lw(180)-fa(0.1)-max(100000) f1 score: 0.30460948346626837 cumulative return: 199172.916251014
AdaBoostClassifier-p1-tr(8)-sw(1)-lw(180)-fa(0.25)-max(20000) f1 score: 0.28668057304374894 cumulative return: 118651.08673599234
AdaBoostClassifier-p1-tr(8)-sw(1)-lw(180)-fa(0.25)-max(30000) f1 score: 0.237359092159091 cumulative return: 124079.87868540484
AdaBoostClassifier-p1-tr(8)-sw(1)-lw(180)-fa(0.25)-max(100000) f1 score: 0.28641802135718597 cumulative return: 152117.7076837584
AdaBoostClassifier-p1-tr(8)-sw(1)-lw(180)-fa(0.5)-max(20000) f1 score: 0.5828638421366195 cumulative return: 116464.70626806862
AdaBoostClassifier-p1-tr(8)-sw(1)-lw(180)-fa(0.5)-max(30000) f1 score: 0.49831492058436544 cumulative return: 127966.44261578441
AdaBoostClassifier-p1-tr(8)-sw(1)-lw(180)-fa(0.5)-max(100000) f1 score: 0.4974468854454186 cumulative return: 166872.3677872111
AdaBoostClassifier-p1-tr(8)-sw(1)-lw(180)-fa(0.8)-max(20000) f1 score: 0.37525621088583994 cumulative return: 116485.49224568694
AdaBoostClassifier-p1-tr(8)-sw(1)-lw(180)-fa(0.8)-max(30000) f1 score: 0.5964010288139255 cumulative return: 118097.32237732879
AdaBoostClassifier-p1-tr(8)-sw(1)-lw(180)-fa(0.8)-max(100000) f1 score: 0.504190304645297 cumulative return: 173605.5508402579
AdaBoostClassifier-p1-tr(8)-sw(1)-lw(180)-fa(1)-max(20000) f1 score: 0.39513927652960734 cumulative return: 113093.24397581768
AdaBoostClassifier-p1-tr(8)-sw(1)-lw(180)-fa(1)-max(30000) f1 score: 0.22206868686917602 cumulative return: 116892.9221698156
AdaBoostClassifier-p1-tr(8)-sw(1)-lw(180)-fa(1)-max(100000) f1 score: 0.3207604611594639 cumulative return: 161812.85319382977
AdaBoostClassifier-p1-tr(8)-sw(1)-lw(180)-fa(2)-max(20000) f1 score: -0.3366303305917522 cumulative return: 106540.6094773121
AdaBoostClassifier-p1-tr(8)-sw(1)-lw(180)-fa(2)-max(30000) f1 score: -0.0859360402266034 cumulative return: 103888.44094048096
AdaBoostClassifier-p1-tr(8)-sw(1)-lw(180)-fa(2)-max(100000) f1 score: -0.21803221835377817 cumulative return: 131764.42739221005
AdaBoostClassifier-p1-tr(8)-sw(1)-lw(180)-fa(3)-max(20000) f1 score: -0.942944034275627 cumulative return: 99745.252817147
AdaBoostClassifier-p1-tr(8)-sw(1)-lw(180)-fa(3)-max(30000) f1 score: -0.9274785891641941 cumulative return: 101487.77078231396
AdaBoostClassifier-p1-tr(8)-sw(1)-lw(180)-fa(3)-max(100000) f1 score: -0.8750544329086283 cumulative return: 103243.68535462061
AdaBoostClassifier-p1-tr(8)-sw(1)-lw(252)-fa(0.1)-max(20000) f1 score: 0.21849734490843353 cumulative return: 115875.64075200775
AdaBoostClassifier-p1-tr(8)-sw(1)-lw(252)-fa(0.1)-max(30000) f1 score: 0.33263041322342435 cumulative return: 132461.3471581727
AdaBoostClassifier-p1-tr(8)-sw(1)-lw(252)-fa(0.1)-max(100000) f1 score: 0.3244462125132046 cumulative return: 198291.38611695095
AdaBoostClassifier-p1-tr(8)-sw(1)-lw(252)-fa(0.25)-max(20000) f1 score: 0.42226840578225056 cumulative return: 123996.29381771001
AdaBoostClassifier-p1-tr(8)-sw(1)-lw(252)-fa(0.25)-max(30000) f1 score: 0.1803956451840969 cumulative return: 118463.96180593502
AdaBoostClassifier-p1-tr(8)-sw(1)-lw(252)-fa(0.25)-max(100000) f1 score: 0.319555317996408 cumulative return: 174648.5866724706
AdaBoostClassifier-p1-tr(8)-sw(1)-lw(252)-fa(0.5)-max(20000) f1 score: 0.3955467841231324 cumulative return: 119915.30125258007
AdaBoostClassifier-p1-tr(8)-sw(1)-lw(252)-fa(0.5)-max(30000) f1 score: 0.6668522684295528 cumulative return: 140959.07247775164
AdaBoostClassifier-p1-tr(8)-sw(1)-lw(252)-fa(0.5)-max(100000) f1 score: 0.5268627418317435 cumulative return: 167104.5573204537
AdaBoostClassifier-p1-tr(8)-sw(1)-lw(252)-fa(0.8)-max(20000) f1 score: 0.5186727138795619 cumulative return: 117807.62002416393
AdaBoostClassifier-p1-tr(8)-sw(1)-lw(252)-fa(0.8)-max(30000) f1 score: 0.4524752803430776 cumulative return: 127918.90761335245
AdaBoostClassifier-p1-tr(8)-sw(1)-lw(252)-fa(0.8)-max(100000) f1 score: 0.385996743425582 cumulative return: 178833.9650056423
AdaBoostClassifier-p1-tr(8)-sw(1)-lw(252)-fa(1)-max(20000) f1 score: 0.40458011853281306 cumulative return: 110904.13865163324
AdaBoostClassifier-p1-tr(8)-sw(1)-lw(252)-fa(1)-max(30000) f1 score: 0.6255363978253093 cumulative return: 124871.29384484603
AdaBoostClassifier-p1-tr(8)-sw(1)-lw(252)-fa(1)-max(100000) f1 score: 0.3164809280166616 cumulative return: 157336.8461841407
AdaBoostClassifier-p1-tr(8)-sw(1)-lw(252)-fa(2)-max(20000) f1 score: -0.5590599460099797 cumulative return: 105890.93104137351
AdaBoostClassifier-p1-tr(8)-sw(1)-lw(252)-fa(2)-max(30000) f1 score: -0.20039874464852225 cumulative return: 106728.9117236146
AdaBoostClassifier-p1-tr(8)-sw(1)-lw(252)-fa(2)-max(100000) f1 score: -0.5347266191047324 cumulative return: 118208.63365223195
AdaBoostClassifier-p1-tr(8)-sw(1)-lw(252)-fa(3)-max(20000) f1 score: -0.9330295830211717 cumulative return: 107555.7577269954
AdaBoostClassifier-p1-tr(8)-sw(1)-lw(252)-fa(3)-max(30000) f1 score: -0.6498337401465526 cumulative return: 101609.8241254638
AdaBoostClassifier-p1-tr(8)-sw(1)-lw(252)-fa(3)-max(100000) f1 score: -0.8833100150844722 cumulative return: 102593.50354332103
AdaBoostClassifier-p1-tr(8)-sw(2)-lw(24)-fa(0.1)-max(20000) f1 score: 0.10210344171175045 cumulative return: 112853.2097496301
AdaBoostClassifier-p1-tr(8)-sw(2)-lw(24)-fa(0.1)-max(30000) f1 score: 0.03550160373326905 cumulative return: 116678.46749932133
AdaBoostClassifier-p1-tr(8)-sw(2)-lw(24)-fa(0.1)-max(100000) f1 score: 0.15051631533248422 cumulative return: 177602.83832414588
AdaBoostClassifier-p1-tr(8)-sw(2)-lw(24)-fa(0.25)-max(20000) f1 score: 0.40974017448778277 cumulative return: 126024.05809845956
AdaBoostClassifier-p1-tr(8)-sw(2)-lw(24)-fa(0.25)-max(30000) f1 score: 0.36371674100478124 cumulative return: 135630.9140313329
AdaBoostClassifier-p1-tr(8)-sw(2)-lw(24)-fa(0.25)-max(100000) f1 score: 0.24064572127950212 cumulative return: 176307.33464450424
AdaBoostClassifier-p1-tr(8)-sw(2)-lw(24)-fa(0.5)-max(20000) f1 score: 0.44039018883008163 cumulative return: 123093.27268714923
AdaBoostClassifier-p1-tr(8)-sw(2)-lw(24)-fa(0.5)-max(30000) f1 score: 0.2787850038506925 cumulative return: 123162.68914520279
AdaBoostClassifier-p1-tr(8)-sw(2)-lw(24)-fa(0.5)-max(100000) f1 score: 0.24415784958171594 cumulative return: 165040.75483355185
AdaBoostClassifier-p1-tr(8)-sw(2)-lw(24)-fa(0.8)-max(20000) f1 score: 0.39912531668944473 cumulative return: 117815.2177666699
AdaBoostClassifier-p1-tr(8)-sw(2)-lw(24)-fa(0.8)-max(30000) f1 score: 0.45851755350545376 cumulative return: 119719.13636448048
AdaBoostClassifier-p1-tr(8)-sw(2)-lw(24)-fa(0.8)-max(100000) f1 score: 0.4853571842513279 cumulative return: 174097.8858038836
AdaBoostClassifier-p1-tr(8)-sw(2)-lw(24)-fa(1)-max(20000) f1 score: 0.5848317938897372 cumulative return: 122805.83079298024
AdaBoostClassifier-p1-tr(8)-sw(2)-lw(24)-fa(1)-max(30000) f1 score: 0.5772853537409484 cumulative return: 129774.7496050413
AdaBoostClassifier-p1-tr(8)-sw(2)-lw(24)-fa(1)-max(100000) f1 score: 0.4251916162434638 cumulative return: 180557.62060271628
AdaBoostClassifier-p1-tr(8)-sw(2)-lw(24)-fa(2)-max(20000) f1 score: 0.3274330621996042 cumulative return: 111035.51196981408
AdaBoostClassifier-p1-tr(8)-sw(2)-lw(24)-fa(2)-max(30000) f1 score: 0.17292787818816358 cumulative return: 112269.76619180778
AdaBoostClassifier-p1-tr(8)-sw(2)-lw(24)-fa(2)-max(100000) f1 score: 0.422112956560575 cumulative return: 133511.8966659326
AdaBoostClassifier-p1-tr(8)-sw(2)-lw(24)-fa(3)-max(20000) f1 score: -0.6706317193451614 cumulative return: 97294.02856991038
AdaBoostClassifier-p1-tr(8)-sw(2)-lw(24)-fa(3)-max(30000) f1 score: -0.5436271287617092 cumulative return: 99448.44760154512
AdaBoostClassifier-p1-tr(8)-sw(2)-lw(24)-fa(3)-max(100000) f1 score: -0.621077095026251 cumulative return: 107958.46089314026
AdaBoostClassifier-p1-tr(8)-sw(2)-lw(42)-fa(0.1)-max(20000) f1 score: 0.18925839607804262 cumulative return: 127994.22458663076
AdaBoostClassifier-p1-tr(8)-sw(2)-lw(42)-fa(0.1)-max(30000) f1 score: 0.27255171177132476 cumulative return: 126139.4740314595
AdaBoostClassifier-p1-tr(8)-sw(2)-lw(42)-fa(0.1)-max(100000) f1 score: 0.2020476046749804 cumulative return: 170896.53613700857
AdaBoostClassifier-p1-tr(8)-sw(2)-lw(42)-fa(0.25)-max(20000) f1 score: 0.5186970897435255 cumulative return: 119040.61402539934
AdaBoostClassifier-p1-tr(8)-sw(2)-lw(42)-fa(0.25)-max(30000) f1 score: 0.22194174725245963 cumulative return: 125612.43388071949
AdaBoostClassifier-p1-tr(8)-sw(2)-lw(42)-fa(0.25)-max(100000) f1 score: 0.45595929646871025 cumulative return: 192576.02426136108
AdaBoostClassifier-p1-tr(8)-sw(2)-lw(42)-fa(0.5)-max(20000) f1 score: 0.37995718348811547 cumulative return: 114221.77965600889
AdaBoostClassifier-p1-tr(8)-sw(2)-lw(42)-fa(0.5)-max(30000) f1 score: 0.3428302155720582 cumulative return: 130698.21862785857
AdaBoostClassifier-p1-tr(8)-sw(2)-lw(42)-fa(0.5)-max(100000) f1 score: 0.35928200418662826 cumulative return: 188087.35999392584
AdaBoostClassifier-p1-tr(8)-sw(2)-lw(42)-fa(0.8)-max(20000) f1 score: 0.6304118836499895 cumulative return: 125101.32190410173
AdaBoostClassifier-p1-tr(8)-sw(2)-lw(42)-fa(0.8)-max(30000) f1 score: 0.583992579252631 cumulative return: 136738.26358366694
AdaBoostClassifier-p1-tr(8)-sw(2)-lw(42)-fa(0.8)-max(100000) f1 score: 0.5133154681581493 cumulative return: 187368.6993009948
AdaBoostClassifier-p1-tr(8)-sw(2)-lw(42)-fa(1)-max(20000) f1 score: 0.5136177324642319 cumulative return: 122763.42551775508
AdaBoostClassifier-p1-tr(8)-sw(2)-lw(42)-fa(1)-max(30000) f1 score: 0.41145574343827596 cumulative return: 136984.96953334849
AdaBoostClassifier-p1-tr(8)-sw(2)-lw(42)-fa(1)-max(100000) f1 score: 0.4755348216852171 cumulative return: 173450.7076517417
AdaBoostClassifier-p1-tr(8)-sw(2)-lw(42)-fa(2)-max(20000) f1 score: -0.005100176450368421 cumulative return: 113037.07218088685
AdaBoostClassifier-p1-tr(8)-sw(2)-lw(42)-fa(2)-max(30000) f1 score: 0.13190101928548925 cumulative return: 113357.75614517232
AdaBoostClassifier-p1-tr(8)-sw(2)-lw(42)-fa(2)-max(100000) f1 score: 0.15074321189209194 cumulative return: 123949.50061112911
AdaBoostClassifier-p1-tr(8)-sw(2)-lw(42)-fa(3)-max(20000) f1 score: -0.5406680240808033 cumulative return: 101501.65402649948
AdaBoostClassifier-p1-tr(8)-sw(2)-lw(42)-fa(3)-max(30000) f1 score: -0.6341609554710819 cumulative return: 105580.59729426538
AdaBoostClassifier-p1-tr(8)-sw(2)-lw(42)-fa(3)-max(100000) f1 score: -0.7074941073083569 cumulative return: 108844.93441127831
AdaBoostClassifier-p1-tr(8)-sw(2)-lw(60)-fa(0.1)-max(20000) f1 score: 0.2439488608169662 cumulative return: 117551.13382687373
AdaBoostClassifier-p1-tr(8)-sw(2)-lw(60)-fa(0.1)-max(30000) f1 score: 0.3110954183591541 cumulative return: 125633.26279276589
AdaBoostClassifier-p1-tr(8)-sw(2)-lw(60)-fa(0.1)-max(100000) f1 score: 0.21578438048444593 cumulative return: 159684.02484479966
AdaBoostClassifier-p1-tr(8)-sw(2)-lw(60)-fa(0.25)-max(20000) f1 score: 0.2967689778149476 cumulative return: 123034.23990513588
AdaBoostClassifier-p1-tr(8)-sw(2)-lw(60)-fa(0.25)-max(30000) f1 score: 0.34153521987065694 cumulative return: 132791.98104482295
AdaBoostClassifier-p1-tr(8)-sw(2)-lw(60)-fa(0.25)-max(100000) f1 score: 0.418238634880869 cumulative return: 207943.18469357002
AdaBoostClassifier-p1-tr(8)-sw(2)-lw(60)-fa(0.5)-max(20000) f1 score: 0.3998728241700539 cumulative return: 119651.05757511417
AdaBoostClassifier-p1-tr(8)-sw(2)-lw(60)-fa(0.5)-max(30000) f1 score: 0.4256147415157301 cumulative return: 122672.23730208042
AdaBoostClassifier-p1-tr(8)-sw(2)-lw(60)-fa(0.5)-max(100000) f1 score: 0.5767462094226203 cumulative return: 214370.94256131683
AdaBoostClassifier-p1-tr(8)-sw(2)-lw(60)-fa(0.8)-max(20000) f1 score: 0.5516295591114226 cumulative return: 125627.07512438533
AdaBoostClassifier-p1-tr(8)-sw(2)-lw(60)-fa(0.8)-max(30000) f1 score: 0.4320089618504961 cumulative return: 128330.63264498528
AdaBoostClassifier-p1-tr(8)-sw(2)-lw(60)-fa(0.8)-max(100000) f1 score: 0.631256763289091 cumulative return: 175444.4109932845
AdaBoostClassifier-p1-tr(8)-sw(2)-lw(60)-fa(1)-max(20000) f1 score: 0.5718427375299575 cumulative return: 117064.32713005059
AdaBoostClassifier-p1-tr(8)-sw(2)-lw(60)-fa(1)-max(30000) f1 score: 0.5605005917674162 cumulative return: 136666.60175299685
AdaBoostClassifier-p1-tr(8)-sw(2)-lw(60)-fa(1)-max(100000) f1 score: 0.4974221159946882 cumulative return: 160348.64198876487
AdaBoostClassifier-p1-tr(8)-sw(2)-lw(60)-fa(2)-max(20000) f1 score: -0.14792739066269167 cumulative return: 111075.1019296742
AdaBoostClassifier-p1-tr(8)-sw(2)-lw(60)-fa(2)-max(30000) f1 score: -0.08202281120677357 cumulative return: 113846.33753245129
AdaBoostClassifier-p1-tr(8)-sw(2)-lw(60)-fa(2)-max(100000) f1 score: 0.015820333852154866 cumulative return: 135313.9772945227
AdaBoostClassifier-p1-tr(8)-sw(2)-lw(60)-fa(3)-max(20000) f1 score: -0.7454243181285907 cumulative return: 103313.32315492681
AdaBoostClassifier-p1-tr(8)-sw(2)-lw(60)-fa(3)-max(30000) f1 score: -0.5437172970693678 cumulative return: 103138.37160294605
AdaBoostClassifier-p1-tr(8)-sw(2)-lw(60)-fa(3)-max(100000) f1 score: -0.6403216481659058 cumulative return: 108604.4693420082
AdaBoostClassifier-p1-tr(8)-sw(2)-lw(180)-fa(0.1)-max(20000) f1 score: 0.23243277508117366 cumulative return: 119721.91812971613
AdaBoostClassifier-p1-tr(8)-sw(2)-lw(180)-fa(0.1)-max(30000) f1 score: 0.21884405041721233 cumulative return: 129579.0634973413
AdaBoostClassifier-p1-tr(8)-sw(2)-lw(180)-fa(0.1)-max(100000) f1 score: 0.24615220454046738 cumulative return: 181292.94173583726
AdaBoostClassifier-p1-tr(8)-sw(2)-lw(180)-fa(0.25)-max(20000) f1 score: 0.31840425159526475 cumulative return: 121807.35284686995
AdaBoostClassifier-p1-tr(8)-sw(2)-lw(180)-fa(0.25)-max(30000) f1 score: 0.19417180938352785 cumulative return: 123868.55460110564
AdaBoostClassifier-p1-tr(8)-sw(2)-lw(180)-fa(0.25)-max(100000) f1 score: 0.3432755590199913 cumulative return: 176245.1798063288
AdaBoostClassifier-p1-tr(8)-sw(2)-lw(180)-fa(0.5)-max(20000) f1 score: 0.49442654072356107 cumulative return: 111279.42034202306
AdaBoostClassifier-p1-tr(8)-sw(2)-lw(180)-fa(0.5)-max(30000) f1 score: 0.39848870008280135 cumulative return: 122814.92999592621
AdaBoostClassifier-p1-tr(8)-sw(2)-lw(180)-fa(0.5)-max(100000) f1 score: 0.5855404820876116 cumulative return: 165702.7968927391
AdaBoostClassifier-p1-tr(8)-sw(2)-lw(180)-fa(0.8)-max(20000) f1 score: 0.47663800554908775 cumulative return: 118216.73651769722
AdaBoostClassifier-p1-tr(8)-sw(2)-lw(180)-fa(0.8)-max(30000) f1 score: 0.5197521877278631 cumulative return: 123326.70022480206
AdaBoostClassifier-p1-tr(8)-sw(2)-lw(180)-fa(0.8)-max(100000) f1 score: 0.49255655143395505 cumulative return: 173327.34085547202
AdaBoostClassifier-p1-tr(8)-sw(2)-lw(180)-fa(1)-max(20000) f1 score: 0.34145491289772656 cumulative return: 110785.0672474885
AdaBoostClassifier-p1-tr(8)-sw(2)-lw(180)-fa(1)-max(30000) f1 score: 0.45472877486381025 cumulative return: 120834.53598711063
AdaBoostClassifier-p1-tr(8)-sw(2)-lw(180)-fa(1)-max(100000) f1 score: 0.2327091369294989 cumulative return: 153319.75905735212
AdaBoostClassifier-p1-tr(8)-sw(2)-lw(180)-fa(2)-max(20000) f1 score: -0.31390539019180164 cumulative return: 102437.72774425392
AdaBoostClassifier-p1-tr(8)-sw(2)-lw(180)-fa(2)-max(30000) f1 score: -0.5070340964814379 cumulative return: 106310.33408811768
AdaBoostClassifier-p1-tr(8)-sw(2)-lw(180)-fa(2)-max(100000) f1 score: -0.3457431006939582 cumulative return: 125424.62238341582
AdaBoostClassifier-p1-tr(8)-sw(2)-lw(180)-fa(3)-max(20000) f1 score: -0.9227018915313379 cumulative return: 104215.07202091106
AdaBoostClassifier-p1-tr(8)-sw(2)-lw(180)-fa(3)-max(30000) f1 score: -0.7686684055237989 cumulative return: 97947.41112838857
AdaBoostClassifier-p1-tr(8)-sw(2)-lw(180)-fa(3)-max(100000) f1 score: -0.9029052802952764 cumulative return: 99547.9720108312
AdaBoostClassifier-p1-tr(8)-sw(2)-lw(252)-fa(0.1)-max(20000) f1 score: 0.24948280241075382 cumulative return: 118244.28034229152
AdaBoostClassifier-p1-tr(8)-sw(2)-lw(252)-fa(0.1)-max(30000) f1 score: 0.24317598601082158 cumulative return: 127239.98843654562
AdaBoostClassifier-p1-tr(8)-sw(2)-lw(252)-fa(0.1)-max(100000) f1 score: 0.20020314086029356 cumulative return: 167010.52927747346
AdaBoostClassifier-p1-tr(8)-sw(2)-lw(252)-fa(0.25)-max(20000) f1 score: 0.17487455372495508 cumulative return: 112308.74755410764
AdaBoostClassifier-p1-tr(8)-sw(2)-lw(252)-fa(0.25)-max(30000) f1 score: 0.42555830691907925 cumulative return: 124823.31248274025
AdaBoostClassifier-p1-tr(8)-sw(2)-lw(252)-fa(0.25)-max(100000) f1 score: 0.48030787391614815 cumulative return: 196410.52795869583
AdaBoostClassifier-p1-tr(8)-sw(2)-lw(252)-fa(0.5)-max(20000) f1 score: 0.5862246756438865 cumulative return: 115393.82667140485
AdaBoostClassifier-p1-tr(8)-sw(2)-lw(252)-fa(0.5)-max(30000) f1 score: 0.4498849062784511 cumulative return: 135341.91168952794
AdaBoostClassifier-p1-tr(8)-sw(2)-lw(252)-fa(0.5)-max(100000) f1 score: 0.5518480686413234 cumulative return: 185860.4351840561
AdaBoostClassifier-p1-tr(8)-sw(2)-lw(252)-fa(0.8)-max(20000) f1 score: 0.44165900578322725 cumulative return: 112606.30524234693
AdaBoostClassifier-p1-tr(8)-sw(2)-lw(252)-fa(0.8)-max(30000) f1 score: 0.5537865587428882 cumulative return: 114558.2638956514
AdaBoostClassifier-p1-tr(8)-sw(2)-lw(252)-fa(0.8)-max(100000) f1 score: 0.4490693265408938 cumulative return: 154756.72212192923
AdaBoostClassifier-p1-tr(8)-sw(2)-lw(252)-fa(1)-max(20000) f1 score: 0.40443904000130737 cumulative return: 120261.91617913751
AdaBoostClassifier-p1-tr(8)-sw(2)-lw(252)-fa(1)-max(30000) f1 score: 0.2691886382240831 cumulative return: 124814.84585346666
AdaBoostClassifier-p1-tr(8)-sw(2)-lw(252)-fa(1)-max(100000) f1 score: 0.34336078961366856 cumulative return: 154343.17905304173
AdaBoostClassifier-p1-tr(8)-sw(2)-lw(252)-fa(2)-max(20000) f1 score: -0.16619180599535577 cumulative return: 104202.09203076053
AdaBoostClassifier-p1-tr(8)-sw(2)-lw(252)-fa(2)-max(30000) f1 score: -0.4256631455649842 cumulative return: 110223.81027145976
AdaBoostClassifier-p1-tr(8)-sw(2)-lw(252)-fa(2)-max(100000) f1 score: -0.0986377068224531 cumulative return: 111966.92659829758
AdaBoostClassifier-p1-tr(8)-sw(2)-lw(252)-fa(3)-max(20000) f1 score: -0.9756659792245854 cumulative return: 102470.40685731804
AdaBoostClassifier-p1-tr(8)-sw(2)-lw(252)-fa(3)-max(30000) f1 score: -0.8585833580708928 cumulative return: 102146.16121316592
AdaBoostClassifier-p1-tr(8)-sw(2)-lw(252)-fa(3)-max(100000) f1 score: -0.8982004112386632 cumulative return: 102925.76171727429
AdaBoostClassifier-p1-tr(8)-sw(3)-lw(24)-fa(0.1)-max(20000) f1 score: 0.0650469001319749 cumulative return: 111756.3871443899
AdaBoostClassifier-p1-tr(8)-sw(3)-lw(24)-fa(0.1)-max(30000) f1 score: 0.09782205378633191 cumulative return: 117283.56105980402
AdaBoostClassifier-p1-tr(8)-sw(3)-lw(24)-fa(0.1)-max(100000) f1 score: -0.026616944891536765 cumulative return: 160544.6759931977
AdaBoostClassifier-p1-tr(8)-sw(3)-lw(24)-fa(0.25)-max(20000) f1 score: 0.4750869378070892 cumulative return: 129262.23998677496
AdaBoostClassifier-p1-tr(8)-sw(3)-lw(24)-fa(0.25)-max(30000) f1 score: 0.45418101817305856 cumulative return: 135315.7850213102
AdaBoostClassifier-p1-tr(8)-sw(3)-lw(24)-fa(0.25)-max(100000) f1 score: 0.2858285733662407 cumulative return: 187108.6285186034
AdaBoostClassifier-p1-tr(8)-sw(3)-lw(24)-fa(0.5)-max(20000) f1 score: 0.4259599154770355 cumulative return: 120077.49285958201
AdaBoostClassifier-p1-tr(8)-sw(3)-lw(24)-fa(0.5)-max(30000) f1 score: 0.3673265813356753 cumulative return: 132993.59386238793
AdaBoostClassifier-p1-tr(8)-sw(3)-lw(24)-fa(0.5)-max(100000) f1 score: 0.18941123745528476 cumulative return: 165165.67276574858
AdaBoostClassifier-p1-tr(8)-sw(3)-lw(24)-fa(0.8)-max(20000) f1 score: 0.4699704609281996 cumulative return: 115883.2896166691
AdaBoostClassifier-p1-tr(8)-sw(3)-lw(24)-fa(0.8)-max(30000) f1 score: 0.5086851307196567 cumulative return: 132130.5174375613
AdaBoostClassifier-p1-tr(8)-sw(3)-lw(24)-fa(0.8)-max(100000) f1 score: 0.5883611366202494 cumulative return: 190064.81328238687
AdaBoostClassifier-p1-tr(8)-sw(3)-lw(24)-fa(1)-max(20000) f1 score: 0.6259822817802227 cumulative return: 127513.35016508248
AdaBoostClassifier-p1-tr(8)-sw(3)-lw(24)-fa(1)-max(30000) f1 score: 0.6181868506382407 cumulative return: 132814.03020599898
AdaBoostClassifier-p1-tr(8)-sw(3)-lw(24)-fa(1)-max(100000) f1 score: 0.5723115043326032 cumulative return: 175318.51712239988
AdaBoostClassifier-p1-tr(8)-sw(3)-lw(24)-fa(2)-max(20000) f1 score: 0.3590748472140337 cumulative return: 103326.69987133189
AdaBoostClassifier-p1-tr(8)-sw(3)-lw(24)-fa(2)-max(30000) f1 score: 0.375505522631032 cumulative return: 112279.56817160813
AdaBoostClassifier-p1-tr(8)-sw(3)-lw(24)-fa(2)-max(100000) f1 score: 0.4403501068988015 cumulative return: 147251.79423830437
AdaBoostClassifier-p1-tr(8)-sw(3)-lw(24)-fa(3)-max(20000) f1 score: -0.5664160718608033 cumulative return: 94937.15871865061
AdaBoostClassifier-p1-tr(8)-sw(3)-lw(24)-fa(3)-max(30000) f1 score: -0.41093299101248615 cumulative return: 101232.844488043
AdaBoostClassifier-p1-tr(8)-sw(3)-lw(24)-fa(3)-max(100000) f1 score: -0.4544151528381928 cumulative return: 107841.43312384709
AdaBoostClassifier-p1-tr(8)-sw(3)-lw(42)-fa(0.1)-max(20000) f1 score: 0.1000800167808884 cumulative return: 110809.01470397625
AdaBoostClassifier-p1-tr(8)-sw(3)-lw(42)-fa(0.1)-max(30000) f1 score: 0.21809166100670974 cumulative return: 132425.70445206377
AdaBoostClassifier-p1-tr(8)-sw(3)-lw(42)-fa(0.1)-max(100000) f1 score: 0.29624731678864125 cumulative return: 173191.28885990905
AdaBoostClassifier-p1-tr(8)-sw(3)-lw(42)-fa(0.25)-max(20000) f1 score: 0.3081293641064633 cumulative return: 123110.27586897726
AdaBoostClassifier-p1-tr(8)-sw(3)-lw(42)-fa(0.25)-max(30000) f1 score: 0.20311430165218325 cumulative return: 126495.83604804301
AdaBoostClassifier-p1-tr(8)-sw(3)-lw(42)-fa(0.25)-max(100000) f1 score: 0.16685063577350134 cumulative return: 169521.18428109022
AdaBoostClassifier-p1-tr(8)-sw(3)-lw(42)-fa(0.5)-max(20000) f1 score: 0.3419219445263746 cumulative return: 114687.30195630033
AdaBoostClassifier-p1-tr(8)-sw(3)-lw(42)-fa(0.5)-max(30000) f1 score: 0.49173267891068373 cumulative return: 123799.01613899956
AdaBoostClassifier-p1-tr(8)-sw(3)-lw(42)-fa(0.5)-max(100000) f1 score: 0.3837670640211164 cumulative return: 192009.39457226876
AdaBoostClassifier-p1-tr(8)-sw(3)-lw(42)-fa(0.8)-max(20000) f1 score: 0.5183187190746453 cumulative return: 122759.7230838516
AdaBoostClassifier-p1-tr(8)-sw(3)-lw(42)-fa(0.8)-max(30000) f1 score: 0.5792099617589757 cumulative return: 127937.98652726544
AdaBoostClassifier-p1-tr(8)-sw(3)-lw(42)-fa(0.8)-max(100000) f1 score: 0.5958280122040166 cumulative return: 194933.35061943688
AdaBoostClassifier-p1-tr(8)-sw(3)-lw(42)-fa(1)-max(20000) f1 score: 0.5083482439258804 cumulative return: 120842.24659306977
AdaBoostClassifier-p1-tr(8)-sw(3)-lw(42)-fa(1)-max(30000) f1 score: 0.556393944859527 cumulative return: 132852.11331037566
AdaBoostClassifier-p1-tr(8)-sw(3)-lw(42)-fa(1)-max(100000) f1 score: 0.5051515753145673 cumulative return: 173447.27433633932
AdaBoostClassifier-p1-tr(8)-sw(3)-lw(42)-fa(2)-max(20000) f1 score: 0.147390381164899 cumulative return: 107544.20057421034
AdaBoostClassifier-p1-tr(8)-sw(3)-lw(42)-fa(2)-max(30000) f1 score: 0.023904830411803912 cumulative return: 104248.02366993493
AdaBoostClassifier-p1-tr(8)-sw(3)-lw(42)-fa(2)-max(100000) f1 score: 0.3032438113496797 cumulative return: 146468.65239700425
AdaBoostClassifier-p1-tr(8)-sw(3)-lw(42)-fa(3)-max(20000) f1 score: -0.6607612777129552 cumulative return: 103577.70848603039
AdaBoostClassifier-p1-tr(8)-sw(3)-lw(42)-fa(3)-max(30000) f1 score: -0.6926772906447765 cumulative return: 105633.19407145119
AdaBoostClassifier-p1-tr(8)-sw(3)-lw(42)-fa(3)-max(100000) f1 score: -0.5936209080507344 cumulative return: 108203.97860655455
AdaBoostClassifier-p1-tr(8)-sw(3)-lw(60)-fa(0.1)-max(20000) f1 score: 0.279179338975976 cumulative return: 118235.43804074402
AdaBoostClassifier-p1-tr(8)-sw(3)-lw(60)-fa(0.1)-max(30000) f1 score: 0.24098480324500482 cumulative return: 124705.9198441355
AdaBoostClassifier-p1-tr(8)-sw(3)-lw(60)-fa(0.1)-max(100000) f1 score: 0.25856450377080464 cumulative return: 183441.0175822376
AdaBoostClassifier-p1-tr(8)-sw(3)-lw(60)-fa(0.25)-max(20000) f1 score: 0.24461597876761088 cumulative return: 110064.88559891173
AdaBoostClassifier-p1-tr(8)-sw(3)-lw(60)-fa(0.25)-max(30000) f1 score: 0.36436330840702835 cumulative return: 131661.3455679172
AdaBoostClassifier-p1-tr(8)-sw(3)-lw(60)-fa(0.25)-max(100000) f1 score: 0.3232536183251006 cumulative return: 195906.3613257868
AdaBoostClassifier-p1-tr(8)-sw(3)-lw(60)-fa(0.5)-max(20000) f1 score: 0.4771885371320832 cumulative return: 124720.35961415483
AdaBoostClassifier-p1-tr(8)-sw(3)-lw(60)-fa(0.5)-max(30000) f1 score: 0.49982730788386087 cumulative return: 132556.2747139669
AdaBoostClassifier-p1-tr(8)-sw(3)-lw(60)-fa(0.5)-max(100000) f1 score: 0.46360393230878905 cumulative return: 206075.5309865466
AdaBoostClassifier-p1-tr(8)-sw(3)-lw(60)-fa(0.8)-max(20000) f1 score: 0.5092527687931481 cumulative return: 118882.81282491577
AdaBoostClassifier-p1-tr(8)-sw(3)-lw(60)-fa(0.8)-max(30000) f1 score: 0.5587978970363223 cumulative return: 124028.76956884896
AdaBoostClassifier-p1-tr(8)-sw(3)-lw(60)-fa(0.8)-max(100000) f1 score: 0.5730733145895672 cumulative return: 178466.8007406763
AdaBoostClassifier-p1-tr(8)-sw(3)-lw(60)-fa(1)-max(20000) f1 score: 0.5259275962155158 cumulative return: 115766.92799640897
AdaBoostClassifier-p1-tr(8)-sw(3)-lw(60)-fa(1)-max(30000) f1 score: 0.47639598310447806 cumulative return: 125051.75097189212
AdaBoostClassifier-p1-tr(8)-sw(3)-lw(60)-fa(1)-max(100000) f1 score: 0.47862930847077223 cumulative return: 152970.40372245508
AdaBoostClassifier-p1-tr(8)-sw(3)-lw(60)-fa(2)-max(20000) f1 score: -0.2185003477112466 cumulative return: 108742.82925807933
AdaBoostClassifier-p1-tr(8)-sw(3)-lw(60)-fa(2)-max(30000) f1 score: -0.09401164396555473 cumulative return: 112788.24475934364
AdaBoostClassifier-p1-tr(8)-sw(3)-lw(60)-fa(2)-max(100000) f1 score: -0.16314488074176992 cumulative return: 146947.67843191396
AdaBoostClassifier-p1-tr(8)-sw(3)-lw(60)-fa(3)-max(20000) f1 score: -0.6736620691845783 cumulative return: 103022.1419740869
AdaBoostClassifier-p1-tr(8)-sw(3)-lw(60)-fa(3)-max(30000) f1 score: -0.744030176172654 cumulative return: 109249.76652341473
AdaBoostClassifier-p1-tr(8)-sw(3)-lw(60)-fa(3)-max(100000) f1 score: -0.6338035597771334 cumulative return: 114560.94355858883
AdaBoostClassifier-p1-tr(8)-sw(3)-lw(180)-fa(0.1)-max(20000) f1 score: 0.24114172908331666 cumulative return: 114112.43104939762
AdaBoostClassifier-p1-tr(8)-sw(3)-lw(180)-fa(0.1)-max(30000) f1 score: 0.2246546715487603 cumulative return: 128596.08418347889
AdaBoostClassifier-p1-tr(8)-sw(3)-lw(180)-fa(0.1)-max(100000) f1 score: 0.25361501055629965 cumulative return: 169649.37769105862
AdaBoostClassifier-p1-tr(8)-sw(3)-lw(180)-fa(0.25)-max(20000) f1 score: 0.2834799756884405 cumulative return: 115395.96564893711
AdaBoostClassifier-p1-tr(8)-sw(3)-lw(180)-fa(0.25)-max(30000) f1 score: 0.34244888353434755 cumulative return: 121311.82823573545
AdaBoostClassifier-p1-tr(8)-sw(3)-lw(180)-fa(0.25)-max(100000) f1 score: 0.26621009292365394 cumulative return: 172019.18440890269
AdaBoostClassifier-p1-tr(8)-sw(3)-lw(180)-fa(0.5)-max(20000) f1 score: 0.5101253104549248 cumulative return: 121051.8576957781
AdaBoostClassifier-p1-tr(8)-sw(3)-lw(180)-fa(0.5)-max(30000) f1 score: 0.6070702375907697 cumulative return: 132026.74796067484
AdaBoostClassifier-p1-tr(8)-sw(3)-lw(180)-fa(0.5)-max(100000) f1 score: 0.5601181656341858 cumulative return: 182094.62516430585
AdaBoostClassifier-p1-tr(8)-sw(3)-lw(180)-fa(0.8)-max(20000) f1 score: 0.556704968809061 cumulative return: 123289.21360313875
AdaBoostClassifier-p1-tr(8)-sw(3)-lw(180)-fa(0.8)-max(30000) f1 score: 0.35160621722423135 cumulative return: 127062.31884485456
AdaBoostClassifier-p1-tr(8)-sw(3)-lw(180)-fa(0.8)-max(100000) f1 score: 0.41700144213924384 cumulative return: 176672.17623318048
AdaBoostClassifier-p1-tr(8)-sw(3)-lw(180)-fa(1)-max(20000) f1 score: 0.41804649939156335 cumulative return: 113714.17320493044
AdaBoostClassifier-p1-tr(8)-sw(3)-lw(180)-fa(1)-max(30000) f1 score: 0.37506703881094117 cumulative return: 119168.46263120319
AdaBoostClassifier-p1-tr(8)-sw(3)-lw(180)-fa(1)-max(100000) f1 score: 0.3430544264483685 cumulative return: 165172.28023406595
AdaBoostClassifier-p1-tr(8)-sw(3)-lw(180)-fa(2)-max(20000) f1 score: -0.32799458556432226 cumulative return: 103440.93252327325
AdaBoostClassifier-p1-tr(8)-sw(3)-lw(180)-fa(2)-max(30000) f1 score: -0.5076609025967471 cumulative return: 110265.99759875798
AdaBoostClassifier-p1-tr(8)-sw(3)-lw(180)-fa(2)-max(100000) f1 score: -0.37264706531553005 cumulative return: 114581.07657855532
AdaBoostClassifier-p1-tr(8)-sw(3)-lw(180)-fa(3)-max(20000) f1 score: -0.8613517878335402 cumulative return: 100044.97432348899
AdaBoostClassifier-p1-tr(8)-sw(3)-lw(180)-fa(3)-max(30000) f1 score: -0.9414600459521973 cumulative return: 103186.69776361228
AdaBoostClassifier-p1-tr(8)-sw(3)-lw(180)-fa(3)-max(100000) f1 score: -0.9435659037520239 cumulative return: 107893.68709645167
AdaBoostClassifier-p1-tr(8)-sw(3)-lw(252)-fa(0.1)-max(20000) f1 score: 0.1956578538555589 cumulative return: 113660.91313353748
AdaBoostClassifier-p1-tr(8)-sw(3)-lw(252)-fa(0.1)-max(30000) f1 score: 0.18598210030071605 cumulative return: 118650.05748494103
AdaBoostClassifier-p1-tr(8)-sw(3)-lw(252)-fa(0.1)-max(100000) f1 score: 0.10686921455922693 cumulative return: 169414.0860352823
AdaBoostClassifier-p1-tr(8)-sw(3)-lw(252)-fa(0.25)-max(20000) f1 score: 0.2623917260757811 cumulative return: 116528.9194523769
AdaBoostClassifier-p1-tr(8)-sw(3)-lw(252)-fa(0.25)-max(30000) f1 score: 0.21986234617456812 cumulative return: 126508.46658849555
AdaBoostClassifier-p1-tr(8)-sw(3)-lw(252)-fa(0.25)-max(100000) f1 score: 0.5423146814276973 cumulative return: 205505.1027512204
AdaBoostClassifier-p1-tr(8)-sw(3)-lw(252)-fa(0.5)-max(20000) f1 score: 0.38917886284983005 cumulative return: 110882.06477476779
AdaBoostClassifier-p1-tr(8)-sw(3)-lw(252)-fa(0.5)-max(30000) f1 score: 0.43480222580159655 cumulative return: 123434.48232626476
AdaBoostClassifier-p1-tr(8)-sw(3)-lw(252)-fa(0.5)-max(100000) f1 score: 0.6198421897909062 cumulative return: 176425.06754638866
AdaBoostClassifier-p1-tr(8)-sw(3)-lw(252)-fa(0.8)-max(20000) f1 score: 0.4775160926211931 cumulative return: 120389.22156324542
AdaBoostClassifier-p1-tr(8)-sw(3)-lw(252)-fa(0.8)-max(30000) f1 score: 0.44017587583755136 cumulative return: 121080.94947857248
AdaBoostClassifier-p1-tr(8)-sw(3)-lw(252)-fa(0.8)-max(100000) f1 score: 0.5139354139364257 cumulative return: 181644.94451311236
AdaBoostClassifier-p1-tr(8)-sw(3)-lw(252)-fa(1)-max(20000) f1 score: 0.5063609361454393 cumulative return: 111254.53917891136
AdaBoostClassifier-p1-tr(8)-sw(3)-lw(252)-fa(1)-max(30000) f1 score: 0.3215823774018379 cumulative return: 119898.33847013509
AdaBoostClassifier-p1-tr(8)-sw(3)-lw(252)-fa(1)-max(100000) f1 score: 0.3051843546874 cumulative return: 177440.72376718593
AdaBoostClassifier-p1-tr(8)-sw(3)-lw(252)-fa(2)-max(20000) f1 score: -0.23423544003982943 cumulative return: 104332.59558203779
AdaBoostClassifier-p1-tr(8)-sw(3)-lw(252)-fa(2)-max(30000) f1 score: -0.37598004269437 cumulative return: 105222.10084645134
AdaBoostClassifier-p1-tr(8)-sw(3)-lw(252)-fa(2)-max(100000) f1 score: -0.47948467153461527 cumulative return: 117369.34368036744
AdaBoostClassifier-p1-tr(8)-sw(3)-lw(252)-fa(3)-max(20000) f1 score: -0.9273178747151909 cumulative return: 99647.7156355144
AdaBoostClassifier-p1-tr(8)-sw(3)-lw(252)-fa(3)-max(30000) f1 score: -0.8526772017271318 cumulative return: 103001.62330212707
AdaBoostClassifier-p1-tr(8)-sw(3)-lw(252)-fa(3)-max(100000) f1 score: -0.8158777790142155 cumulative return: 103320.14563131132
AdaBoostClassifier-p1-tr(8)-sw(4)-lw(24)-fa(0.1)-max(20000) f1 score: -0.0008094219535073055 cumulative return: 110036.05454492552
AdaBoostClassifier-p1-tr(8)-sw(4)-lw(24)-fa(0.1)-max(30000) f1 score: 0.19577551334434107 cumulative return: 123898.3932358323
AdaBoostClassifier-p1-tr(8)-sw(4)-lw(24)-fa(0.1)-max(100000) f1 score: 0.17877882653559984 cumulative return: 176544.88768680795
AdaBoostClassifier-p1-tr(8)-sw(4)-lw(24)-fa(0.25)-max(20000) f1 score: 0.23746353143914267 cumulative return: 116481.44391444956
AdaBoostClassifier-p1-tr(8)-sw(4)-lw(24)-fa(0.25)-max(30000) f1 score: 0.3930768781701295 cumulative return: 137925.16853592085
AdaBoostClassifier-p1-tr(8)-sw(4)-lw(24)-fa(0.25)-max(100000) f1 score: 0.4104963164625285 cumulative return: 203912.0189624048
AdaBoostClassifier-p1-tr(8)-sw(4)-lw(24)-fa(0.5)-max(20000) f1 score: 0.4201369160095565 cumulative return: 117352.87996003244
AdaBoostClassifier-p1-tr(8)-sw(4)-lw(24)-fa(0.5)-max(30000) f1 score: 0.38769582871763664 cumulative return: 139140.2455895449
AdaBoostClassifier-p1-tr(8)-sw(4)-lw(24)-fa(0.5)-max(100000) f1 score: 0.3762752091331929 cumulative return: 180386.0493055928
AdaBoostClassifier-p1-tr(8)-sw(4)-lw(24)-fa(0.8)-max(20000) f1 score: 0.3489176424758219 cumulative return: 116787.39146391471
AdaBoostClassifier-p1-tr(8)-sw(4)-lw(24)-fa(0.8)-max(30000) f1 score: 0.412182630291403 cumulative return: 126161.68296904776
AdaBoostClassifier-p1-tr(8)-sw(4)-lw(24)-fa(0.8)-max(100000) f1 score: 0.5459666126654279 cumulative return: 193503.08857151918
AdaBoostClassifier-p1-tr(8)-sw(4)-lw(24)-fa(1)-max(20000) f1 score: 0.5723257744180341 cumulative return: 122569.02551382482
AdaBoostClassifier-p1-tr(8)-sw(4)-lw(24)-fa(1)-max(30000) f1 score: 0.6798011593219494 cumulative return: 132059.50787175988
AdaBoostClassifier-p1-tr(8)-sw(4)-lw(24)-fa(1)-max(100000) f1 score: 0.5481189793541594 cumulative return: 184945.08928823896
AdaBoostClassifier-p1-tr(8)-sw(4)-lw(24)-fa(2)-max(20000) f1 score: 0.392724204713812 cumulative return: 107411.09173125325
AdaBoostClassifier-p1-tr(8)-sw(4)-lw(24)-fa(2)-max(30000) f1 score: 0.40888404593203753 cumulative return: 106405.40703918689
AdaBoostClassifier-p1-tr(8)-sw(4)-lw(24)-fa(2)-max(100000) f1 score: 0.34178557118603725 cumulative return: 148745.47715301218
AdaBoostClassifier-p1-tr(8)-sw(4)-lw(24)-fa(3)-max(20000) f1 score: -0.4832710217829814 cumulative return: 102882.01741818865
AdaBoostClassifier-p1-tr(8)-sw(4)-lw(24)-fa(3)-max(30000) f1 score: -0.5980473989580555 cumulative return: 97448.73062723031
AdaBoostClassifier-p1-tr(8)-sw(4)-lw(24)-fa(3)-max(100000) f1 score: -0.6087031810468309 cumulative return: 102299.92065423299
AdaBoostClassifier-p1-tr(8)-sw(4)-lw(42)-fa(0.1)-max(20000) f1 score: 0.24276923366688896 cumulative return: 122480.05041049501
AdaBoostClassifier-p1-tr(8)-sw(4)-lw(42)-fa(0.1)-max(30000) f1 score: 0.2038182507642773 cumulative return: 133360.44459596754
AdaBoostClassifier-p1-tr(8)-sw(4)-lw(42)-fa(0.1)-max(100000) f1 score: 0.26379468819648333 cumulative return: 177988.3958287969
AdaBoostClassifier-p1-tr(8)-sw(4)-lw(42)-fa(0.25)-max(20000) f1 score: 0.20732567578812788 cumulative return: 113892.00729914001
AdaBoostClassifier-p1-tr(8)-sw(4)-lw(42)-fa(0.25)-max(30000) f1 score: 0.42217896779161657 cumulative return: 137444.12379404146
AdaBoostClassifier-p1-tr(8)-sw(4)-lw(42)-fa(0.25)-max(100000) f1 score: 0.322473081309699 cumulative return: 182176.7447016368
AdaBoostClassifier-p1-tr(8)-sw(4)-lw(42)-fa(0.5)-max(20000) f1 score: 0.3201413441904575 cumulative return: 117315.5453013216
AdaBoostClassifier-p1-tr(8)-sw(4)-lw(42)-fa(0.5)-max(30000) f1 score: 0.289705047620213 cumulative return: 123945.87511719721
AdaBoostClassifier-p1-tr(8)-sw(4)-lw(42)-fa(0.5)-max(100000) f1 score: 0.2427619355641465 cumulative return: 169474.19902812754
AdaBoostClassifier-p1-tr(8)-sw(4)-lw(42)-fa(0.8)-max(20000) f1 score: 0.6045656678527779 cumulative return: 123054.59828099344
AdaBoostClassifier-p1-tr(8)-sw(4)-lw(42)-fa(0.8)-max(30000) f1 score: 0.6682605984522773 cumulative return: 138643.55923931889
AdaBoostClassifier-p1-tr(8)-sw(4)-lw(42)-fa(0.8)-max(100000) f1 score: 0.42266042053982933 cumulative return: 169859.0473537157
AdaBoostClassifier-p1-tr(8)-sw(4)-lw(42)-fa(1)-max(20000) f1 score: 0.5973739821294319 cumulative return: 126982.0301654293
AdaBoostClassifier-p1-tr(8)-sw(4)-lw(42)-fa(1)-max(30000) f1 score: 0.6204869960554877 cumulative return: 125968.73383269776
AdaBoostClassifier-p1-tr(8)-sw(4)-lw(42)-fa(1)-max(100000) f1 score: 0.5387054868791353 cumulative return: 195943.2959415437
AdaBoostClassifier-p1-tr(8)-sw(4)-lw(42)-fa(2)-max(20000) f1 score: -0.0676901339837368 cumulative return: 107172.5967784041
AdaBoostClassifier-p1-tr(8)-sw(4)-lw(42)-fa(2)-max(30000) f1 score: 0.18250100266376634 cumulative return: 109816.14888040998
AdaBoostClassifier-p1-tr(8)-sw(4)-lw(42)-fa(2)-max(100000) f1 score: 0.035325220815870195 cumulative return: 140995.31823121
AdaBoostClassifier-p1-tr(8)-sw(4)-lw(42)-fa(3)-max(20000) f1 score: -0.6658744815110018 cumulative return: 103416.55519977072
AdaBoostClassifier-p1-tr(8)-sw(4)-lw(42)-fa(3)-max(30000) f1 score: -0.7098318299354891 cumulative return: 106530.55215538046
AdaBoostClassifier-p1-tr(8)-sw(4)-lw(42)-fa(3)-max(100000) f1 score: -0.7198520821924888 cumulative return: 110349.6677871845
AdaBoostClassifier-p1-tr(8)-sw(4)-lw(60)-fa(0.1)-max(20000) f1 score: 0.3142274790447477 cumulative return: 126377.9078745422
AdaBoostClassifier-p1-tr(8)-sw(4)-lw(60)-fa(0.1)-max(30000) f1 score: 0.26258720706557515 cumulative return: 134318.39862677624
AdaBoostClassifier-p1-tr(8)-sw(4)-lw(60)-fa(0.1)-max(100000) f1 score: 0.40426453058203293 cumulative return: 203874.39098075888
AdaBoostClassifier-p1-tr(8)-sw(4)-lw(60)-fa(0.25)-max(20000) f1 score: 0.36482349797795277 cumulative return: 121537.0298671004
AdaBoostClassifier-p1-tr(8)-sw(4)-lw(60)-fa(0.25)-max(30000) f1 score: 0.09931038245272816 cumulative return: 124838.64121963724
AdaBoostClassifier-p1-tr(8)-sw(4)-lw(60)-fa(0.25)-max(100000) f1 score: 0.21252147610705896 cumulative return: 173134.61658182245
AdaBoostClassifier-p1-tr(8)-sw(4)-lw(60)-fa(0.5)-max(20000) f1 score: 0.4792879506124673 cumulative return: 122113.46674072421
AdaBoostClassifier-p1-tr(8)-sw(4)-lw(60)-fa(0.5)-max(30000) f1 score: 0.38158048356222296 cumulative return: 126277.93845144185
AdaBoostClassifier-p1-tr(8)-sw(4)-lw(60)-fa(0.5)-max(100000) f1 score: 0.31379872529049635 cumulative return: 166417.41066901898
AdaBoostClassifier-p1-tr(8)-sw(4)-lw(60)-fa(0.8)-max(20000) f1 score: 0.5534565387738493 cumulative return: 119248.38081906045
AdaBoostClassifier-p1-tr(8)-sw(4)-lw(60)-fa(0.8)-max(30000) f1 score: 0.509416818052879 cumulative return: 133041.73570567946
AdaBoostClassifier-p1-tr(8)-sw(4)-lw(60)-fa(0.8)-max(100000) f1 score: 0.48887501815920276 cumulative return: 173102.97857794646
AdaBoostClassifier-p1-tr(8)-sw(4)-lw(60)-fa(1)-max(20000) f1 score: 0.6283625397608634 cumulative return: 120001.90877663036
AdaBoostClassifier-p1-tr(8)-sw(4)-lw(60)-fa(1)-max(30000) f1 score: 0.5297587619039976 cumulative return: 122703.37691055652
AdaBoostClassifier-p1-tr(8)-sw(4)-lw(60)-fa(1)-max(100000) f1 score: 0.5515205951071921 cumulative return: 167990.59751159482
AdaBoostClassifier-p1-tr(8)-sw(4)-lw(60)-fa(2)-max(20000) f1 score: -0.18229933127989284 cumulative return: 108810.07726712189
AdaBoostClassifier-p1-tr(8)-sw(4)-lw(60)-fa(2)-max(30000) f1 score: -0.13584586450672997 cumulative return: 110427.86278376888
AdaBoostClassifier-p1-tr(8)-sw(4)-lw(60)-fa(2)-max(100000) f1 score: -0.13180087614566993 cumulative return: 145849.5028666713
AdaBoostClassifier-p1-tr(8)-sw(4)-lw(60)-fa(3)-max(20000) f1 score: -0.547596969924107 cumulative return: 106952.25878236115
AdaBoostClassifier-p1-tr(8)-sw(4)-lw(60)-fa(3)-max(30000) f1 score: -0.2607473880424329 cumulative return: 105904.05748939613
AdaBoostClassifier-p1-tr(8)-sw(4)-lw(60)-fa(3)-max(100000) f1 score: -0.48731954033773883 cumulative return: 107852.95117727944
AdaBoostClassifier-p1-tr(8)-sw(4)-lw(180)-fa(0.1)-max(20000) f1 score: 0.27310657388398196 cumulative return: 115609.54333797918
AdaBoostClassifier-p1-tr(8)-sw(4)-lw(180)-fa(0.1)-max(30000) f1 score: 0.22040983723498142 cumulative return: 119284.09160022589
AdaBoostClassifier-p1-tr(8)-sw(4)-lw(180)-fa(0.1)-max(100000) f1 score: 0.16863730265500543 cumulative return: 152892.175480694
AdaBoostClassifier-p1-tr(8)-sw(4)-lw(180)-fa(0.25)-max(20000) f1 score: 0.45034747761697025 cumulative return: 128522.36003147346
AdaBoostClassifier-p1-tr(8)-sw(4)-lw(180)-fa(0.25)-max(30000) f1 score: 0.16708212522332744 cumulative return: 125425.9316677554
AdaBoostClassifier-p1-tr(8)-sw(4)-lw(180)-fa(0.25)-max(100000) f1 score: 0.29742707615665775 cumulative return: 175099.28414321475
AdaBoostClassifier-p1-tr(8)-sw(4)-lw(180)-fa(0.5)-max(20000) f1 score: 0.5368017875117935 cumulative return: 112510.26688596923
AdaBoostClassifier-p1-tr(8)-sw(4)-lw(180)-fa(0.5)-max(30000) f1 score: 0.40664324411757813 cumulative return: 120337.06792143919
AdaBoostClassifier-p1-tr(8)-sw(4)-lw(180)-fa(0.5)-max(100000) f1 score: 0.6151345101945195 cumulative return: 182061.63244479802
AdaBoostClassifier-p1-tr(8)-sw(4)-lw(180)-fa(0.8)-max(20000) f1 score: 0.4549770132828843 cumulative return: 114249.60546887523
AdaBoostClassifier-p1-tr(8)-sw(4)-lw(180)-fa(0.8)-max(30000) f1 score: 0.4476109785760467 cumulative return: 118349.39489345285
AdaBoostClassifier-p1-tr(8)-sw(4)-lw(180)-fa(0.8)-max(100000) f1 score: 0.532949652336445 cumulative return: 163313.60990331613
AdaBoostClassifier-p1-tr(8)-sw(4)-lw(180)-fa(1)-max(20000) f1 score: 0.5097889050388724 cumulative return: 114052.9660918226
AdaBoostClassifier-p1-tr(8)-sw(4)-lw(180)-fa(1)-max(30000) f1 score: 0.3071325622767651 cumulative return: 119136.50426894079
AdaBoostClassifier-p1-tr(8)-sw(4)-lw(180)-fa(1)-max(100000) f1 score: 0.43036619590419245 cumulative return: 174088.18546685303
AdaBoostClassifier-p1-tr(8)-sw(4)-lw(180)-fa(2)-max(20000) f1 score: 0.036882141029251914 cumulative return: 103512.7943041909
AdaBoostClassifier-p1-tr(8)-sw(4)-lw(180)-fa(2)-max(30000) f1 score: -0.3905266477130742 cumulative return: 102882.43600871158
AdaBoostClassifier-p1-tr(8)-sw(4)-lw(180)-fa(2)-max(100000) f1 score: -0.2944546841128859 cumulative return: 122195.49097166945
AdaBoostClassifier-p1-tr(8)-sw(4)-lw(180)-fa(3)-max(20000) f1 score: -0.916198085193763 cumulative return: 101206.5910851595
AdaBoostClassifier-p1-tr(8)-sw(4)-lw(180)-fa(3)-max(30000) f1 score: -0.870365799508265 cumulative return: 100881.47261599932
AdaBoostClassifier-p1-tr(8)-sw(4)-lw(180)-fa(3)-max(100000) f1 score: -0.9476389215071233 cumulative return: 102322.37521288951
AdaBoostClassifier-p1-tr(8)-sw(4)-lw(252)-fa(0.1)-max(20000) f1 score: 0.2334593420687694 cumulative return: 125775.43519251954
AdaBoostClassifier-p1-tr(8)-sw(4)-lw(252)-fa(0.1)-max(30000) f1 score: 0.22789201161517636 cumulative return: 121587.78695142287
AdaBoostClassifier-p1-tr(8)-sw(4)-lw(252)-fa(0.1)-max(100000) f1 score: 0.21366405046042047 cumulative return: 175943.19436209288
AdaBoostClassifier-p1-tr(8)-sw(4)-lw(252)-fa(0.25)-max(20000) f1 score: 0.3405265876331982 cumulative return: 116418.04564918873
AdaBoostClassifier-p1-tr(8)-sw(4)-lw(252)-fa(0.25)-max(30000) f1 score: 0.4091787353048588 cumulative return: 128631.21915457388
AdaBoostClassifier-p1-tr(8)-sw(4)-lw(252)-fa(0.25)-max(100000) f1 score: 0.5150609161500366 cumulative return: 186009.57852289645
AdaBoostClassifier-p1-tr(8)-sw(4)-lw(252)-fa(0.5)-max(20000) f1 score: 0.4905319550646392 cumulative return: 125129.43409718898
AdaBoostClassifier-p1-tr(8)-sw(4)-lw(252)-fa(0.5)-max(30000) f1 score: 0.5049605421048492 cumulative return: 134453.45658348486
AdaBoostClassifier-p1-tr(8)-sw(4)-lw(252)-fa(0.5)-max(100000) f1 score: 0.5653288993440578 cumulative return: 193788.83671002922
AdaBoostClassifier-p1-tr(8)-sw(4)-lw(252)-fa(0.8)-max(20000) f1 score: 0.4440579531256983 cumulative return: 117031.96186367299
AdaBoostClassifier-p1-tr(8)-sw(4)-lw(252)-fa(0.8)-max(30000) f1 score: 0.40864535482151243 cumulative return: 124891.52316120741
AdaBoostClassifier-p1-tr(8)-sw(4)-lw(252)-fa(0.8)-max(100000) f1 score: 0.4848073794536475 cumulative return: 169941.9251474026
AdaBoostClassifier-p1-tr(8)-sw(4)-lw(252)-fa(1)-max(20000) f1 score: 0.5306482323110521 cumulative return: 116057.06139823177
AdaBoostClassifier-p1-tr(8)-sw(4)-lw(252)-fa(1)-max(30000) f1 score: 0.3975238761477635 cumulative return: 114006.76206822999
AdaBoostClassifier-p1-tr(8)-sw(4)-lw(252)-fa(1)-max(100000) f1 score: 0.367417226013095 cumulative return: 164341.08287847365
AdaBoostClassifier-p1-tr(8)-sw(4)-lw(252)-fa(2)-max(20000) f1 score: -0.5936166104717389 cumulative return: 100735.01078622289
AdaBoostClassifier-p1-tr(8)-sw(4)-lw(252)-fa(2)-max(30000) f1 score: -0.22619444374878972 cumulative return: 108464.1765691337
AdaBoostClassifier-p1-tr(8)-sw(4)-lw(252)-fa(2)-max(100000) f1 score: -0.18700637409847198 cumulative return: 117235.1593348405
AdaBoostClassifier-p1-tr(8)-sw(4)-lw(252)-fa(3)-max(20000) f1 score: -0.41724627157316196 cumulative return: 100728.44299379822
AdaBoostClassifier-p1-tr(8)-sw(4)-lw(252)-fa(3)-max(30000) f1 score: -0.8030683396102565 cumulative return: 99367.3385869651
AdaBoostClassifier-p1-tr(8)-sw(4)-lw(252)-fa(3)-max(100000) f1 score: -0.33963397608597923 cumulative return: 100149.11906086624
AdaBoostClassifier-p1-tr(8)-sw(6)-lw(24)-fa(0.1)-max(20000) f1 score: 0.16226628477072458 cumulative return: 120056.3712921882
AdaBoostClassifier-p1-tr(8)-sw(6)-lw(24)-fa(0.1)-max(30000) f1 score: 0.05772838048147766 cumulative return: 119080.10652798199
AdaBoostClassifier-p1-tr(8)-sw(6)-lw(24)-fa(0.1)-max(100000) f1 score: 0.20454232498468872 cumulative return: 183978.73873470665
AdaBoostClassifier-p1-tr(8)-sw(6)-lw(24)-fa(0.25)-max(20000) f1 score: 0.4033622491102533 cumulative return: 122949.35966054822
AdaBoostClassifier-p1-tr(8)-sw(6)-lw(24)-fa(0.25)-max(30000) f1 score: 0.33916391244309785 cumulative return: 138741.27762646548
AdaBoostClassifier-p1-tr(8)-sw(6)-lw(24)-fa(0.25)-max(100000) f1 score: 0.42800831814458484 cumulative return: 190961.9019872303
AdaBoostClassifier-p1-tr(8)-sw(6)-lw(24)-fa(0.5)-max(20000) f1 score: 0.36486605087161095 cumulative return: 124042.48034992462
AdaBoostClassifier-p1-tr(8)-sw(6)-lw(24)-fa(0.5)-max(30000) f1 score: 0.2464118133668951 cumulative return: 123553.92435748634
AdaBoostClassifier-p1-tr(8)-sw(6)-lw(24)-fa(0.5)-max(100000) f1 score: 0.46847966699942667 cumulative return: 190567.5392031644
AdaBoostClassifier-p1-tr(8)-sw(6)-lw(24)-fa(0.8)-max(20000) f1 score: 0.4428160177145859 cumulative return: 115351.49503009212
AdaBoostClassifier-p1-tr(8)-sw(6)-lw(24)-fa(0.8)-max(30000) f1 score: 0.597277257656554 cumulative return: 136934.07612103125
AdaBoostClassifier-p1-tr(8)-sw(6)-lw(24)-fa(0.8)-max(100000) f1 score: 0.5542803377563021 cumulative return: 179903.90183801
AdaBoostClassifier-p1-tr(8)-sw(6)-lw(24)-fa(1)-max(20000) f1 score: 0.5227705049877379 cumulative return: 117456.90008435694
AdaBoostClassifier-p1-tr(8)-sw(6)-lw(24)-fa(1)-max(30000) f1 score: 0.5331320849136372 cumulative return: 143762.2973133645
AdaBoostClassifier-p1-tr(8)-sw(6)-lw(24)-fa(1)-max(100000) f1 score: 0.46322009807292275 cumulative return: 185466.34296827373
AdaBoostClassifier-p1-tr(8)-sw(6)-lw(24)-fa(2)-max(20000) f1 score: 0.25762855030363174 cumulative return: 104759.72730705405
AdaBoostClassifier-p1-tr(8)-sw(6)-lw(24)-fa(2)-max(30000) f1 score: 0.19005601485177848 cumulative return: 116513.72755636614
AdaBoostClassifier-p1-tr(8)-sw(6)-lw(24)-fa(2)-max(100000) f1 score: 0.40337795046655434 cumulative return: 149689.02923839417
AdaBoostClassifier-p1-tr(8)-sw(6)-lw(24)-fa(3)-max(20000) f1 score: -0.5974003217061492 cumulative return: 98484.71483685952
AdaBoostClassifier-p1-tr(8)-sw(6)-lw(24)-fa(3)-max(30000) f1 score: -0.4318676274728097 cumulative return: 99155.32751100356
AdaBoostClassifier-p1-tr(8)-sw(6)-lw(24)-fa(3)-max(100000) f1 score: -0.598256576123501 cumulative return: 104967.80354216318
AdaBoostClassifier-p1-tr(8)-sw(6)-lw(42)-fa(0.1)-max(20000) f1 score: 0.0918309966178874 cumulative return: 110052.20487392877
AdaBoostClassifier-p1-tr(8)-sw(6)-lw(42)-fa(0.1)-max(30000) f1 score: 0.19343286017979233 cumulative return: 123243.44662122476
AdaBoostClassifier-p1-tr(8)-sw(6)-lw(42)-fa(0.1)-max(100000) f1 score: 0.1761330603864344 cumulative return: 182778.85669850485
AdaBoostClassifier-p1-tr(8)-sw(6)-lw(42)-fa(0.25)-max(20000) f1 score: 0.464661661009213 cumulative return: 128264.69574495265
AdaBoostClassifier-p1-tr(8)-sw(6)-lw(42)-fa(0.25)-max(30000) f1 score: 0.19264477203160713 cumulative return: 125191.25127434003
AdaBoostClassifier-p1-tr(8)-sw(6)-lw(42)-fa(0.25)-max(100000) f1 score: 0.4082812888369959 cumulative return: 198361.73771583004
AdaBoostClassifier-p1-tr(8)-sw(6)-lw(42)-fa(0.5)-max(20000) f1 score: 0.4761512502933918 cumulative return: 125827.93783760836
AdaBoostClassifier-p1-tr(8)-sw(6)-lw(42)-fa(0.5)-max(30000) f1 score: 0.21310692762984496 cumulative return: 125618.4853658009
AdaBoostClassifier-p1-tr(8)-sw(6)-lw(42)-fa(0.5)-max(100000) f1 score: 0.43694792595285437 cumulative return: 192975.86172765563
AdaBoostClassifier-p1-tr(8)-sw(6)-lw(42)-fa(0.8)-max(20000) f1 score: 0.4572629424067074 cumulative return: 117041.305075469
AdaBoostClassifier-p1-tr(8)-sw(6)-lw(42)-fa(0.8)-max(30000) f1 score: 0.5213985407999445 cumulative return: 136613.02846127827
AdaBoostClassifier-p1-tr(8)-sw(6)-lw(42)-fa(0.8)-max(100000) f1 score: 0.5534118039112074 cumulative return: 188542.03863113048
AdaBoostClassifier-p1-tr(8)-sw(6)-lw(42)-fa(1)-max(20000) f1 score: 0.5486630141526374 cumulative return: 121688.0563820626
AdaBoostClassifier-p1-tr(8)-sw(6)-lw(42)-fa(1)-max(30000) f1 score: 0.48060155481408273 cumulative return: 129759.85988144256
AdaBoostClassifier-p1-tr(8)-sw(6)-lw(42)-fa(1)-max(100000) f1 score: 0.505092168970557 cumulative return: 175073.17722820851
AdaBoostClassifier-p1-tr(8)-sw(6)-lw(42)-fa(2)-max(20000) f1 score: 0.1308031663178546 cumulative return: 104217.94872317123
AdaBoostClassifier-p1-tr(8)-sw(6)-lw(42)-fa(2)-max(30000) f1 score: -0.10446022479337991 cumulative return: 109254.06198679417
AdaBoostClassifier-p1-tr(8)-sw(6)-lw(42)-fa(2)-max(100000) f1 score: 0.034099964318571985 cumulative return: 132904.5114793133
AdaBoostClassifier-p1-tr(8)-sw(6)-lw(42)-fa(3)-max(20000) f1 score: -0.6730974817887072 cumulative return: 104261.01762100779
AdaBoostClassifier-p1-tr(8)-sw(6)-lw(42)-fa(3)-max(30000) f1 score: -0.684444503194614 cumulative return: 102980.79526812384
AdaBoostClassifier-p1-tr(8)-sw(6)-lw(42)-fa(3)-max(100000) f1 score: -0.5985305300381598 cumulative return: 111440.21176120441
AdaBoostClassifier-p1-tr(8)-sw(6)-lw(60)-fa(0.1)-max(20000) f1 score: 0.3526748381551912 cumulative return: 131058.08987975994
AdaBoostClassifier-p1-tr(8)-sw(6)-lw(60)-fa(0.1)-max(30000) f1 score: -0.0767890169965495 cumulative return: 111664.36084442411
AdaBoostClassifier-p1-tr(8)-sw(6)-lw(60)-fa(0.1)-max(100000) f1 score: 0.044407127344804564 cumulative return: 171546.5785713466
AdaBoostClassifier-p1-tr(8)-sw(6)-lw(60)-fa(0.25)-max(20000) f1 score: 0.4299794560952779 cumulative return: 126563.93464647021
AdaBoostClassifier-p1-tr(8)-sw(6)-lw(60)-fa(0.25)-max(30000) f1 score: 0.2253403565191473 cumulative return: 128031.53565967461
AdaBoostClassifier-p1-tr(8)-sw(6)-lw(60)-fa(0.25)-max(100000) f1 score: 0.29802141084806766 cumulative return: 146725.3128681967
AdaBoostClassifier-p1-tr(8)-sw(6)-lw(60)-fa(0.5)-max(20000) f1 score: 0.35393703282967715 cumulative return: 116934.64362445392
AdaBoostClassifier-p1-tr(8)-sw(6)-lw(60)-fa(0.5)-max(30000) f1 score: 0.2601092477753466 cumulative return: 128593.4818625241
AdaBoostClassifier-p1-tr(8)-sw(6)-lw(60)-fa(0.5)-max(100000) f1 score: 0.41997134554163795 cumulative return: 188502.65540831158
AdaBoostClassifier-p1-tr(8)-sw(6)-lw(60)-fa(0.8)-max(20000) f1 score: 0.36756789942630086 cumulative return: 119284.92778176715
AdaBoostClassifier-p1-tr(8)-sw(6)-lw(60)-fa(0.8)-max(30000) f1 score: 0.5739029411859367 cumulative return: 128153.59393279575
AdaBoostClassifier-p1-tr(8)-sw(6)-lw(60)-fa(0.8)-max(100000) f1 score: 0.5671230253295207 cumulative return: 203920.09473352885
AdaBoostClassifier-p1-tr(8)-sw(6)-lw(60)-fa(1)-max(20000) f1 score: 0.5140928484899214 cumulative return: 124256.83753449404
AdaBoostClassifier-p1-tr(8)-sw(6)-lw(60)-fa(1)-max(30000) f1 score: 0.5865413463260558 cumulative return: 129727.6386951188
AdaBoostClassifier-p1-tr(8)-sw(6)-lw(60)-fa(1)-max(100000) f1 score: 0.5601186192493258 cumulative return: 172683.40663719692
AdaBoostClassifier-p1-tr(8)-sw(6)-lw(60)-fa(2)-max(20000) f1 score: 0.03699342654439142 cumulative return: 102177.12786620682
AdaBoostClassifier-p1-tr(8)-sw(6)-lw(60)-fa(2)-max(30000) f1 score: -0.0855325162641547 cumulative return: 105171.77738027215
AdaBoostClassifier-p1-tr(8)-sw(6)-lw(60)-fa(2)-max(100000) f1 score: -0.1668690255226939 cumulative return: 133946.2412207756
AdaBoostClassifier-p1-tr(8)-sw(6)-lw(60)-fa(3)-max(20000) f1 score: -0.7765112738214066 cumulative return: 103040.68304286404
AdaBoostClassifier-p1-tr(8)-sw(6)-lw(60)-fa(3)-max(30000) f1 score: -0.7152621181126413 cumulative return: 105772.81742234438
AdaBoostClassifier-p1-tr(8)-sw(6)-lw(60)-fa(3)-max(100000) f1 score: -0.6529960899869003 cumulative return: 111928.11700758732
AdaBoostClassifier-p1-tr(8)-sw(6)-lw(180)-fa(0.1)-max(20000) f1 score: 0.1952007832344027 cumulative return: 120865.21523729684
AdaBoostClassifier-p1-tr(8)-sw(6)-lw(180)-fa(0.1)-max(30000) f1 score: 0.3344155685079142 cumulative return: 132079.14783106485
AdaBoostClassifier-p1-tr(8)-sw(6)-lw(180)-fa(0.1)-max(100000) f1 score: 0.22534928263940235 cumulative return: 181330.4979059354
AdaBoostClassifier-p1-tr(8)-sw(6)-lw(180)-fa(0.25)-max(20000) f1 score: 0.36242611955645665 cumulative return: 121079.37234568363
AdaBoostClassifier-p1-tr(8)-sw(6)-lw(180)-fa(0.25)-max(30000) f1 score: 0.09838377946402199 cumulative return: 121330.21684947469
AdaBoostClassifier-p1-tr(8)-sw(6)-lw(180)-fa(0.25)-max(100000) f1 score: 0.31212171417751344 cumulative return: 176182.3764882009
AdaBoostClassifier-p1-tr(8)-sw(6)-lw(180)-fa(0.5)-max(20000) f1 score: 0.4930338186651557 cumulative return: 121643.87985982616
AdaBoostClassifier-p1-tr(8)-sw(6)-lw(180)-fa(0.5)-max(30000) f1 score: 0.22951505248203152 cumulative return: 123538.62885151165
AdaBoostClassifier-p1-tr(8)-sw(6)-lw(180)-fa(0.5)-max(100000) f1 score: 0.5527897062140861 cumulative return: 191085.95035538432
AdaBoostClassifier-p1-tr(8)-sw(6)-lw(180)-fa(0.8)-max(20000) f1 score: 0.49399393549821213 cumulative return: 115369.2288326085
AdaBoostClassifier-p1-tr(8)-sw(6)-lw(180)-fa(0.8)-max(30000) f1 score: 0.5487847065149389 cumulative return: 122458.49239479021
AdaBoostClassifier-p1-tr(8)-sw(6)-lw(180)-fa(0.8)-max(100000) f1 score: 0.5284395107361312 cumulative return: 170950.89083858466
AdaBoostClassifier-p1-tr(8)-sw(6)-lw(180)-fa(1)-max(20000) f1 score: 0.3791984197924674 cumulative return: 117856.15632818137
AdaBoostClassifier-p1-tr(8)-sw(6)-lw(180)-fa(1)-max(30000) f1 score: 0.44801954369006847 cumulative return: 118077.30755185432
AdaBoostClassifier-p1-tr(8)-sw(6)-lw(180)-fa(1)-max(100000) f1 score: 0.4784665667594472 cumulative return: 168857.61387062713
AdaBoostClassifier-p1-tr(8)-sw(6)-lw(180)-fa(2)-max(20000) f1 score: -0.4980916216449427 cumulative return: 104062.60788190184
AdaBoostClassifier-p1-tr(8)-sw(6)-lw(180)-fa(2)-max(30000) f1 score: -0.5716338012023803 cumulative return: 105701.60405841253
AdaBoostClassifier-p1-tr(8)-sw(6)-lw(180)-fa(2)-max(100000) f1 score: -0.49325331847133436 cumulative return: 125988.02675363017
AdaBoostClassifier-p1-tr(8)-sw(6)-lw(180)-fa(3)-max(20000) f1 score: -0.9668916062786697 cumulative return: 105332.58937947916
AdaBoostClassifier-p1-tr(8)-sw(6)-lw(180)-fa(3)-max(30000) f1 score: -0.9127612964262775 cumulative return: 101044.06360965381
AdaBoostClassifier-p1-tr(8)-sw(6)-lw(180)-fa(3)-max(100000) f1 score: -0.9124237991487556 cumulative return: 100548.75059732815
AdaBoostClassifier-p1-tr(8)-sw(6)-lw(252)-fa(0.1)-max(20000) f1 score: 0.12027940244838697 cumulative return: 112510.29759558057
AdaBoostClassifier-p1-tr(8)-sw(6)-lw(252)-fa(0.1)-max(30000) f1 score: 0.18995718367274983 cumulative return: 121293.23887128045
AdaBoostClassifier-p1-tr(8)-sw(6)-lw(252)-fa(0.1)-max(100000) f1 score: 0.12987796885084246 cumulative return: 160457.8644585888
AdaBoostClassifier-p1-tr(8)-sw(6)-lw(252)-fa(0.25)-max(20000) f1 score: 0.49344854070244937 cumulative return: 128369.23110616587
AdaBoostClassifier-p1-tr(8)-sw(6)-lw(252)-fa(0.25)-max(30000) f1 score: 0.31271851612361645 cumulative return: 125495.8442748341
AdaBoostClassifier-p1-tr(8)-sw(6)-lw(252)-fa(0.25)-max(100000) f1 score: 0.18559309215027642 cumulative return: 165167.6176208761
AdaBoostClassifier-p1-tr(8)-sw(6)-lw(252)-fa(0.5)-max(20000) f1 score: 0.5682874397782804 cumulative return: 120414.64688621
AdaBoostClassifier-p1-tr(8)-sw(6)-lw(252)-fa(0.5)-max(30000) f1 score: 0.5645864917403405 cumulative return: 126183.36482538593
AdaBoostClassifier-p1-tr(8)-sw(6)-lw(252)-fa(0.5)-max(100000) f1 score: 0.5851754803032632 cumulative return: 176129.4114000243
AdaBoostClassifier-p1-tr(8)-sw(6)-lw(252)-fa(0.8)-max(20000) f1 score: 0.46294918643263205 cumulative return: 111563.52742000711
AdaBoostClassifier-p1-tr(8)-sw(6)-lw(252)-fa(0.8)-max(30000) f1 score: 0.36098392686954206 cumulative return: 121998.3037637066
AdaBoostClassifier-p1-tr(8)-sw(6)-lw(252)-fa(0.8)-max(100000) f1 score: 0.47185051025924796 cumulative return: 164689.65383425535
AdaBoostClassifier-p1-tr(8)-sw(6)-lw(252)-fa(1)-max(20000) f1 score: 0.36725638848807374 cumulative return: 111727.86873538434
AdaBoostClassifier-p1-tr(8)-sw(6)-lw(252)-fa(1)-max(30000) f1 score: 0.33343237779951296 cumulative return: 116667.2885451504
AdaBoostClassifier-p1-tr(8)-sw(6)-lw(252)-fa(1)-max(100000) f1 score: 0.36778537052403437 cumulative return: 154003.3182986388
AdaBoostClassifier-p1-tr(8)-sw(6)-lw(252)-fa(2)-max(20000) f1 score: -0.5069000652938074 cumulative return: 104843.6365228988
AdaBoostClassifier-p1-tr(8)-sw(6)-lw(252)-fa(2)-max(30000) f1 score: -0.5963619717478124 cumulative return: 114806.93366299698
AdaBoostClassifier-p1-tr(8)-sw(6)-lw(252)-fa(2)-max(100000) f1 score: -0.5562361954107051 cumulative return: 107180.6497826158
AdaBoostClassifier-p1-tr(8)-sw(6)-lw(252)-fa(3)-max(20000) f1 score: -0.9711240979998819 cumulative return: 103110.22988723006
AdaBoostClassifier-p1-tr(8)-sw(6)-lw(252)-fa(3)-max(30000) f1 score: -0.8598562330322248 cumulative return: 101079.08594546943
AdaBoostClassifier-p1-tr(8)-sw(6)-lw(252)-fa(3)-max(100000) f1 score: -0.9433822575828799 cumulative return: 105270.93804896658
maximum cumulative return for AdaBoostClassifier models was 214370.94256131683 from model permutation AdaBoostClassifier-p1-tr(8)-sw(2)-lw(60)-fa(0.5)-max(100000)
maximum f1 for AdaBoostClassifier models was 0.6798011593219494 from model permutation AdaBoostClassifier-p1-tr(8)-sw(4)-lw(24)-fa(1)-max(30000)
525 permutations tested 
end:  2022-07-10 04:47:14.061784
