start:  2022-07-10 01:15:36.631408
DecisionTreeClassifier-p1-tr(8)-sw(1)-lw(24)-fa(0.1)-max(20000) f1 score: 0.46654695699912896 cumulative return: 98742.58182239276
DecisionTreeClassifier-p1-tr(8)-sw(1)-lw(24)-fa(0.1)-max(30000) f1 score: 0.5180661522280027 cumulative return: 106105.64066563116
DecisionTreeClassifier-p1-tr(8)-sw(1)-lw(24)-fa(0.1)-max(100000) f1 score: 0.49212711929588193 cumulative return: 171495.05008371617
DecisionTreeClassifier-p1-tr(8)-sw(1)-lw(24)-fa(0.25)-max(20000) f1 score: 0.4330641671221811 cumulative return: 106808.95746710073
DecisionTreeClassifier-p1-tr(8)-sw(1)-lw(24)-fa(0.25)-max(30000) f1 score: 0.6124416037283416 cumulative return: 116917.37122984359
DecisionTreeClassifier-p1-tr(8)-sw(1)-lw(24)-fa(0.25)-max(100000) f1 score: 0.5733478002986306 cumulative return: 170030.96397725213
DecisionTreeClassifier-p1-tr(8)-sw(1)-lw(24)-fa(0.5)-max(20000) f1 score: 0.6092913298680029 cumulative return: 113144.10084815114
DecisionTreeClassifier-p1-tr(8)-sw(1)-lw(24)-fa(0.5)-max(30000) f1 score: 0.565681230014088 cumulative return: 116124.21513278873
DecisionTreeClassifier-p1-tr(8)-sw(1)-lw(24)-fa(0.5)-max(100000) f1 score: 0.5843626421145334 cumulative return: 177944.92032795114
DecisionTreeClassifier-p1-tr(8)-sw(1)-lw(24)-fa(0.8)-max(20000) f1 score: 0.4657695818255545 cumulative return: 109651.14717206033
DecisionTreeClassifier-p1-tr(8)-sw(1)-lw(24)-fa(0.8)-max(30000) f1 score: 0.5257448552002808 cumulative return: 129928.74100419605
DecisionTreeClassifier-p1-tr(8)-sw(1)-lw(24)-fa(0.8)-max(100000) f1 score: 0.4553460171141971 cumulative return: 149159.09681373724
DecisionTreeClassifier-p1-tr(8)-sw(1)-lw(24)-fa(1)-max(20000) f1 score: 0.47277351950756485 cumulative return: 105159.606450718
DecisionTreeClassifier-p1-tr(8)-sw(1)-lw(24)-fa(1)-max(30000) f1 score: 0.3947391326876608 cumulative return: 108922.64505021264
DecisionTreeClassifier-p1-tr(8)-sw(1)-lw(24)-fa(1)-max(100000) f1 score: 0.45410235508377716 cumulative return: 140756.22531464553
DecisionTreeClassifier-p1-tr(8)-sw(1)-lw(24)-fa(2)-max(20000) f1 score: -0.17332271672799893 cumulative return: 104086.58621545427
DecisionTreeClassifier-p1-tr(8)-sw(1)-lw(24)-fa(2)-max(30000) f1 score: -0.29425734577156026 cumulative return: 102007.44556628437
DecisionTreeClassifier-p1-tr(8)-sw(1)-lw(24)-fa(2)-max(100000) f1 score: -0.40521278138319294 cumulative return: 103225.69598067619
DecisionTreeClassifier-p1-tr(8)-sw(1)-lw(24)-fa(3)-max(20000) f1 score: -0.7742245731135506 cumulative return: 97164.31097273758
DecisionTreeClassifier-p1-tr(8)-sw(1)-lw(24)-fa(3)-max(30000) f1 score: -0.729334533894332 cumulative return: 99140.58924966159
DecisionTreeClassifier-p1-tr(8)-sw(1)-lw(24)-fa(3)-max(100000) f1 score: -0.7478486393624566 cumulative return: 103448.82964487426
DecisionTreeClassifier-p1-tr(8)-sw(1)-lw(42)-fa(0.1)-max(20000) f1 score: 0.5834438912038851 cumulative return: 101537.47628811418
DecisionTreeClassifier-p1-tr(8)-sw(1)-lw(42)-fa(0.1)-max(30000) f1 score: 0.39031997778947913 cumulative return: 81572.97218968606
DecisionTreeClassifier-p1-tr(8)-sw(1)-lw(42)-fa(0.1)-max(100000) f1 score: 0.472703838024658 cumulative return: 158219.32685508247
DecisionTreeClassifier-p1-tr(8)-sw(1)-lw(42)-fa(0.25)-max(20000) f1 score: 0.5647010645853432 cumulative return: 100361.8290679718
DecisionTreeClassifier-p1-tr(8)-sw(1)-lw(42)-fa(0.25)-max(30000) f1 score: 0.7121171477517081 cumulative return: 116917.07514577755
DecisionTreeClassifier-p1-tr(8)-sw(1)-lw(42)-fa(0.25)-max(100000) f1 score: 0.6495584760181795 cumulative return: 191418.1920518534
DecisionTreeClassifier-p1-tr(8)-sw(1)-lw(42)-fa(0.5)-max(20000) f1 score: 0.5166959355718375 cumulative return: 107476.35760393005
DecisionTreeClassifier-p1-tr(8)-sw(1)-lw(42)-fa(0.5)-max(30000) f1 score: 0.5831205237657282 cumulative return: 120363.5807946005
DecisionTreeClassifier-p1-tr(8)-sw(1)-lw(42)-fa(0.5)-max(100000) f1 score: 0.518438408197363 cumulative return: 146521.40577426914
DecisionTreeClassifier-p1-tr(8)-sw(1)-lw(42)-fa(0.8)-max(20000) f1 score: 0.35917017760039527 cumulative return: 99430.46105047221
DecisionTreeClassifier-p1-tr(8)-sw(1)-lw(42)-fa(0.8)-max(30000) f1 score: 0.5094759086787348 cumulative return: 118356.21828597238
DecisionTreeClassifier-p1-tr(8)-sw(1)-lw(42)-fa(0.8)-max(100000) f1 score: 0.4548555475105025 cumulative return: 128067.69140845705
DecisionTreeClassifier-p1-tr(8)-sw(1)-lw(42)-fa(1)-max(20000) f1 score: 0.3723629269814668 cumulative return: 105113.8581955471
DecisionTreeClassifier-p1-tr(8)-sw(1)-lw(42)-fa(1)-max(30000) f1 score: 0.27551760969821315 cumulative return: 100754.3447314718
DecisionTreeClassifier-p1-tr(8)-sw(1)-lw(42)-fa(1)-max(100000) f1 score: 0.351586855443907 cumulative return: 137187.1663410647
DecisionTreeClassifier-p1-tr(8)-sw(1)-lw(42)-fa(2)-max(20000) f1 score: -0.6117709647306038 cumulative return: 96141.00875997078
DecisionTreeClassifier-p1-tr(8)-sw(1)-lw(42)-fa(2)-max(30000) f1 score: -0.632212596221202 cumulative return: 97712.54112274945
DecisionTreeClassifier-p1-tr(8)-sw(1)-lw(42)-fa(2)-max(100000) f1 score: -0.6321040652746936 cumulative return: 104061.97135645385
DecisionTreeClassifier-p1-tr(8)-sw(1)-lw(42)-fa(3)-max(20000) f1 score: -1.001059342317678 cumulative return: 99808.407290255
DecisionTreeClassifier-p1-tr(8)-sw(1)-lw(42)-fa(3)-max(30000) f1 score: -0.9105217132005126 cumulative return: 101699.03958043104
DecisionTreeClassifier-p1-tr(8)-sw(1)-lw(42)-fa(3)-max(100000) f1 score: -0.8016943776427721 cumulative return: 104173.64981177406
DecisionTreeClassifier-p1-tr(8)-sw(1)-lw(60)-fa(0.1)-max(20000) f1 score: 0.5335246181260327 cumulative return: 100555.60187718816
DecisionTreeClassifier-p1-tr(8)-sw(1)-lw(60)-fa(0.1)-max(30000) f1 score: 0.5652969621178063 cumulative return: 101612.94039259135
DecisionTreeClassifier-p1-tr(8)-sw(1)-lw(60)-fa(0.1)-max(100000) f1 score: 0.5063677664819466 cumulative return: 188490.06633504725
DecisionTreeClassifier-p1-tr(8)-sw(1)-lw(60)-fa(0.25)-max(20000) f1 score: 0.6700280374747312 cumulative return: 109744.55169861251
DecisionTreeClassifier-p1-tr(8)-sw(1)-lw(60)-fa(0.25)-max(30000) f1 score: 0.6579980410561876 cumulative return: 102793.52719410474
DecisionTreeClassifier-p1-tr(8)-sw(1)-lw(60)-fa(0.25)-max(100000) f1 score: 0.6158499610254793 cumulative return: 144357.16299154263
DecisionTreeClassifier-p1-tr(8)-sw(1)-lw(60)-fa(0.5)-max(20000) f1 score: 0.5476660908054558 cumulative return: 105193.44464187128
DecisionTreeClassifier-p1-tr(8)-sw(1)-lw(60)-fa(0.5)-max(30000) f1 score: 0.6359661249275474 cumulative return: 117651.56096987537
DecisionTreeClassifier-p1-tr(8)-sw(1)-lw(60)-fa(0.5)-max(100000) f1 score: 0.6374733706748779 cumulative return: 177973.88686478115
DecisionTreeClassifier-p1-tr(8)-sw(1)-lw(60)-fa(0.8)-max(20000) f1 score: 0.557918678713235 cumulative return: 109571.62620278432
DecisionTreeClassifier-p1-tr(8)-sw(1)-lw(60)-fa(0.8)-max(30000) f1 score: 0.3332336376713061 cumulative return: 104124.9187774486
DecisionTreeClassifier-p1-tr(8)-sw(1)-lw(60)-fa(0.8)-max(100000) f1 score: 0.42192478378715026 cumulative return: 150701.87142236036
DecisionTreeClassifier-p1-tr(8)-sw(1)-lw(60)-fa(1)-max(20000) f1 score: 0.36897938850682943 cumulative return: 107983.69258379654
DecisionTreeClassifier-p1-tr(8)-sw(1)-lw(60)-fa(1)-max(30000) f1 score: 0.34254404821484985 cumulative return: 114660.70077061067
DecisionTreeClassifier-p1-tr(8)-sw(1)-lw(60)-fa(1)-max(100000) f1 score: 0.26189415206333 cumulative return: 127446.62731784233
DecisionTreeClassifier-p1-tr(8)-sw(1)-lw(60)-fa(2)-max(20000) f1 score: -0.5774977829883556 cumulative return: 98024.43642133013
DecisionTreeClassifier-p1-tr(8)-sw(1)-lw(60)-fa(2)-max(30000) f1 score: -0.4886278908505739 cumulative return: 100242.94760906752
DecisionTreeClassifier-p1-tr(8)-sw(1)-lw(60)-fa(2)-max(100000) f1 score: -0.6266702153011681 cumulative return: 104710.93244601245
DecisionTreeClassifier-p1-tr(8)-sw(1)-lw(60)-fa(3)-max(20000) f1 score: -0.8305929351971972 cumulative return: 98384.16724778218
DecisionTreeClassifier-p1-tr(8)-sw(1)-lw(60)-fa(3)-max(30000) f1 score: -0.7731699337302138 cumulative return: 96425.12400701825
DecisionTreeClassifier-p1-tr(8)-sw(1)-lw(60)-fa(3)-max(100000) f1 score: -0.8559175183961512 cumulative return: 99607.15079890248
DecisionTreeClassifier-p1-tr(8)-sw(1)-lw(180)-fa(0.1)-max(20000) f1 score: 0.44307669956447504 cumulative return: 96214.81220368773
DecisionTreeClassifier-p1-tr(8)-sw(1)-lw(180)-fa(0.1)-max(30000) f1 score: 0.536074012905503 cumulative return: 100324.56419815595
DecisionTreeClassifier-p1-tr(8)-sw(1)-lw(180)-fa(0.1)-max(100000) f1 score: 0.5176336647147375 cumulative return: 146238.96074058057
DecisionTreeClassifier-p1-tr(8)-sw(1)-lw(180)-fa(0.25)-max(20000) f1 score: 0.45343217529328783 cumulative return: 102989.28438308166
DecisionTreeClassifier-p1-tr(8)-sw(1)-lw(180)-fa(0.25)-max(30000) f1 score: 0.5021780506821423 cumulative return: 98044.8175535854
DecisionTreeClassifier-p1-tr(8)-sw(1)-lw(180)-fa(0.25)-max(100000) f1 score: 0.6154180770468513 cumulative return: 150050.74671719444
DecisionTreeClassifier-p1-tr(8)-sw(1)-lw(180)-fa(0.5)-max(20000) f1 score: 0.5607959160610487 cumulative return: 105824.94823279738
DecisionTreeClassifier-p1-tr(8)-sw(1)-lw(180)-fa(0.5)-max(30000) f1 score: 0.502417078947585 cumulative return: 108389.95005177078
DecisionTreeClassifier-p1-tr(8)-sw(1)-lw(180)-fa(0.5)-max(100000) f1 score: 0.44064452950148403 cumulative return: 147856.49703369563
DecisionTreeClassifier-p1-tr(8)-sw(1)-lw(180)-fa(0.8)-max(20000) f1 score: 0.3056646145156652 cumulative return: 111346.59921450476
DecisionTreeClassifier-p1-tr(8)-sw(1)-lw(180)-fa(0.8)-max(30000) f1 score: 0.24863968591972385 cumulative return: 104499.70532553054
DecisionTreeClassifier-p1-tr(8)-sw(1)-lw(180)-fa(0.8)-max(100000) f1 score: 0.078148382809893 cumulative return: 122081.54550417229
DecisionTreeClassifier-p1-tr(8)-sw(1)-lw(180)-fa(1)-max(20000) f1 score: 0.09101280257569777 cumulative return: 98463.18227663853
DecisionTreeClassifier-p1-tr(8)-sw(1)-lw(180)-fa(1)-max(30000) f1 score: -0.0723963620156538 cumulative return: 105776.7940974502
DecisionTreeClassifier-p1-tr(8)-sw(1)-lw(180)-fa(1)-max(100000) f1 score: 0.2250949338338899 cumulative return: 130946.44699297748
DecisionTreeClassifier-p1-tr(8)-sw(1)-lw(180)-fa(2)-max(20000) f1 score: -0.7465177345512826 cumulative return: 99977.11044554038
DecisionTreeClassifier-p1-tr(8)-sw(1)-lw(180)-fa(2)-max(30000) f1 score: -0.8737552121554826 cumulative return: 99843.75819965293
DecisionTreeClassifier-p1-tr(8)-sw(1)-lw(180)-fa(2)-max(100000) f1 score: -0.5812149047569517 cumulative return: 100824.83052340269
DecisionTreeClassifier-p1-tr(8)-sw(1)-lw(180)-fa(3)-max(20000) f1 score: -0.9494225701275933 cumulative return: 100971.70006227237
DecisionTreeClassifier-p1-tr(8)-sw(1)-lw(180)-fa(3)-max(30000) f1 score: -0.9481090852255596 cumulative return: 99642.60534085112
DecisionTreeClassifier-p1-tr(8)-sw(1)-lw(180)-fa(3)-max(100000) f1 score: -0.9437186911331221 cumulative return: 100194.49144188443
DecisionTreeClassifier-p1-tr(8)-sw(1)-lw(252)-fa(0.1)-max(20000) f1 score: 0.5452172557298272 cumulative return: 95137.5622989074
DecisionTreeClassifier-p1-tr(8)-sw(1)-lw(252)-fa(0.1)-max(30000) f1 score: 0.47729621904070296 cumulative return: 98580.44332435157
DecisionTreeClassifier-p1-tr(8)-sw(1)-lw(252)-fa(0.1)-max(100000) f1 score: 0.6472316170180636 cumulative return: 125151.48737114632
DecisionTreeClassifier-p1-tr(8)-sw(1)-lw(252)-fa(0.25)-max(20000) f1 score: 0.5507650008681152 cumulative return: 104190.21578687755
DecisionTreeClassifier-p1-tr(8)-sw(1)-lw(252)-fa(0.25)-max(30000) f1 score: 0.6673984306909337 cumulative return: 118723.26265116132
DecisionTreeClassifier-p1-tr(8)-sw(1)-lw(252)-fa(0.25)-max(100000) f1 score: 0.6413825666419267 cumulative return: 156727.05648568942
DecisionTreeClassifier-p1-tr(8)-sw(1)-lw(252)-fa(0.5)-max(20000) f1 score: 0.30369523273380206 cumulative return: 98320.14367741882
DecisionTreeClassifier-p1-tr(8)-sw(1)-lw(252)-fa(0.5)-max(30000) f1 score: 0.31555982638094915 cumulative return: 101408.6217175242
DecisionTreeClassifier-p1-tr(8)-sw(1)-lw(252)-fa(0.5)-max(100000) f1 score: 0.3179975808366342 cumulative return: 127550.65324649664
DecisionTreeClassifier-p1-tr(8)-sw(1)-lw(252)-fa(0.8)-max(20000) f1 score: 0.27331605055145225 cumulative return: 101644.10857208294
DecisionTreeClassifier-p1-tr(8)-sw(1)-lw(252)-fa(0.8)-max(30000) f1 score: 0.1633457115731023 cumulative return: 109006.12197932923
DecisionTreeClassifier-p1-tr(8)-sw(1)-lw(252)-fa(0.8)-max(100000) f1 score: 0.16582746190553688 cumulative return: 119281.79150115555
DecisionTreeClassifier-p1-tr(8)-sw(1)-lw(252)-fa(1)-max(20000) f1 score: -0.09823498916310003 cumulative return: 98806.2362023464
DecisionTreeClassifier-p1-tr(8)-sw(1)-lw(252)-fa(1)-max(30000) f1 score: 0.043348324084857115 cumulative return: 107058.59888729712
DecisionTreeClassifier-p1-tr(8)-sw(1)-lw(252)-fa(1)-max(100000) f1 score: -0.06794053968168967 cumulative return: 111521.36622722728
DecisionTreeClassifier-p1-tr(8)-sw(1)-lw(252)-fa(2)-max(20000) f1 score: -0.498400616622122 cumulative return: 101277.20111184428
DecisionTreeClassifier-p1-tr(8)-sw(1)-lw(252)-fa(2)-max(30000) f1 score: -0.46922066633651194 cumulative return: 101118.89264119924
DecisionTreeClassifier-p1-tr(8)-sw(1)-lw(252)-fa(2)-max(100000) f1 score: -0.5557641801157442 cumulative return: 101960.39625585242
DecisionTreeClassifier-p1-tr(8)-sw(1)-lw(252)-fa(3)-max(20000) f1 score: -0.8791325152028457 cumulative return: 99252.54817747574
DecisionTreeClassifier-p1-tr(8)-sw(1)-lw(252)-fa(3)-max(30000) f1 score: -0.9485655176003718 cumulative return: 98105.51506582095
DecisionTreeClassifier-p1-tr(8)-sw(1)-lw(252)-fa(3)-max(100000) f1 score: -0.9326625972836817 cumulative return: 98110.34113581311
DecisionTreeClassifier-p1-tr(8)-sw(2)-lw(24)-fa(0.1)-max(20000) f1 score: 0.47820653213733 cumulative return: 109606.08624760105
DecisionTreeClassifier-p1-tr(8)-sw(2)-lw(24)-fa(0.1)-max(30000) f1 score: 0.4491873097604767 cumulative return: 107360.49498870713
DecisionTreeClassifier-p1-tr(8)-sw(2)-lw(24)-fa(0.1)-max(100000) f1 score: 0.37612269643219354 cumulative return: 146803.9445335936
DecisionTreeClassifier-p1-tr(8)-sw(2)-lw(24)-fa(0.25)-max(20000) f1 score: 0.4599275321693861 cumulative return: 106619.21590149627
DecisionTreeClassifier-p1-tr(8)-sw(2)-lw(24)-fa(0.25)-max(30000) f1 score: 0.5699886742938007 cumulative return: 98873.17664892552
DecisionTreeClassifier-p1-tr(8)-sw(2)-lw(24)-fa(0.25)-max(100000) f1 score: 0.6283849148346161 cumulative return: 157880.7794927972
DecisionTreeClassifier-p1-tr(8)-sw(2)-lw(24)-fa(0.5)-max(20000) f1 score: 0.5289867404148824 cumulative return: 100221.72195441663
DecisionTreeClassifier-p1-tr(8)-sw(2)-lw(24)-fa(0.5)-max(30000) f1 score: 0.6601314215134123 cumulative return: 106255.40446546953
DecisionTreeClassifier-p1-tr(8)-sw(2)-lw(24)-fa(0.5)-max(100000) f1 score: 0.5659610706095076 cumulative return: 168110.74482007907
DecisionTreeClassifier-p1-tr(8)-sw(2)-lw(24)-fa(0.8)-max(20000) f1 score: 0.4281273999487807 cumulative return: 110019.16535063965
DecisionTreeClassifier-p1-tr(8)-sw(2)-lw(24)-fa(0.8)-max(30000) f1 score: 0.43133098557930893 cumulative return: 116302.70373274603
DecisionTreeClassifier-p1-tr(8)-sw(2)-lw(24)-fa(0.8)-max(100000) f1 score: 0.5488862198442049 cumulative return: 156006.6547714605
DecisionTreeClassifier-p1-tr(8)-sw(2)-lw(24)-fa(1)-max(20000) f1 score: 0.3554304041656471 cumulative return: 101023.86992855585
DecisionTreeClassifier-p1-tr(8)-sw(2)-lw(24)-fa(1)-max(30000) f1 score: 0.416564403508322 cumulative return: 112954.30369835225
DecisionTreeClassifier-p1-tr(8)-sw(2)-lw(24)-fa(1)-max(100000) f1 score: 0.367882983508511 cumulative return: 150806.18248346762
DecisionTreeClassifier-p1-tr(8)-sw(2)-lw(24)-fa(2)-max(20000) f1 score: -0.38478015853610126 cumulative return: 100414.44808247453
DecisionTreeClassifier-p1-tr(8)-sw(2)-lw(24)-fa(2)-max(30000) f1 score: -0.3009669436214104 cumulative return: 98240.43624886981
DecisionTreeClassifier-p1-tr(8)-sw(2)-lw(24)-fa(2)-max(100000) f1 score: -0.16311251774721836 cumulative return: 111311.4904314917
DecisionTreeClassifier-p1-tr(8)-sw(2)-lw(24)-fa(3)-max(20000) f1 score: -0.6886629088576797 cumulative return: 97354.41172264988
DecisionTreeClassifier-p1-tr(8)-sw(2)-lw(24)-fa(3)-max(30000) f1 score: -0.7030971502228665 cumulative return: 98328.79770152888
DecisionTreeClassifier-p1-tr(8)-sw(2)-lw(24)-fa(3)-max(100000) f1 score: -0.6199346572845248 cumulative return: 102819.65739169162
DecisionTreeClassifier-p1-tr(8)-sw(2)-lw(42)-fa(0.1)-max(20000) f1 score: 0.30352214964146995 cumulative return: 96587.5016486958
DecisionTreeClassifier-p1-tr(8)-sw(2)-lw(42)-fa(0.1)-max(30000) f1 score: 0.47707103303113785 cumulative return: 104823.74858143993
DecisionTreeClassifier-p1-tr(8)-sw(2)-lw(42)-fa(0.1)-max(100000) f1 score: 0.4772211932321855 cumulative return: 142464.39497240243
DecisionTreeClassifier-p1-tr(8)-sw(2)-lw(42)-fa(0.25)-max(20000) f1 score: 0.6203489687196548 cumulative return: 114153.8990761314
DecisionTreeClassifier-p1-tr(8)-sw(2)-lw(42)-fa(0.25)-max(30000) f1 score: 0.451605637225433 cumulative return: 92515.05398335897
DecisionTreeClassifier-p1-tr(8)-sw(2)-lw(42)-fa(0.25)-max(100000) f1 score: 0.6455438012992769 cumulative return: 173935.87550975982
DecisionTreeClassifier-p1-tr(8)-sw(2)-lw(42)-fa(0.5)-max(20000) f1 score: 0.6568527018268058 cumulative return: 108196.10179749288
DecisionTreeClassifier-p1-tr(8)-sw(2)-lw(42)-fa(0.5)-max(30000) f1 score: 0.5514403023355771 cumulative return: 102507.96090628771
DecisionTreeClassifier-p1-tr(8)-sw(2)-lw(42)-fa(0.5)-max(100000) f1 score: 0.6954365251991993 cumulative return: 185052.2710484109
DecisionTreeClassifier-p1-tr(8)-sw(2)-lw(42)-fa(0.8)-max(20000) f1 score: 0.4760629541787451 cumulative return: 107118.95075931124
DecisionTreeClassifier-p1-tr(8)-sw(2)-lw(42)-fa(0.8)-max(30000) f1 score: 0.5081581521085607 cumulative return: 110955.35782271708
DecisionTreeClassifier-p1-tr(8)-sw(2)-lw(42)-fa(0.8)-max(100000) f1 score: 0.40367444041532374 cumulative return: 144493.99372576908
DecisionTreeClassifier-p1-tr(8)-sw(2)-lw(42)-fa(1)-max(20000) f1 score: 0.23921420698595863 cumulative return: 93115.22640762769
DecisionTreeClassifier-p1-tr(8)-sw(2)-lw(42)-fa(1)-max(30000) f1 score: 0.39616980442454175 cumulative return: 102130.95914065914
DecisionTreeClassifier-p1-tr(8)-sw(2)-lw(42)-fa(1)-max(100000) f1 score: 0.41378184742255675 cumulative return: 139029.40738205553
DecisionTreeClassifier-p1-tr(8)-sw(2)-lw(42)-fa(2)-max(20000) f1 score: -0.6051847315473804 cumulative return: 96547.00854901454
DecisionTreeClassifier-p1-tr(8)-sw(2)-lw(42)-fa(2)-max(30000) f1 score: -0.643864516181047 cumulative return: 92234.5424789691
DecisionTreeClassifier-p1-tr(8)-sw(2)-lw(42)-fa(2)-max(100000) f1 score: -0.6563173466967174 cumulative return: 96882.87268558252
DecisionTreeClassifier-p1-tr(8)-sw(2)-lw(42)-fa(3)-max(20000) f1 score: -0.9055476396688 cumulative return: 99377.00763671206
DecisionTreeClassifier-p1-tr(8)-sw(2)-lw(42)-fa(3)-max(30000) f1 score: -0.9262982202337218 cumulative return: 100737.60151461314
DecisionTreeClassifier-p1-tr(8)-sw(2)-lw(42)-fa(3)-max(100000) f1 score: -0.8790776984482425 cumulative return: 99953.09945517934
DecisionTreeClassifier-p1-tr(8)-sw(2)-lw(60)-fa(0.1)-max(20000) f1 score: 0.41640114243534987 cumulative return: 100605.04968046039
DecisionTreeClassifier-p1-tr(8)-sw(2)-lw(60)-fa(0.1)-max(30000) f1 score: 0.4019018791065657 cumulative return: 92273.07664706901
DecisionTreeClassifier-p1-tr(8)-sw(2)-lw(60)-fa(0.1)-max(100000) f1 score: 0.6162514732878831 cumulative return: 185115.23631879644
DecisionTreeClassifier-p1-tr(8)-sw(2)-lw(60)-fa(0.25)-max(20000) f1 score: 0.5558554124393293 cumulative return: 103640.31787361285
DecisionTreeClassifier-p1-tr(8)-sw(2)-lw(60)-fa(0.25)-max(30000) f1 score: 0.5638354523956892 cumulative return: 116617.29486127332
DecisionTreeClassifier-p1-tr(8)-sw(2)-lw(60)-fa(0.25)-max(100000) f1 score: 0.6472458711499431 cumulative return: 169678.79037688876
DecisionTreeClassifier-p1-tr(8)-sw(2)-lw(60)-fa(0.5)-max(20000) f1 score: 0.6439948323709035 cumulative return: 106336.64357323974
DecisionTreeClassifier-p1-tr(8)-sw(2)-lw(60)-fa(0.5)-max(30000) f1 score: 0.5124905463533358 cumulative return: 113800.06329256136
DecisionTreeClassifier-p1-tr(8)-sw(2)-lw(60)-fa(0.5)-max(100000) f1 score: 0.649017097594318 cumulative return: 179433.60674252274
DecisionTreeClassifier-p1-tr(8)-sw(2)-lw(60)-fa(0.8)-max(20000) f1 score: 0.3771384071392432 cumulative return: 102580.15281361285
DecisionTreeClassifier-p1-tr(8)-sw(2)-lw(60)-fa(0.8)-max(30000) f1 score: 0.4037005194794203 cumulative return: 112989.48051955127
DecisionTreeClassifier-p1-tr(8)-sw(2)-lw(60)-fa(0.8)-max(100000) f1 score: 0.28894537584656566 cumulative return: 126600.09228418538
DecisionTreeClassifier-p1-tr(8)-sw(2)-lw(60)-fa(1)-max(20000) f1 score: 0.23003737917544276 cumulative return: 111166.59734085364
DecisionTreeClassifier-p1-tr(8)-sw(2)-lw(60)-fa(1)-max(30000) f1 score: 0.1576568455375379 cumulative return: 105316.76369096944
DecisionTreeClassifier-p1-tr(8)-sw(2)-lw(60)-fa(1)-max(100000) f1 score: 0.33914454610357003 cumulative return: 156805.45911607007
DecisionTreeClassifier-p1-tr(8)-sw(2)-lw(60)-fa(2)-max(20000) f1 score: -0.5440290203821185 cumulative return: 98206.49622577922
DecisionTreeClassifier-p1-tr(8)-sw(2)-lw(60)-fa(2)-max(30000) f1 score: -0.5332984703190657 cumulative return: 98402.50421528087
DecisionTreeClassifier-p1-tr(8)-sw(2)-lw(60)-fa(2)-max(100000) f1 score: -0.5746475673019318 cumulative return: 106232.06305112616
DecisionTreeClassifier-p1-tr(8)-sw(2)-lw(60)-fa(3)-max(20000) f1 score: -0.8367179181474675 cumulative return: 96813.83169703993
DecisionTreeClassifier-p1-tr(8)-sw(2)-lw(60)-fa(3)-max(30000) f1 score: -0.7899641237057788 cumulative return: 96942.03674756235
DecisionTreeClassifier-p1-tr(8)-sw(2)-lw(60)-fa(3)-max(100000) f1 score: -0.8489125417396006 cumulative return: 95190.46928571527
DecisionTreeClassifier-p1-tr(8)-sw(2)-lw(180)-fa(0.1)-max(20000) f1 score: 0.48390418311456174 cumulative return: 93873.918635129
DecisionTreeClassifier-p1-tr(8)-sw(2)-lw(180)-fa(0.1)-max(30000) f1 score: 0.5394453600314875 cumulative return: 101742.05725551817
DecisionTreeClassifier-p1-tr(8)-sw(2)-lw(180)-fa(0.1)-max(100000) f1 score: 0.5253055031660134 cumulative return: 132686.0251637295
DecisionTreeClassifier-p1-tr(8)-sw(2)-lw(180)-fa(0.25)-max(20000) f1 score: 0.4289839145516803 cumulative return: 101115.23041698287
DecisionTreeClassifier-p1-tr(8)-sw(2)-lw(180)-fa(0.25)-max(30000) f1 score: 0.4927118237740231 cumulative return: 106424.17178353551
DecisionTreeClassifier-p1-tr(8)-sw(2)-lw(180)-fa(0.25)-max(100000) f1 score: 0.5889571137128358 cumulative return: 153009.90957161563
DecisionTreeClassifier-p1-tr(8)-sw(2)-lw(180)-fa(0.5)-max(20000) f1 score: 0.5171063922072208 cumulative return: 113396.69058394014
DecisionTreeClassifier-p1-tr(8)-sw(2)-lw(180)-fa(0.5)-max(30000) f1 score: 0.29359325225353805 cumulative return: 108264.3893096938
DecisionTreeClassifier-p1-tr(8)-sw(2)-lw(180)-fa(0.5)-max(100000) f1 score: 0.38026928616522293 cumulative return: 133180.25758037216
DecisionTreeClassifier-p1-tr(8)-sw(2)-lw(180)-fa(0.8)-max(20000) f1 score: 0.3019520072524666 cumulative return: 103683.3229168706
DecisionTreeClassifier-p1-tr(8)-sw(2)-lw(180)-fa(0.8)-max(30000) f1 score: 0.2327079868619426 cumulative return: 105097.7494412591
DecisionTreeClassifier-p1-tr(8)-sw(2)-lw(180)-fa(0.8)-max(100000) f1 score: 0.35250270073106993 cumulative return: 141129.576812223
DecisionTreeClassifier-p1-tr(8)-sw(2)-lw(180)-fa(1)-max(20000) f1 score: 0.027030503420142793 cumulative return: 106186.15204278134
DecisionTreeClassifier-p1-tr(8)-sw(2)-lw(180)-fa(1)-max(30000) f1 score: -0.01989884226482541 cumulative return: 106323.76335770803
DecisionTreeClassifier-p1-tr(8)-sw(2)-lw(180)-fa(1)-max(100000) f1 score: 0.057614477943244924 cumulative return: 124242.47655178262
DecisionTreeClassifier-p1-tr(8)-sw(2)-lw(180)-fa(2)-max(20000) f1 score: -0.7900562496052821 cumulative return: 99138.7024065115
DecisionTreeClassifier-p1-tr(8)-sw(2)-lw(180)-fa(2)-max(30000) f1 score: -0.674695004501223 cumulative return: 100556.39913547534
DecisionTreeClassifier-p1-tr(8)-sw(2)-lw(180)-fa(2)-max(100000) f1 score: -0.4670562945411805 cumulative return: 103938.53348146548
DecisionTreeClassifier-p1-tr(8)-sw(2)-lw(180)-fa(3)-max(20000) f1 score: -0.6372063284384946 cumulative return: 100785.47067425965
DecisionTreeClassifier-p1-tr(8)-sw(2)-lw(180)-fa(3)-max(30000) f1 score: -0.9518665794218832 cumulative return: 99574.28908700458
DecisionTreeClassifier-p1-tr(8)-sw(2)-lw(180)-fa(3)-max(100000) f1 score: -0.948107127159445 cumulative return: 99220.9270034465
DecisionTreeClassifier-p1-tr(8)-sw(2)-lw(252)-fa(0.1)-max(20000) f1 score: 0.5129520176765946 cumulative return: 100060.30562360917
DecisionTreeClassifier-p1-tr(8)-sw(2)-lw(252)-fa(0.1)-max(30000) f1 score: 0.4829983353737629 cumulative return: 89413.87047540143
DecisionTreeClassifier-p1-tr(8)-sw(2)-lw(252)-fa(0.1)-max(100000) f1 score: 0.5446893995176751 cumulative return: 121982.75020200624
DecisionTreeClassifier-p1-tr(8)-sw(2)-lw(252)-fa(0.25)-max(20000) f1 score: 0.5677654645616672 cumulative return: 106232.88229040732
DecisionTreeClassifier-p1-tr(8)-sw(2)-lw(252)-fa(0.25)-max(30000) f1 score: 0.5359348474279204 cumulative return: 99770.8034619462
DecisionTreeClassifier-p1-tr(8)-sw(2)-lw(252)-fa(0.25)-max(100000) f1 score: 0.641255047050375 cumulative return: 169186.3215761166
DecisionTreeClassifier-p1-tr(8)-sw(2)-lw(252)-fa(0.5)-max(20000) f1 score: 0.31590362153413953 cumulative return: 100066.22345145183
DecisionTreeClassifier-p1-tr(8)-sw(2)-lw(252)-fa(0.5)-max(30000) f1 score: 0.2640732801482022 cumulative return: 100436.07873677899
DecisionTreeClassifier-p1-tr(8)-sw(2)-lw(252)-fa(0.5)-max(100000) f1 score: 0.49350520321787883 cumulative return: 152532.38784348877
DecisionTreeClassifier-p1-tr(8)-sw(2)-lw(252)-fa(0.8)-max(20000) f1 score: 0.1617546788703439 cumulative return: 98081.75833141358
DecisionTreeClassifier-p1-tr(8)-sw(2)-lw(252)-fa(0.8)-max(30000) f1 score: 0.2028235092654509 cumulative return: 108968.8609647985
DecisionTreeClassifier-p1-tr(8)-sw(2)-lw(252)-fa(0.8)-max(100000) f1 score: 0.10962844834052898 cumulative return: 107471.71808325645
DecisionTreeClassifier-p1-tr(8)-sw(2)-lw(252)-fa(1)-max(20000) f1 score: -0.009762796610656821 cumulative return: 104921.5720651891
DecisionTreeClassifier-p1-tr(8)-sw(2)-lw(252)-fa(1)-max(30000) f1 score: 0.07937626239388618 cumulative return: 104155.3637508086
DecisionTreeClassifier-p1-tr(8)-sw(2)-lw(252)-fa(1)-max(100000) f1 score: -0.012963858812071738 cumulative return: 112243.25668853716
DecisionTreeClassifier-p1-tr(8)-sw(2)-lw(252)-fa(2)-max(20000) f1 score: -0.5556755153557034 cumulative return: 101890.7261107777
DecisionTreeClassifier-p1-tr(8)-sw(2)-lw(252)-fa(2)-max(30000) f1 score: -0.5497104112438294 cumulative return: 102341.83978901219
DecisionTreeClassifier-p1-tr(8)-sw(2)-lw(252)-fa(2)-max(100000) f1 score: -0.7515295367202723 cumulative return: 106647.95441535328
DecisionTreeClassifier-p1-tr(8)-sw(2)-lw(252)-fa(3)-max(20000) f1 score: -0.9936574335474189 cumulative return: 101491.75337305827
DecisionTreeClassifier-p1-tr(8)-sw(2)-lw(252)-fa(3)-max(30000) f1 score: -0.9193171014587516 cumulative return: 100719.70128517154
DecisionTreeClassifier-p1-tr(8)-sw(2)-lw(252)-fa(3)-max(100000) f1 score: -0.9326576390135934 cumulative return: 97755.25650653846
DecisionTreeClassifier-p1-tr(8)-sw(3)-lw(24)-fa(0.1)-max(20000) f1 score: 0.4001060061840451 cumulative return: 95486.8921073802
DecisionTreeClassifier-p1-tr(8)-sw(3)-lw(24)-fa(0.1)-max(30000) f1 score: 0.5302166996118687 cumulative return: 113198.1483506322
DecisionTreeClassifier-p1-tr(8)-sw(3)-lw(24)-fa(0.1)-max(100000) f1 score: 0.4139736530782545 cumulative return: 136390.67096500847
DecisionTreeClassifier-p1-tr(8)-sw(3)-lw(24)-fa(0.25)-max(20000) f1 score: 0.6176086506093603 cumulative return: 115718.73743749372
DecisionTreeClassifier-p1-tr(8)-sw(3)-lw(24)-fa(0.25)-max(30000) f1 score: 0.6013666182475288 cumulative return: 120656.79341802857
DecisionTreeClassifier-p1-tr(8)-sw(3)-lw(24)-fa(0.25)-max(100000) f1 score: 0.5735678547599193 cumulative return: 150439.05198263552
DecisionTreeClassifier-p1-tr(8)-sw(3)-lw(24)-fa(0.5)-max(20000) f1 score: 0.6800404320926756 cumulative return: 108423.05960894405
DecisionTreeClassifier-p1-tr(8)-sw(3)-lw(24)-fa(0.5)-max(30000) f1 score: 0.6671433189349271 cumulative return: 129420.20187462156
DecisionTreeClassifier-p1-tr(8)-sw(3)-lw(24)-fa(0.5)-max(100000) f1 score: 0.6246802675363459 cumulative return: 175234.0371349688
DecisionTreeClassifier-p1-tr(8)-sw(3)-lw(24)-fa(0.8)-max(20000) f1 score: 0.46349348217558484 cumulative return: 113258.2068081695
DecisionTreeClassifier-p1-tr(8)-sw(3)-lw(24)-fa(0.8)-max(30000) f1 score: 0.5213085008480502 cumulative return: 114693.81166743222
DecisionTreeClassifier-p1-tr(8)-sw(3)-lw(24)-fa(0.8)-max(100000) f1 score: 0.40729691639523613 cumulative return: 141644.5755950954
DecisionTreeClassifier-p1-tr(8)-sw(3)-lw(24)-fa(1)-max(20000) f1 score: 0.5087304436918761 cumulative return: 111623.42431910272
DecisionTreeClassifier-p1-tr(8)-sw(3)-lw(24)-fa(1)-max(30000) f1 score: 0.39214432042906866 cumulative return: 108962.65861508739
DecisionTreeClassifier-p1-tr(8)-sw(3)-lw(24)-fa(1)-max(100000) f1 score: 0.42421594585196065 cumulative return: 155472.7071054741
DecisionTreeClassifier-p1-tr(8)-sw(3)-lw(24)-fa(2)-max(20000) f1 score: -0.2468635169940101 cumulative return: 102025.23630157509
DecisionTreeClassifier-p1-tr(8)-sw(3)-lw(24)-fa(2)-max(30000) f1 score: -0.3091423645226503 cumulative return: 100301.83776094668
DecisionTreeClassifier-p1-tr(8)-sw(3)-lw(24)-fa(2)-max(100000) f1 score: -0.21425885585387316 cumulative return: 115434.54113857367
DecisionTreeClassifier-p1-tr(8)-sw(3)-lw(24)-fa(3)-max(20000) f1 score: -0.7505751572452124 cumulative return: 97463.28964136093
DecisionTreeClassifier-p1-tr(8)-sw(3)-lw(24)-fa(3)-max(30000) f1 score: -0.7557586063840258 cumulative return: 97189.22565680259
DecisionTreeClassifier-p1-tr(8)-sw(3)-lw(24)-fa(3)-max(100000) f1 score: -0.7452379251731647 cumulative return: 101233.26536666478
DecisionTreeClassifier-p1-tr(8)-sw(3)-lw(42)-fa(0.1)-max(20000) f1 score: 0.4767057676171029 cumulative return: 97673.47465452549
DecisionTreeClassifier-p1-tr(8)-sw(3)-lw(42)-fa(0.1)-max(30000) f1 score: 0.4485679279900108 cumulative return: 106494.2999364631
DecisionTreeClassifier-p1-tr(8)-sw(3)-lw(42)-fa(0.1)-max(100000) f1 score: 0.4950130220357618 cumulative return: 173849.2538860575
DecisionTreeClassifier-p1-tr(8)-sw(3)-lw(42)-fa(0.25)-max(20000) f1 score: 0.6683489479170592 cumulative return: 110371.32647533974
DecisionTreeClassifier-p1-tr(8)-sw(3)-lw(42)-fa(0.25)-max(30000) f1 score: 0.6521673834286001 cumulative return: 110686.64921890575
DecisionTreeClassifier-p1-tr(8)-sw(3)-lw(42)-fa(0.25)-max(100000) f1 score: 0.6105202237962584 cumulative return: 169382.13764947504
DecisionTreeClassifier-p1-tr(8)-sw(3)-lw(42)-fa(0.5)-max(20000) f1 score: 0.5939446587982288 cumulative return: 112340.17612282012
DecisionTreeClassifier-p1-tr(8)-sw(3)-lw(42)-fa(0.5)-max(30000) f1 score: 0.5917805844800971 cumulative return: 117979.94767468095
DecisionTreeClassifier-p1-tr(8)-sw(3)-lw(42)-fa(0.5)-max(100000) f1 score: 0.5030321963389195 cumulative return: 143531.7986461333
DecisionTreeClassifier-p1-tr(8)-sw(3)-lw(42)-fa(0.8)-max(20000) f1 score: 0.4452948665650803 cumulative return: 101380.32018517407
DecisionTreeClassifier-p1-tr(8)-sw(3)-lw(42)-fa(0.8)-max(30000) f1 score: 0.370294712866585 cumulative return: 109904.26194744682
DecisionTreeClassifier-p1-tr(8)-sw(3)-lw(42)-fa(0.8)-max(100000) f1 score: 0.43430297797387585 cumulative return: 137415.44584233058
DecisionTreeClassifier-p1-tr(8)-sw(3)-lw(42)-fa(1)-max(20000) f1 score: 0.4605821755616353 cumulative return: 107052.14731507351
DecisionTreeClassifier-p1-tr(8)-sw(3)-lw(42)-fa(1)-max(30000) f1 score: 0.38104948963826035 cumulative return: 108028.74804650788
DecisionTreeClassifier-p1-tr(8)-sw(3)-lw(42)-fa(1)-max(100000) f1 score: 0.47960296544150927 cumulative return: 152583.19192597584
DecisionTreeClassifier-p1-tr(8)-sw(3)-lw(42)-fa(2)-max(20000) f1 score: -0.7202409953511877 cumulative return: 98071.39058981501
DecisionTreeClassifier-p1-tr(8)-sw(3)-lw(42)-fa(2)-max(30000) f1 score: -0.649224605067074 cumulative return: 99413.635427844
DecisionTreeClassifier-p1-tr(8)-sw(3)-lw(42)-fa(2)-max(100000) f1 score: -0.5223368434912945 cumulative return: 96465.8481024839
DecisionTreeClassifier-p1-tr(8)-sw(3)-lw(42)-fa(3)-max(20000) f1 score: -1.0006820714668896 cumulative return: 100380.23054925477
DecisionTreeClassifier-p1-tr(8)-sw(3)-lw(42)-fa(3)-max(30000) f1 score: -0.978305177879335 cumulative return: 106090.39738153294
DecisionTreeClassifier-p1-tr(8)-sw(3)-lw(42)-fa(3)-max(100000) f1 score: -0.8872678131173697 cumulative return: 98547.3265211638
DecisionTreeClassifier-p1-tr(8)-sw(3)-lw(60)-fa(0.1)-max(20000) f1 score: 0.3820202881555157 cumulative return: 94187.85175642831
DecisionTreeClassifier-p1-tr(8)-sw(3)-lw(60)-fa(0.1)-max(30000) f1 score: 0.37421911233164795 cumulative return: 103673.49863347053
DecisionTreeClassifier-p1-tr(8)-sw(3)-lw(60)-fa(0.1)-max(100000) f1 score: 0.41246068388662205 cumulative return: 163376.24814928183
DecisionTreeClassifier-p1-tr(8)-sw(3)-lw(60)-fa(0.25)-max(20000) f1 score: 0.6728330213772244 cumulative return: 104252.29945645077
DecisionTreeClassifier-p1-tr(8)-sw(3)-lw(60)-fa(0.25)-max(30000) f1 score: 0.6989232314232862 cumulative return: 117359.40827285673
DecisionTreeClassifier-p1-tr(8)-sw(3)-lw(60)-fa(0.25)-max(100000) f1 score: 0.5743845729279909 cumulative return: 155011.8889618119
DecisionTreeClassifier-p1-tr(8)-sw(3)-lw(60)-fa(0.5)-max(20000) f1 score: 0.5284276814695853 cumulative return: 107021.0254915796
DecisionTreeClassifier-p1-tr(8)-sw(3)-lw(60)-fa(0.5)-max(30000) f1 score: 0.4356288699323958 cumulative return: 104806.6879827492
DecisionTreeClassifier-p1-tr(8)-sw(3)-lw(60)-fa(0.5)-max(100000) f1 score: 0.5708346254086272 cumulative return: 157261.94860517583
DecisionTreeClassifier-p1-tr(8)-sw(3)-lw(60)-fa(0.8)-max(20000) f1 score: 0.28727744965011226 cumulative return: 104202.87972769169
DecisionTreeClassifier-p1-tr(8)-sw(3)-lw(60)-fa(0.8)-max(30000) f1 score: 0.35399544263996385 cumulative return: 110351.33506387477
DecisionTreeClassifier-p1-tr(8)-sw(3)-lw(60)-fa(0.8)-max(100000) f1 score: 0.3946418090392798 cumulative return: 138459.51460124739
DecisionTreeClassifier-p1-tr(8)-sw(3)-lw(60)-fa(1)-max(20000) f1 score: 0.22478171988369766 cumulative return: 106184.18836513077
DecisionTreeClassifier-p1-tr(8)-sw(3)-lw(60)-fa(1)-max(30000) f1 score: 0.19002660987805964 cumulative return: 107032.78291564249
DecisionTreeClassifier-p1-tr(8)-sw(3)-lw(60)-fa(1)-max(100000) f1 score: 0.19813201506754186 cumulative return: 124855.8085874928
DecisionTreeClassifier-p1-tr(8)-sw(3)-lw(60)-fa(2)-max(20000) f1 score: -0.584037436879596 cumulative return: 100693.18285842906
DecisionTreeClassifier-p1-tr(8)-sw(3)-lw(60)-fa(2)-max(30000) f1 score: -0.6497642729593602 cumulative return: 101360.73665963655
DecisionTreeClassifier-p1-tr(8)-sw(3)-lw(60)-fa(2)-max(100000) f1 score: -0.6105322089384353 cumulative return: 102906.86551748669
DecisionTreeClassifier-p1-tr(8)-sw(3)-lw(60)-fa(3)-max(20000) f1 score: -0.8175408166111269 cumulative return: 100275.72865148274
DecisionTreeClassifier-p1-tr(8)-sw(3)-lw(60)-fa(3)-max(30000) f1 score: -0.7894104444640533 cumulative return: 96597.43199136441
DecisionTreeClassifier-p1-tr(8)-sw(3)-lw(60)-fa(3)-max(100000) f1 score: -0.8563740341945381 cumulative return: 96444.8615676921
DecisionTreeClassifier-p1-tr(8)-sw(3)-lw(180)-fa(0.1)-max(20000) f1 score: 0.5961551063731882 cumulative return: 92854.8426317185
DecisionTreeClassifier-p1-tr(8)-sw(3)-lw(180)-fa(0.1)-max(30000) f1 score: 0.5245978868111821 cumulative return: 102564.12974755606
DecisionTreeClassifier-p1-tr(8)-sw(3)-lw(180)-fa(0.1)-max(100000) f1 score: 0.5449788022013361 cumulative return: 137632.42896301806
DecisionTreeClassifier-p1-tr(8)-sw(3)-lw(180)-fa(0.25)-max(20000) f1 score: 0.6237753684607286 cumulative return: 105069.59419088226
DecisionTreeClassifier-p1-tr(8)-sw(3)-lw(180)-fa(0.25)-max(30000) f1 score: 0.5504362828347785 cumulative return: 107731.04536163752
DecisionTreeClassifier-p1-tr(8)-sw(3)-lw(180)-fa(0.25)-max(100000) f1 score: 0.5433555814374456 cumulative return: 156880.60923599612
DecisionTreeClassifier-p1-tr(8)-sw(3)-lw(180)-fa(0.5)-max(20000) f1 score: 0.51882863276306 cumulative return: 104751.60931934824
DecisionTreeClassifier-p1-tr(8)-sw(3)-lw(180)-fa(0.5)-max(30000) f1 score: 0.33743598309979694 cumulative return: 105300.34206066203
DecisionTreeClassifier-p1-tr(8)-sw(3)-lw(180)-fa(0.5)-max(100000) f1 score: 0.40412076496938076 cumulative return: 133387.46590074632
DecisionTreeClassifier-p1-tr(8)-sw(3)-lw(180)-fa(0.8)-max(20000) f1 score: 0.11955272182929788 cumulative return: 105201.66578257797
DecisionTreeClassifier-p1-tr(8)-sw(3)-lw(180)-fa(0.8)-max(30000) f1 score: 0.16209583446171316 cumulative return: 110094.2204436032
DecisionTreeClassifier-p1-tr(8)-sw(3)-lw(180)-fa(0.8)-max(100000) f1 score: 0.22002318984513858 cumulative return: 131454.6388464931
DecisionTreeClassifier-p1-tr(8)-sw(3)-lw(180)-fa(1)-max(20000) f1 score: -0.05573350537663768 cumulative return: 102569.51825231119
DecisionTreeClassifier-p1-tr(8)-sw(3)-lw(180)-fa(1)-max(30000) f1 score: 0.04573794028770961 cumulative return: 100134.33692068151
DecisionTreeClassifier-p1-tr(8)-sw(3)-lw(180)-fa(1)-max(100000) f1 score: -0.10726791643470657 cumulative return: 119361.26849176345
DecisionTreeClassifier-p1-tr(8)-sw(3)-lw(180)-fa(2)-max(20000) f1 score: -0.737057011127632 cumulative return: 100679.51780040411
DecisionTreeClassifier-p1-tr(8)-sw(3)-lw(180)-fa(2)-max(30000) f1 score: -0.7648113109604262 cumulative return: 102391.53916230245
DecisionTreeClassifier-p1-tr(8)-sw(3)-lw(180)-fa(2)-max(100000) f1 score: -0.8541119865767612 cumulative return: 102432.80607858425
DecisionTreeClassifier-p1-tr(8)-sw(3)-lw(180)-fa(3)-max(20000) f1 score: -0.9487737572909682 cumulative return: 100062.58498488978
DecisionTreeClassifier-p1-tr(8)-sw(3)-lw(180)-fa(3)-max(30000) f1 score: -0.8919932581818697 cumulative return: 100521.77785766896
DecisionTreeClassifier-p1-tr(8)-sw(3)-lw(180)-fa(3)-max(100000) f1 score: -0.9444942297732832 cumulative return: 98782.13867304393
DecisionTreeClassifier-p1-tr(8)-sw(3)-lw(252)-fa(0.1)-max(20000) f1 score: 0.3723028875008443 cumulative return: 77673.00075764395
DecisionTreeClassifier-p1-tr(8)-sw(3)-lw(252)-fa(0.1)-max(30000) f1 score: 0.4446013198358506 cumulative return: 93594.12438108627
DecisionTreeClassifier-p1-tr(8)-sw(3)-lw(252)-fa(0.1)-max(100000) f1 score: 0.46450191010333297 cumulative return: 136790.85510689908
DecisionTreeClassifier-p1-tr(8)-sw(3)-lw(252)-fa(0.25)-max(20000) f1 score: 0.5608170348520318 cumulative return: 109453.14253659605
DecisionTreeClassifier-p1-tr(8)-sw(3)-lw(252)-fa(0.25)-max(30000) f1 score: 0.5440607398671762 cumulative return: 101947.7065354627
DecisionTreeClassifier-p1-tr(8)-sw(3)-lw(252)-fa(0.25)-max(100000) f1 score: 0.5712746538785517 cumulative return: 150036.06915819366
DecisionTreeClassifier-p1-tr(8)-sw(3)-lw(252)-fa(0.5)-max(20000) f1 score: 0.5922408734031857 cumulative return: 107196.79480228527
DecisionTreeClassifier-p1-tr(8)-sw(3)-lw(252)-fa(0.5)-max(30000) f1 score: 0.27904180122269007 cumulative return: 98124.19883372079
DecisionTreeClassifier-p1-tr(8)-sw(3)-lw(252)-fa(0.5)-max(100000) f1 score: 0.47074910476863163 cumulative return: 137538.71993594914
DecisionTreeClassifier-p1-tr(8)-sw(3)-lw(252)-fa(0.8)-max(20000) f1 score: 0.2376982270458693 cumulative return: 106803.44437025422
DecisionTreeClassifier-p1-tr(8)-sw(3)-lw(252)-fa(0.8)-max(30000) f1 score: 0.1900017598357051 cumulative return: 107912.35941534248
DecisionTreeClassifier-p1-tr(8)-sw(3)-lw(252)-fa(0.8)-max(100000) f1 score: 0.14049574586125257 cumulative return: 114556.70446834636
DecisionTreeClassifier-p1-tr(8)-sw(3)-lw(252)-fa(1)-max(20000) f1 score: -0.048328368799814836 cumulative return: 99874.56115588876
DecisionTreeClassifier-p1-tr(8)-sw(3)-lw(252)-fa(1)-max(30000) f1 score: 0.138618211759983 cumulative return: 108337.36596848306
DecisionTreeClassifier-p1-tr(8)-sw(3)-lw(252)-fa(1)-max(100000) f1 score: 0.1301940191453057 cumulative return: 122679.54533164724
DecisionTreeClassifier-p1-tr(8)-sw(3)-lw(252)-fa(2)-max(20000) f1 score: -0.6293603231786209 cumulative return: 101426.28240117437
DecisionTreeClassifier-p1-tr(8)-sw(3)-lw(252)-fa(2)-max(30000) f1 score: -0.5701350093363868 cumulative return: 102708.68242384646
DecisionTreeClassifier-p1-tr(8)-sw(3)-lw(252)-fa(2)-max(100000) f1 score: -0.6437093121092057 cumulative return: 105044.91738909618
DecisionTreeClassifier-p1-tr(8)-sw(3)-lw(252)-fa(3)-max(20000) f1 score: -0.8868588427939823 cumulative return: 100328.62059088305
DecisionTreeClassifier-p1-tr(8)-sw(3)-lw(252)-fa(3)-max(30000) f1 score: -0.9333437943078458 cumulative return: 99784.80918935445
DecisionTreeClassifier-p1-tr(8)-sw(3)-lw(252)-fa(3)-max(100000) f1 score: -0.915644016647224 cumulative return: 100277.76204839368
DecisionTreeClassifier-p1-tr(8)-sw(4)-lw(24)-fa(0.1)-max(20000) f1 score: 0.46821151744705625 cumulative return: 100095.40099346885
DecisionTreeClassifier-p1-tr(8)-sw(4)-lw(24)-fa(0.1)-max(30000) f1 score: 0.3915363702451541 cumulative return: 103026.83062805244
DecisionTreeClassifier-p1-tr(8)-sw(4)-lw(24)-fa(0.1)-max(100000) f1 score: 0.5299215808905507 cumulative return: 155664.08365047854
DecisionTreeClassifier-p1-tr(8)-sw(4)-lw(24)-fa(0.25)-max(20000) f1 score: 0.5659128895105592 cumulative return: 104969.2682473872
DecisionTreeClassifier-p1-tr(8)-sw(4)-lw(24)-fa(0.25)-max(30000) f1 score: 0.6556002800856259 cumulative return: 115058.06441744437
DecisionTreeClassifier-p1-tr(8)-sw(4)-lw(24)-fa(0.25)-max(100000) f1 score: 0.5836315775644305 cumulative return: 155334.02979359607
DecisionTreeClassifier-p1-tr(8)-sw(4)-lw(24)-fa(0.5)-max(20000) f1 score: 0.5488784687847804 cumulative return: 105737.60320523416
DecisionTreeClassifier-p1-tr(8)-sw(4)-lw(24)-fa(0.5)-max(30000) f1 score: 0.7032986959143674 cumulative return: 126970.77339615577
DecisionTreeClassifier-p1-tr(8)-sw(4)-lw(24)-fa(0.5)-max(100000) f1 score: 0.48423104107962145 cumulative return: 150074.6797020809
DecisionTreeClassifier-p1-tr(8)-sw(4)-lw(24)-fa(0.8)-max(20000) f1 score: 0.3867326123877287 cumulative return: 110532.93521592888
DecisionTreeClassifier-p1-tr(8)-sw(4)-lw(24)-fa(0.8)-max(30000) f1 score: 0.2585081066534536 cumulative return: 111413.27676262583
DecisionTreeClassifier-p1-tr(8)-sw(4)-lw(24)-fa(0.8)-max(100000) f1 score: 0.3190164695404438 cumulative return: 119881.71536255121
DecisionTreeClassifier-p1-tr(8)-sw(4)-lw(24)-fa(1)-max(20000) f1 score: 0.43897730931118895 cumulative return: 103303.81082981238
DecisionTreeClassifier-p1-tr(8)-sw(4)-lw(24)-fa(1)-max(30000) f1 score: 0.43705939009079153 cumulative return: 106684.95646402515
DecisionTreeClassifier-p1-tr(8)-sw(4)-lw(24)-fa(1)-max(100000) f1 score: 0.516477897654654 cumulative return: 150328.19686752593
DecisionTreeClassifier-p1-tr(8)-sw(4)-lw(24)-fa(2)-max(20000) f1 score: -0.31465078193663976 cumulative return: 98614.33215897271
DecisionTreeClassifier-p1-tr(8)-sw(4)-lw(24)-fa(2)-max(30000) f1 score: -0.23158788312609024 cumulative return: 98115.69193458659
DecisionTreeClassifier-p1-tr(8)-sw(4)-lw(24)-fa(2)-max(100000) f1 score: -0.2674582681294604 cumulative return: 108208.55338283829
DecisionTreeClassifier-p1-tr(8)-sw(4)-lw(24)-fa(3)-max(20000) f1 score: -0.7954225820821224 cumulative return: 98887.0609744663
DecisionTreeClassifier-p1-tr(8)-sw(4)-lw(24)-fa(3)-max(30000) f1 score: -0.794262471185627 cumulative return: 98470.5689213491
DecisionTreeClassifier-p1-tr(8)-sw(4)-lw(24)-fa(3)-max(100000) f1 score: -0.7020847791407681 cumulative return: 102033.42611632275
DecisionTreeClassifier-p1-tr(8)-sw(4)-lw(42)-fa(0.1)-max(20000) f1 score: 0.37818720833816555 cumulative return: 95052.09924400659
DecisionTreeClassifier-p1-tr(8)-sw(4)-lw(42)-fa(0.1)-max(30000) f1 score: 0.34473518881438137 cumulative return: 94955.34704928997
DecisionTreeClassifier-p1-tr(8)-sw(4)-lw(42)-fa(0.1)-max(100000) f1 score: 0.4677847951691232 cumulative return: 156697.62631363753
DecisionTreeClassifier-p1-tr(8)-sw(4)-lw(42)-fa(0.25)-max(20000) f1 score: 0.5322385594338771 cumulative return: 96669.7388984915
DecisionTreeClassifier-p1-tr(8)-sw(4)-lw(42)-fa(0.25)-max(30000) f1 score: 0.6504952344090064 cumulative return: 116246.31800744735
DecisionTreeClassifier-p1-tr(8)-sw(4)-lw(42)-fa(0.25)-max(100000) f1 score: 0.4962749194694147 cumulative return: 148438.94833478634
DecisionTreeClassifier-p1-tr(8)-sw(4)-lw(42)-fa(0.5)-max(20000) f1 score: 0.5902659846713347 cumulative return: 105357.83796896823
DecisionTreeClassifier-p1-tr(8)-sw(4)-lw(42)-fa(0.5)-max(30000) f1 score: 0.45180753822154185 cumulative return: 109988.9113253342
DecisionTreeClassifier-p1-tr(8)-sw(4)-lw(42)-fa(0.5)-max(100000) f1 score: 0.6162875628527785 cumulative return: 150453.7669201438
DecisionTreeClassifier-p1-tr(8)-sw(4)-lw(42)-fa(0.8)-max(20000) f1 score: 0.4884063187382707 cumulative return: 105072.41385807299
DecisionTreeClassifier-p1-tr(8)-sw(4)-lw(42)-fa(0.8)-max(30000) f1 score: 0.4157876023081163 cumulative return: 107713.11085045771
DecisionTreeClassifier-p1-tr(8)-sw(4)-lw(42)-fa(0.8)-max(100000) f1 score: 0.468279572831644 cumulative return: 158945.19779307203
DecisionTreeClassifier-p1-tr(8)-sw(4)-lw(42)-fa(1)-max(20000) f1 score: 0.41105455240426214 cumulative return: 108067.41830808134
DecisionTreeClassifier-p1-tr(8)-sw(4)-lw(42)-fa(1)-max(30000) f1 score: 0.24023442219098357 cumulative return: 102989.44152869035
DecisionTreeClassifier-p1-tr(8)-sw(4)-lw(42)-fa(1)-max(100000) f1 score: 0.3702341432016174 cumulative return: 138880.51314612865
DecisionTreeClassifier-p1-tr(8)-sw(4)-lw(42)-fa(2)-max(20000) f1 score: -0.5757356773045905 cumulative return: 95592.98551758281
DecisionTreeClassifier-p1-tr(8)-sw(4)-lw(42)-fa(2)-max(30000) f1 score: -0.664970882693326 cumulative return: 104114.60735668716
DecisionTreeClassifier-p1-tr(8)-sw(4)-lw(42)-fa(2)-max(100000) f1 score: -0.5775572121052082 cumulative return: 94622.7951292118
DecisionTreeClassifier-p1-tr(8)-sw(4)-lw(42)-fa(3)-max(20000) f1 score: -0.8755377966454221 cumulative return: 97171.2404604005
DecisionTreeClassifier-p1-tr(8)-sw(4)-lw(42)-fa(3)-max(30000) f1 score: -0.9611868276978024 cumulative return: 99384.5478051406
DecisionTreeClassifier-p1-tr(8)-sw(4)-lw(42)-fa(3)-max(100000) f1 score: -0.8026536685107377 cumulative return: 104278.98532880215
DecisionTreeClassifier-p1-tr(8)-sw(4)-lw(60)-fa(0.1)-max(20000) f1 score: 0.61668854462182 cumulative return: 106149.40468954876
DecisionTreeClassifier-p1-tr(8)-sw(4)-lw(60)-fa(0.1)-max(30000) f1 score: 0.6142645435327732 cumulative return: 105007.48390361111
DecisionTreeClassifier-p1-tr(8)-sw(4)-lw(60)-fa(0.1)-max(100000) f1 score: 0.3624032745896839 cumulative return: 130805.66133291612
DecisionTreeClassifier-p1-tr(8)-sw(4)-lw(60)-fa(0.25)-max(20000) f1 score: 0.6772254428090969 cumulative return: 99592.48198448442
DecisionTreeClassifier-p1-tr(8)-sw(4)-lw(60)-fa(0.25)-max(30000) f1 score: 0.7284333168364927 cumulative return: 125916.58063450386
DecisionTreeClassifier-p1-tr(8)-sw(4)-lw(60)-fa(0.25)-max(100000) f1 score: 0.6564046334973617 cumulative return: 168969.7479878
DecisionTreeClassifier-p1-tr(8)-sw(4)-lw(60)-fa(0.5)-max(20000) f1 score: 0.49074145455188944 cumulative return: 106664.8584453887
DecisionTreeClassifier-p1-tr(8)-sw(4)-lw(60)-fa(0.5)-max(30000) f1 score: 0.5455713799576849 cumulative return: 116789.29792318628
DecisionTreeClassifier-p1-tr(8)-sw(4)-lw(60)-fa(0.5)-max(100000) f1 score: 0.6322404529748485 cumulative return: 177485.8121594997
DecisionTreeClassifier-p1-tr(8)-sw(4)-lw(60)-fa(0.8)-max(20000) f1 score: 0.3142792256838888 cumulative return: 107547.32788194815
DecisionTreeClassifier-p1-tr(8)-sw(4)-lw(60)-fa(0.8)-max(30000) f1 score: 0.41327189742202797 cumulative return: 112331.31911287323
DecisionTreeClassifier-p1-tr(8)-sw(4)-lw(60)-fa(0.8)-max(100000) f1 score: 0.34655607666023125 cumulative return: 127684.94968335173
DecisionTreeClassifier-p1-tr(8)-sw(4)-lw(60)-fa(1)-max(20000) f1 score: 0.3146528239373214 cumulative return: 105657.48723351458
DecisionTreeClassifier-p1-tr(8)-sw(4)-lw(60)-fa(1)-max(30000) f1 score: 0.22270301472792342 cumulative return: 110442.40463905697
DecisionTreeClassifier-p1-tr(8)-sw(4)-lw(60)-fa(1)-max(100000) f1 score: 0.1985538270692434 cumulative return: 126211.89836864124
DecisionTreeClassifier-p1-tr(8)-sw(4)-lw(60)-fa(2)-max(20000) f1 score: -0.5663544762998574 cumulative return: 101827.9430701977
DecisionTreeClassifier-p1-tr(8)-sw(4)-lw(60)-fa(2)-max(30000) f1 score: -0.5174712875177112 cumulative return: 99702.59881224527
DecisionTreeClassifier-p1-tr(8)-sw(4)-lw(60)-fa(2)-max(100000) f1 score: -0.6429176672974966 cumulative return: 101355.84266843327
DecisionTreeClassifier-p1-tr(8)-sw(4)-lw(60)-fa(3)-max(20000) f1 score: -0.7487274999295368 cumulative return: 99197.54172442533
DecisionTreeClassifier-p1-tr(8)-sw(4)-lw(60)-fa(3)-max(30000) f1 score: -0.8003227854135244 cumulative return: 100092.0029847368
DecisionTreeClassifier-p1-tr(8)-sw(4)-lw(60)-fa(3)-max(100000) f1 score: -0.7152887072422185 cumulative return: 101291.48457170438
DecisionTreeClassifier-p1-tr(8)-sw(4)-lw(180)-fa(0.1)-max(20000) f1 score: 0.5332179889004258 cumulative return: 100237.16155210533
DecisionTreeClassifier-p1-tr(8)-sw(4)-lw(180)-fa(0.1)-max(30000) f1 score: 0.4756174815528388 cumulative return: 91417.9964641569
DecisionTreeClassifier-p1-tr(8)-sw(4)-lw(180)-fa(0.1)-max(100000) f1 score: 0.6121187067508419 cumulative return: 170235.86255983904
DecisionTreeClassifier-p1-tr(8)-sw(4)-lw(180)-fa(0.25)-max(20000) f1 score: 0.40098479092910666 cumulative return: 103585.24900401
DecisionTreeClassifier-p1-tr(8)-sw(4)-lw(180)-fa(0.25)-max(30000) f1 score: 0.4660937988886906 cumulative return: 111873.46232280805
DecisionTreeClassifier-p1-tr(8)-sw(4)-lw(180)-fa(0.25)-max(100000) f1 score: 0.569650942014107 cumulative return: 154108.32798449817
DecisionTreeClassifier-p1-tr(8)-sw(4)-lw(180)-fa(0.5)-max(20000) f1 score: 0.4014700122794401 cumulative return: 106225.98815497418
DecisionTreeClassifier-p1-tr(8)-sw(4)-lw(180)-fa(0.5)-max(30000) f1 score: 0.3191043066933361 cumulative return: 106173.6033726291
DecisionTreeClassifier-p1-tr(8)-sw(4)-lw(180)-fa(0.5)-max(100000) f1 score: 0.3618226124865468 cumulative return: 132105.4703084401
DecisionTreeClassifier-p1-tr(8)-sw(4)-lw(180)-fa(0.8)-max(20000) f1 score: 0.13656837769033148 cumulative return: 104949.9566683752
DecisionTreeClassifier-p1-tr(8)-sw(4)-lw(180)-fa(0.8)-max(30000) f1 score: 0.12193229753446833 cumulative return: 108223.39638920521
DecisionTreeClassifier-p1-tr(8)-sw(4)-lw(180)-fa(0.8)-max(100000) f1 score: 0.14192113889569002 cumulative return: 126194.82452149603
DecisionTreeClassifier-p1-tr(8)-sw(4)-lw(180)-fa(1)-max(20000) f1 score: 0.10434208987480931 cumulative return: 108669.30488724276
DecisionTreeClassifier-p1-tr(8)-sw(4)-lw(180)-fa(1)-max(30000) f1 score: -0.11820838114589716 cumulative return: 107363.18784677799
DecisionTreeClassifier-p1-tr(8)-sw(4)-lw(180)-fa(1)-max(100000) f1 score: 0.06581046947125191 cumulative return: 115964.3352164627
DecisionTreeClassifier-p1-tr(8)-sw(4)-lw(180)-fa(2)-max(20000) f1 score: -0.7930074471390478 cumulative return: 100005.43337741809
DecisionTreeClassifier-p1-tr(8)-sw(4)-lw(180)-fa(2)-max(30000) f1 score: -0.6619797683558872 cumulative return: 100548.45638229582
DecisionTreeClassifier-p1-tr(8)-sw(4)-lw(180)-fa(2)-max(100000) f1 score: -0.7594174336912818 cumulative return: 105320.94425749539
DecisionTreeClassifier-p1-tr(8)-sw(4)-lw(180)-fa(3)-max(20000) f1 score: -0.8890607771146108 cumulative return: 99653.39393438553
DecisionTreeClassifier-p1-tr(8)-sw(4)-lw(180)-fa(3)-max(30000) f1 score: -0.7901414114008674 cumulative return: 98540.8173738064
DecisionTreeClassifier-p1-tr(8)-sw(4)-lw(180)-fa(3)-max(100000) f1 score: -0.9429106154198872 cumulative return: 98726.99622527236
DecisionTreeClassifier-p1-tr(8)-sw(4)-lw(252)-fa(0.1)-max(20000) f1 score: 0.5532732233436064 cumulative return: 95337.05100245615
DecisionTreeClassifier-p1-tr(8)-sw(4)-lw(252)-fa(0.1)-max(30000) f1 score: 0.5827516826844014 cumulative return: 107778.72601527444
DecisionTreeClassifier-p1-tr(8)-sw(4)-lw(252)-fa(0.1)-max(100000) f1 score: 0.5620020628920754 cumulative return: 159200.1392352326
DecisionTreeClassifier-p1-tr(8)-sw(4)-lw(252)-fa(0.25)-max(20000) f1 score: 0.6555970550915691 cumulative return: 104371.08974588878
DecisionTreeClassifier-p1-tr(8)-sw(4)-lw(252)-fa(0.25)-max(30000) f1 score: 0.48767347773270997 cumulative return: 90295.42402197109
DecisionTreeClassifier-p1-tr(8)-sw(4)-lw(252)-fa(0.25)-max(100000) f1 score: 0.43747494088136374 cumulative return: 108731.96332556102
DecisionTreeClassifier-p1-tr(8)-sw(4)-lw(252)-fa(0.5)-max(20000) f1 score: 0.21656231196865916 cumulative return: 91897.92438173728
DecisionTreeClassifier-p1-tr(8)-sw(4)-lw(252)-fa(0.5)-max(30000) f1 score: 0.6015710690540111 cumulative return: 111597.0131262261
DecisionTreeClassifier-p1-tr(8)-sw(4)-lw(252)-fa(0.5)-max(100000) f1 score: 0.39925382920879104 cumulative return: 132187.15620520216
DecisionTreeClassifier-p1-tr(8)-sw(4)-lw(252)-fa(0.8)-max(20000) f1 score: 0.05509743589727556 cumulative return: 100927.91751086932
DecisionTreeClassifier-p1-tr(8)-sw(4)-lw(252)-fa(0.8)-max(30000) f1 score: 0.14479989792225711 cumulative return: 106417.81516105359
DecisionTreeClassifier-p1-tr(8)-sw(4)-lw(252)-fa(0.8)-max(100000) f1 score: 0.3129955752788083 cumulative return: 128203.1329043626
DecisionTreeClassifier-p1-tr(8)-sw(4)-lw(252)-fa(1)-max(20000) f1 score: 0.08785180681749294 cumulative return: 100940.17912092492
DecisionTreeClassifier-p1-tr(8)-sw(4)-lw(252)-fa(1)-max(30000) f1 score: -0.08908412289238132 cumulative return: 101837.6788290386
DecisionTreeClassifier-p1-tr(8)-sw(4)-lw(252)-fa(1)-max(100000) f1 score: -0.005990750213235918 cumulative return: 110892.12411888692
DecisionTreeClassifier-p1-tr(8)-sw(4)-lw(252)-fa(2)-max(20000) f1 score: -0.6529469628014337 cumulative return: 104100.17852672699
DecisionTreeClassifier-p1-tr(8)-sw(4)-lw(252)-fa(2)-max(30000) f1 score: -0.8620139243795397 cumulative return: 103726.00568758296
DecisionTreeClassifier-p1-tr(8)-sw(4)-lw(252)-fa(2)-max(100000) f1 score: -0.8309505628964342 cumulative return: 107851.42281492533
DecisionTreeClassifier-p1-tr(8)-sw(4)-lw(252)-fa(3)-max(20000) f1 score: -0.9466586932590488 cumulative return: 102596.80502542524
DecisionTreeClassifier-p1-tr(8)-sw(4)-lw(252)-fa(3)-max(30000) f1 score: -0.8337174996379195 cumulative return: 102687.58990711032
DecisionTreeClassifier-p1-tr(8)-sw(4)-lw(252)-fa(3)-max(100000) f1 score: -0.930678178657435 cumulative return: 98088.9176151623
DecisionTreeClassifier-p1-tr(8)-sw(6)-lw(24)-fa(0.1)-max(20000) f1 score: 0.40530610958415136 cumulative return: 98116.37802337983
DecisionTreeClassifier-p1-tr(8)-sw(6)-lw(24)-fa(0.1)-max(30000) f1 score: 0.3571719826505033 cumulative return: 107691.28487274188
DecisionTreeClassifier-p1-tr(8)-sw(6)-lw(24)-fa(0.1)-max(100000) f1 score: 0.4290462443572013 cumulative return: 179686.5684472734
DecisionTreeClassifier-p1-tr(8)-sw(6)-lw(24)-fa(0.25)-max(20000) f1 score: 0.5283986886126826 cumulative return: 107205.49790298351
DecisionTreeClassifier-p1-tr(8)-sw(6)-lw(24)-fa(0.25)-max(30000) f1 score: 0.627090641621846 cumulative return: 103851.30394874875
DecisionTreeClassifier-p1-tr(8)-sw(6)-lw(24)-fa(0.25)-max(100000) f1 score: 0.4888325015320357 cumulative return: 154609.37795508048
DecisionTreeClassifier-p1-tr(8)-sw(6)-lw(24)-fa(0.5)-max(20000) f1 score: 0.5839085312969503 cumulative return: 113827.34009755569
DecisionTreeClassifier-p1-tr(8)-sw(6)-lw(24)-fa(0.5)-max(30000) f1 score: 0.5763637123857849 cumulative return: 123120.13952862844
DecisionTreeClassifier-p1-tr(8)-sw(6)-lw(24)-fa(0.5)-max(100000) f1 score: 0.4692899737409032 cumulative return: 154656.0127843494
DecisionTreeClassifier-p1-tr(8)-sw(6)-lw(24)-fa(0.8)-max(20000) f1 score: 0.5341870010519414 cumulative return: 109642.10539332866
DecisionTreeClassifier-p1-tr(8)-sw(6)-lw(24)-fa(0.8)-max(30000) f1 score: 0.5014155887310934 cumulative return: 116607.88429265961
DecisionTreeClassifier-p1-tr(8)-sw(6)-lw(24)-fa(0.8)-max(100000) f1 score: 0.4531694089214394 cumulative return: 154158.36379298562
DecisionTreeClassifier-p1-tr(8)-sw(6)-lw(24)-fa(1)-max(20000) f1 score: 0.2678126323857213 cumulative return: 104140.19679509352
DecisionTreeClassifier-p1-tr(8)-sw(6)-lw(24)-fa(1)-max(30000) f1 score: 0.40932040229033184 cumulative return: 113261.73947536065
DecisionTreeClassifier-p1-tr(8)-sw(6)-lw(24)-fa(1)-max(100000) f1 score: 0.5202980627825234 cumulative return: 164592.640939439
DecisionTreeClassifier-p1-tr(8)-sw(6)-lw(24)-fa(2)-max(20000) f1 score: -0.29188019297896384 cumulative return: 99273.24275146231
DecisionTreeClassifier-p1-tr(8)-sw(6)-lw(24)-fa(2)-max(30000) f1 score: -0.2686768086204179 cumulative return: 104235.92056087077
DecisionTreeClassifier-p1-tr(8)-sw(6)-lw(24)-fa(2)-max(100000) f1 score: -0.16571087572185395 cumulative return: 111089.84126962551
DecisionTreeClassifier-p1-tr(8)-sw(6)-lw(24)-fa(3)-max(20000) f1 score: -0.7903717394729535 cumulative return: 101287.33173571617
DecisionTreeClassifier-p1-tr(8)-sw(6)-lw(24)-fa(3)-max(30000) f1 score: -0.8124055101766141 cumulative return: 98739.61414414589
DecisionTreeClassifier-p1-tr(8)-sw(6)-lw(24)-fa(3)-max(100000) f1 score: -0.7901019374480245 cumulative return: 96971.94865353657
DecisionTreeClassifier-p1-tr(8)-sw(6)-lw(42)-fa(0.1)-max(20000) f1 score: 0.4603721443974047 cumulative return: 100683.10478698101
DecisionTreeClassifier-p1-tr(8)-sw(6)-lw(42)-fa(0.1)-max(30000) f1 score: 0.40522125157990296 cumulative return: 94485.68215913847
DecisionTreeClassifier-p1-tr(8)-sw(6)-lw(42)-fa(0.1)-max(100000) f1 score: 0.42024566287179665 cumulative return: 125732.46686921519
DecisionTreeClassifier-p1-tr(8)-sw(6)-lw(42)-fa(0.25)-max(20000) f1 score: 0.6119145819355969 cumulative return: 102560.49127716302
DecisionTreeClassifier-p1-tr(8)-sw(6)-lw(42)-fa(0.25)-max(30000) f1 score: 0.6065289446155834 cumulative return: 107954.37651932988
DecisionTreeClassifier-p1-tr(8)-sw(6)-lw(42)-fa(0.25)-max(100000) f1 score: 0.7099914034810736 cumulative return: 187484.55022670736
DecisionTreeClassifier-p1-tr(8)-sw(6)-lw(42)-fa(0.5)-max(20000) f1 score: 0.5639643737812647 cumulative return: 111802.12444316482
DecisionTreeClassifier-p1-tr(8)-sw(6)-lw(42)-fa(0.5)-max(30000) f1 score: 0.5662811546411113 cumulative return: 111616.8489486957
DecisionTreeClassifier-p1-tr(8)-sw(6)-lw(42)-fa(0.5)-max(100000) f1 score: 0.5881609776063839 cumulative return: 162951.01393370557
DecisionTreeClassifier-p1-tr(8)-sw(6)-lw(42)-fa(0.8)-max(20000) f1 score: 0.4264160039874558 cumulative return: 103841.49711491204
DecisionTreeClassifier-p1-tr(8)-sw(6)-lw(42)-fa(0.8)-max(30000) f1 score: 0.38204943504278965 cumulative return: 98069.54105873744
DecisionTreeClassifier-p1-tr(8)-sw(6)-lw(42)-fa(0.8)-max(100000) f1 score: 0.5003711129648928 cumulative return: 152951.67165290948
DecisionTreeClassifier-p1-tr(8)-sw(6)-lw(42)-fa(1)-max(20000) f1 score: 0.3981056018394279 cumulative return: 106193.59244815118
DecisionTreeClassifier-p1-tr(8)-sw(6)-lw(42)-fa(1)-max(30000) f1 score: 0.36664413093601256 cumulative return: 104003.76173715276
DecisionTreeClassifier-p1-tr(8)-sw(6)-lw(42)-fa(1)-max(100000) f1 score: 0.3900544938535424 cumulative return: 134614.03872319427
DecisionTreeClassifier-p1-tr(8)-sw(6)-lw(42)-fa(2)-max(20000) f1 score: -0.578342775133398 cumulative return: 98080.3283643209
DecisionTreeClassifier-p1-tr(8)-sw(6)-lw(42)-fa(2)-max(30000) f1 score: -0.67274064132739 cumulative return: 96326.73193280908
DecisionTreeClassifier-p1-tr(8)-sw(6)-lw(42)-fa(2)-max(100000) f1 score: -0.6219430187456427 cumulative return: 95524.81153618488
DecisionTreeClassifier-p1-tr(8)-sw(6)-lw(42)-fa(3)-max(20000) f1 score: -0.9594371982967718 cumulative return: 105101.53607064705
DecisionTreeClassifier-p1-tr(8)-sw(6)-lw(42)-fa(3)-max(30000) f1 score: -0.729127973181019 cumulative return: 103057.2810565498
DecisionTreeClassifier-p1-tr(8)-sw(6)-lw(42)-fa(3)-max(100000) f1 score: -0.9448492963329251 cumulative return: 96188.13584521707
DecisionTreeClassifier-p1-tr(8)-sw(6)-lw(60)-fa(0.1)-max(20000) f1 score: 0.5189359825159046 cumulative return: 104133.64648943408
DecisionTreeClassifier-p1-tr(8)-sw(6)-lw(60)-fa(0.1)-max(30000) f1 score: 0.554702818301674 cumulative return: 116698.42277053473
DecisionTreeClassifier-p1-tr(8)-sw(6)-lw(60)-fa(0.1)-max(100000) f1 score: 0.4725342159892547 cumulative return: 143113.55811023316
DecisionTreeClassifier-p1-tr(8)-sw(6)-lw(60)-fa(0.25)-max(20000) f1 score: 0.6278832085619187 cumulative return: 111308.71071063046
DecisionTreeClassifier-p1-tr(8)-sw(6)-lw(60)-fa(0.25)-max(30000) f1 score: 0.5845014511860308 cumulative return: 105920.50855999594
DecisionTreeClassifier-p1-tr(8)-sw(6)-lw(60)-fa(0.25)-max(100000) f1 score: 0.5987357930999271 cumulative return: 169040.36141357408
DecisionTreeClassifier-p1-tr(8)-sw(6)-lw(60)-fa(0.5)-max(20000) f1 score: 0.45103172179276463 cumulative return: 107282.94674933876
DecisionTreeClassifier-p1-tr(8)-sw(6)-lw(60)-fa(0.5)-max(30000) f1 score: 0.6105233617950229 cumulative return: 108365.90716574297
DecisionTreeClassifier-p1-tr(8)-sw(6)-lw(60)-fa(0.5)-max(100000) f1 score: 0.5474510991872772 cumulative return: 155116.4221988218
DecisionTreeClassifier-p1-tr(8)-sw(6)-lw(60)-fa(0.8)-max(20000) f1 score: 0.35621075849696915 cumulative return: 104764.70594181375
DecisionTreeClassifier-p1-tr(8)-sw(6)-lw(60)-fa(0.8)-max(30000) f1 score: 0.5752435942648533 cumulative return: 120963.69870087858
DecisionTreeClassifier-p1-tr(8)-sw(6)-lw(60)-fa(0.8)-max(100000) f1 score: 0.5347174664683223 cumulative return: 155226.3923403355
DecisionTreeClassifier-p1-tr(8)-sw(6)-lw(60)-fa(1)-max(20000) f1 score: 0.22462376620641045 cumulative return: 108404.09236480645
DecisionTreeClassifier-p1-tr(8)-sw(6)-lw(60)-fa(1)-max(30000) f1 score: 0.28647632649989463 cumulative return: 110403.04448177341
DecisionTreeClassifier-p1-tr(8)-sw(6)-lw(60)-fa(1)-max(100000) f1 score: 0.397964160885909 cumulative return: 141092.58309695922
DecisionTreeClassifier-p1-tr(8)-sw(6)-lw(60)-fa(2)-max(20000) f1 score: -0.5858634207641389 cumulative return: 99107.86850932238
DecisionTreeClassifier-p1-tr(8)-sw(6)-lw(60)-fa(2)-max(30000) f1 score: -0.5595165528943082 cumulative return: 101432.77903070151
DecisionTreeClassifier-p1-tr(8)-sw(6)-lw(60)-fa(2)-max(100000) f1 score: -0.6111523217137962 cumulative return: 97111.4738470211
DecisionTreeClassifier-p1-tr(8)-sw(6)-lw(60)-fa(3)-max(20000) f1 score: -0.85617473646795 cumulative return: 101234.58391471159
DecisionTreeClassifier-p1-tr(8)-sw(6)-lw(60)-fa(3)-max(30000) f1 score: -0.8382941073097614 cumulative return: 100221.87243007003
DecisionTreeClassifier-p1-tr(8)-sw(6)-lw(60)-fa(3)-max(100000) f1 score: -0.8432747872405932 cumulative return: 100707.45077969982
DecisionTreeClassifier-p1-tr(8)-sw(6)-lw(180)-fa(0.1)-max(20000) f1 score: 0.5017071630271072 cumulative return: 95016.38197037933
DecisionTreeClassifier-p1-tr(8)-sw(6)-lw(180)-fa(0.1)-max(30000) f1 score: 0.5159021770596044 cumulative return: 102169.7630792296
DecisionTreeClassifier-p1-tr(8)-sw(6)-lw(180)-fa(0.1)-max(100000) f1 score: 0.5554504900235726 cumulative return: 122412.73353881016
DecisionTreeClassifier-p1-tr(8)-sw(6)-lw(180)-fa(0.25)-max(20000) f1 score: 0.6279136646393509 cumulative return: 109425.07050569123
DecisionTreeClassifier-p1-tr(8)-sw(6)-lw(180)-fa(0.25)-max(30000) f1 score: 0.40060092805628666 cumulative return: 101896.57336314753
DecisionTreeClassifier-p1-tr(8)-sw(6)-lw(180)-fa(0.25)-max(100000) f1 score: 0.5552387380816738 cumulative return: 150186.21522226007
DecisionTreeClassifier-p1-tr(8)-sw(6)-lw(180)-fa(0.5)-max(20000) f1 score: 0.4921239860839597 cumulative return: 110769.45857646002
DecisionTreeClassifier-p1-tr(8)-sw(6)-lw(180)-fa(0.5)-max(30000) f1 score: 0.4238772386642875 cumulative return: 109080.00796639806
DecisionTreeClassifier-p1-tr(8)-sw(6)-lw(180)-fa(0.5)-max(100000) f1 score: 0.3250307061816391 cumulative return: 144856.7409929105
DecisionTreeClassifier-p1-tr(8)-sw(6)-lw(180)-fa(0.8)-max(20000) f1 score: 0.04754306569720024 cumulative return: 104214.28682353647
DecisionTreeClassifier-p1-tr(8)-sw(6)-lw(180)-fa(0.8)-max(30000) f1 score: 0.01778287894822239 cumulative return: 106311.46908063345
DecisionTreeClassifier-p1-tr(8)-sw(6)-lw(180)-fa(0.8)-max(100000) f1 score: 0.1853432573521171 cumulative return: 132415.24476734802
DecisionTreeClassifier-p1-tr(8)-sw(6)-lw(180)-fa(1)-max(20000) f1 score: 0.03332587501125672 cumulative return: 101700.47179650435
DecisionTreeClassifier-p1-tr(8)-sw(6)-lw(180)-fa(1)-max(30000) f1 score: 0.041620595574167085 cumulative return: 104321.66894106587
DecisionTreeClassifier-p1-tr(8)-sw(6)-lw(180)-fa(1)-max(100000) f1 score: 0.0923474387765727 cumulative return: 122303.41081925621
DecisionTreeClassifier-p1-tr(8)-sw(6)-lw(180)-fa(2)-max(20000) f1 score: -0.8771046219791676 cumulative return: 98868.53326000388
DecisionTreeClassifier-p1-tr(8)-sw(6)-lw(180)-fa(2)-max(30000) f1 score: -0.876217239548013 cumulative return: 99750.77483291615
DecisionTreeClassifier-p1-tr(8)-sw(6)-lw(180)-fa(2)-max(100000) f1 score: -0.7389378537989484 cumulative return: 98081.1347646947
DecisionTreeClassifier-p1-tr(8)-sw(6)-lw(180)-fa(3)-max(20000) f1 score: -0.8219513549840567 cumulative return: 98516.49323998441
DecisionTreeClassifier-p1-tr(8)-sw(6)-lw(180)-fa(3)-max(30000) f1 score: -0.8920814087395375 cumulative return: 99662.38318449137
DecisionTreeClassifier-p1-tr(8)-sw(6)-lw(180)-fa(3)-max(100000) f1 score: -0.9481110845132767 cumulative return: 100295.17737484755
DecisionTreeClassifier-p1-tr(8)-sw(6)-lw(252)-fa(0.1)-max(20000) f1 score: 0.6079391105648361 cumulative return: 105317.57706446049
DecisionTreeClassifier-p1-tr(8)-sw(6)-lw(252)-fa(0.1)-max(30000) f1 score: 0.4220801700130554 cumulative return: 73012.1495283007
DecisionTreeClassifier-p1-tr(8)-sw(6)-lw(252)-fa(0.1)-max(100000) f1 score: 0.31158025852854077 cumulative return: 108137.69166111614
DecisionTreeClassifier-p1-tr(8)-sw(6)-lw(252)-fa(0.25)-max(20000) f1 score: 0.5637451160796993 cumulative return: 102025.01681582213
DecisionTreeClassifier-p1-tr(8)-sw(6)-lw(252)-fa(0.25)-max(30000) f1 score: 0.5749335578498724 cumulative return: 106994.27790991342
DecisionTreeClassifier-p1-tr(8)-sw(6)-lw(252)-fa(0.25)-max(100000) f1 score: 0.5942634224057886 cumulative return: 150446.9777542167
DecisionTreeClassifier-p1-tr(8)-sw(6)-lw(252)-fa(0.5)-max(20000) f1 score: 0.21548066673734878 cumulative return: 93522.61765501573
DecisionTreeClassifier-p1-tr(8)-sw(6)-lw(252)-fa(0.5)-max(30000) f1 score: 0.3331739053457977 cumulative return: 108171.6531109154
DecisionTreeClassifier-p1-tr(8)-sw(6)-lw(252)-fa(0.5)-max(100000) f1 score: 0.39887623700809705 cumulative return: 136301.68481592892
DecisionTreeClassifier-p1-tr(8)-sw(6)-lw(252)-fa(0.8)-max(20000) f1 score: 0.27598547845556654 cumulative return: 106497.83165711109
DecisionTreeClassifier-p1-tr(8)-sw(6)-lw(252)-fa(0.8)-max(30000) f1 score: 0.10291548617525414 cumulative return: 98073.65486203933
DecisionTreeClassifier-p1-tr(8)-sw(6)-lw(252)-fa(0.8)-max(100000) f1 score: 0.19273369797456075 cumulative return: 125682.60332842867
DecisionTreeClassifier-p1-tr(8)-sw(6)-lw(252)-fa(1)-max(20000) f1 score: 0.031746342845895725 cumulative return: 104301.75053225282
DecisionTreeClassifier-p1-tr(8)-sw(6)-lw(252)-fa(1)-max(30000) f1 score: -0.15491774866146346 cumulative return: 102729.95007226866
DecisionTreeClassifier-p1-tr(8)-sw(6)-lw(252)-fa(1)-max(100000) f1 score: -0.24905291306830057 cumulative return: 108944.97955197343
DecisionTreeClassifier-p1-tr(8)-sw(6)-lw(252)-fa(2)-max(20000) f1 score: -0.6302724642189008 cumulative return: 102108.47366096912
DecisionTreeClassifier-p1-tr(8)-sw(6)-lw(252)-fa(2)-max(30000) f1 score: -0.5818914205238426 cumulative return: 104136.208108283
DecisionTreeClassifier-p1-tr(8)-sw(6)-lw(252)-fa(2)-max(100000) f1 score: -0.6028161231546609 cumulative return: 102234.3460329767
DecisionTreeClassifier-p1-tr(8)-sw(6)-lw(252)-fa(3)-max(20000) f1 score: -0.9788421043032622 cumulative return: 98437.41897074059
DecisionTreeClassifier-p1-tr(8)-sw(6)-lw(252)-fa(3)-max(30000) f1 score: -0.929914790771309 cumulative return: 102609.36959448598
DecisionTreeClassifier-p1-tr(8)-sw(6)-lw(252)-fa(3)-max(100000) f1 score: -0.9124034326071193 cumulative return: 101599.09858538359
maximum cumulative return for DecisionTreeClassifier models was 191418.1920518534 from model permutation DecisionTreeClassifier-p1-tr(8)-sw(1)-lw(42)-fa(0.25)-max(100000)
maximum f1 for DecisionTreeClassifier models was 0.7284333168364927 from model permutation DecisionTreeClassifier-p1-tr(8)-sw(4)-lw(60)-fa(0.25)-max(30000)
525 permutations tested 
end:  2022-07-10 02:24:01.456039
