start:  2022-07-10 01:18:35.128102
GradientBoostingClassifier-p1-tr(8)-sw(1)-lw(24)-fa(0.1)-max(20000) f1 score: 0.7154672538375849 cumulative return: 128706.36034451486
GradientBoostingClassifier-p1-tr(8)-sw(1)-lw(24)-fa(0.1)-max(30000) f1 score: 0.7659097913683487 cumulative return: 135919.8666567151
GradientBoostingClassifier-p1-tr(8)-sw(1)-lw(24)-fa(0.1)-max(100000) f1 score: 0.6992187104713138 cumulative return: 220345.0838494919
GradientBoostingClassifier-p1-tr(8)-sw(1)-lw(24)-fa(0.25)-max(20000) f1 score: 0.7979927070533807 cumulative return: 130873.6430516649
GradientBoostingClassifier-p1-tr(8)-sw(1)-lw(24)-fa(0.25)-max(30000) f1 score: 0.8025848926464358 cumulative return: 143830.55802958415
GradientBoostingClassifier-p1-tr(8)-sw(1)-lw(24)-fa(0.25)-max(100000) f1 score: 0.7959950548122364 cumulative return: 241786.27936369256
GradientBoostingClassifier-p1-tr(8)-sw(1)-lw(24)-fa(0.5)-max(20000) f1 score: 0.8393910359538375 cumulative return: 127278.04682440442
GradientBoostingClassifier-p1-tr(8)-sw(1)-lw(24)-fa(0.5)-max(30000) f1 score: 0.8364014105811948 cumulative return: 140187.10211080185
GradientBoostingClassifier-p1-tr(8)-sw(1)-lw(24)-fa(0.5)-max(100000) f1 score: 0.8359973297927503 cumulative return: 241438.67603637304
GradientBoostingClassifier-p1-tr(8)-sw(1)-lw(24)-fa(0.8)-max(20000) f1 score: 0.8677642096790052 cumulative return: 131732.96700592947
GradientBoostingClassifier-p1-tr(8)-sw(1)-lw(24)-fa(0.8)-max(30000) f1 score: 0.8381827645664421 cumulative return: 146675.56253461144
GradientBoostingClassifier-p1-tr(8)-sw(1)-lw(24)-fa(0.8)-max(100000) f1 score: 0.8792431528910596 cumulative return: 228723.34400926647
GradientBoostingClassifier-p1-tr(8)-sw(1)-lw(24)-fa(1)-max(20000) f1 score: 0.8135255590066492 cumulative return: 123749.83936035469
GradientBoostingClassifier-p1-tr(8)-sw(1)-lw(24)-fa(1)-max(30000) f1 score: 0.9045915378308049 cumulative return: 133880.8256388544
GradientBoostingClassifier-p1-tr(8)-sw(1)-lw(24)-fa(1)-max(100000) f1 score: 0.8895968902067938 cumulative return: 222324.81633219722
GradientBoostingClassifier-p1-tr(8)-sw(1)-lw(24)-fa(2)-max(20000) f1 score: 0.47666821038577845 cumulative return: 111267.56859440397
GradientBoostingClassifier-p1-tr(8)-sw(1)-lw(24)-fa(2)-max(30000) f1 score: 0.5047456426453626 cumulative return: 111468.38749922818
GradientBoostingClassifier-p1-tr(8)-sw(1)-lw(24)-fa(2)-max(100000) f1 score: 0.4861131461264121 cumulative return: 148233.7504477463
GradientBoostingClassifier-p1-tr(8)-sw(1)-lw(24)-fa(3)-max(20000) f1 score: -0.23854334056115567 cumulative return: 98372.3988235354
GradientBoostingClassifier-p1-tr(8)-sw(1)-lw(24)-fa(3)-max(30000) f1 score: -0.2618628844139115 cumulative return: 98605.21530546417
GradientBoostingClassifier-p1-tr(8)-sw(1)-lw(24)-fa(3)-max(100000) f1 score: -0.25983772429184837 cumulative return: 103795.39949443274
GradientBoostingClassifier-p1-tr(8)-sw(1)-lw(42)-fa(0.1)-max(20000) f1 score: 0.7573747096497123 cumulative return: 129910.54609090502
GradientBoostingClassifier-p1-tr(8)-sw(1)-lw(42)-fa(0.1)-max(30000) f1 score: 0.7179983039620492 cumulative return: 138293.97567053392
GradientBoostingClassifier-p1-tr(8)-sw(1)-lw(42)-fa(0.1)-max(100000) f1 score: 0.7746733930925873 cumulative return: 236202.11262955517
GradientBoostingClassifier-p1-tr(8)-sw(1)-lw(42)-fa(0.25)-max(20000) f1 score: 0.8171646987514793 cumulative return: 125555.47024063002
GradientBoostingClassifier-p1-tr(8)-sw(1)-lw(42)-fa(0.25)-max(30000) f1 score: 0.8150585471075933 cumulative return: 142892.91384703264
GradientBoostingClassifier-p1-tr(8)-sw(1)-lw(42)-fa(0.25)-max(100000) f1 score: 0.8109641617014742 cumulative return: 235949.19126307452
GradientBoostingClassifier-p1-tr(8)-sw(1)-lw(42)-fa(0.5)-max(20000) f1 score: 0.8474174903756182 cumulative return: 122344.65152394908
GradientBoostingClassifier-p1-tr(8)-sw(1)-lw(42)-fa(0.5)-max(30000) f1 score: 0.8846439390887527 cumulative return: 131366.2336129532
GradientBoostingClassifier-p1-tr(8)-sw(1)-lw(42)-fa(0.5)-max(100000) f1 score: 0.910346767676025 cumulative return: 218024.59739145578
GradientBoostingClassifier-p1-tr(8)-sw(1)-lw(42)-fa(0.8)-max(20000) f1 score: 0.8755532726208347 cumulative return: 127699.86226807258
GradientBoostingClassifier-p1-tr(8)-sw(1)-lw(42)-fa(0.8)-max(30000) f1 score: 0.8628724979860961 cumulative return: 140450.01769654712
GradientBoostingClassifier-p1-tr(8)-sw(1)-lw(42)-fa(0.8)-max(100000) f1 score: 0.8421941691081241 cumulative return: 239930.18054358196
GradientBoostingClassifier-p1-tr(8)-sw(1)-lw(42)-fa(1)-max(20000) f1 score: 0.8673153268396419 cumulative return: 120316.5485315274
GradientBoostingClassifier-p1-tr(8)-sw(1)-lw(42)-fa(1)-max(30000) f1 score: 0.8673320892389516 cumulative return: 131100.8565211
GradientBoostingClassifier-p1-tr(8)-sw(1)-lw(42)-fa(1)-max(100000) f1 score: 0.8511995491761715 cumulative return: 195785.10821101067
GradientBoostingClassifier-p1-tr(8)-sw(1)-lw(42)-fa(2)-max(20000) f1 score: 0.28529411560887397 cumulative return: 110975.45963345705
GradientBoostingClassifier-p1-tr(8)-sw(1)-lw(42)-fa(2)-max(30000) f1 score: 0.27998704649660444 cumulative return: 115621.81633993049
GradientBoostingClassifier-p1-tr(8)-sw(1)-lw(42)-fa(2)-max(100000) f1 score: 0.34905137727085345 cumulative return: 145120.7597779286
GradientBoostingClassifier-p1-tr(8)-sw(1)-lw(42)-fa(3)-max(20000) f1 score: -0.6521566507913741 cumulative return: 101778.47798790208
GradientBoostingClassifier-p1-tr(8)-sw(1)-lw(42)-fa(3)-max(30000) f1 score: -0.6116241768530477 cumulative return: 100625.02292686676
GradientBoostingClassifier-p1-tr(8)-sw(1)-lw(42)-fa(3)-max(100000) f1 score: -0.6771261718771311 cumulative return: 101624.81580398294
GradientBoostingClassifier-p1-tr(8)-sw(1)-lw(60)-fa(0.1)-max(20000) f1 score: 0.7804549490217119 cumulative return: 126826.94690691883
GradientBoostingClassifier-p1-tr(8)-sw(1)-lw(60)-fa(0.1)-max(30000) f1 score: 0.7836861478104707 cumulative return: 139019.55497195045
GradientBoostingClassifier-p1-tr(8)-sw(1)-lw(60)-fa(0.1)-max(100000) f1 score: 0.8041774557777822 cumulative return: 234823.93984872825
GradientBoostingClassifier-p1-tr(8)-sw(1)-lw(60)-fa(0.25)-max(20000) f1 score: 0.827668921413889 cumulative return: 128449.48732262722
GradientBoostingClassifier-p1-tr(8)-sw(1)-lw(60)-fa(0.25)-max(30000) f1 score: 0.8234075224899363 cumulative return: 139853.14736515834
GradientBoostingClassifier-p1-tr(8)-sw(1)-lw(60)-fa(0.25)-max(100000) f1 score: 0.8485408174427544 cumulative return: 240032.00390350772
GradientBoostingClassifier-p1-tr(8)-sw(1)-lw(60)-fa(0.5)-max(20000) f1 score: 0.8548234878976484 cumulative return: 118577.37583864102
GradientBoostingClassifier-p1-tr(8)-sw(1)-lw(60)-fa(0.5)-max(30000) f1 score: 0.8511651109747046 cumulative return: 130419.79447996194
GradientBoostingClassifier-p1-tr(8)-sw(1)-lw(60)-fa(0.5)-max(100000) f1 score: 0.8597321953519002 cumulative return: 218933.7529924661
GradientBoostingClassifier-p1-tr(8)-sw(1)-lw(60)-fa(0.8)-max(20000) f1 score: 0.8895805679545278 cumulative return: 124284.0100329165
GradientBoostingClassifier-p1-tr(8)-sw(1)-lw(60)-fa(0.8)-max(30000) f1 score: 0.8906330642921428 cumulative return: 134798.74297121496
GradientBoostingClassifier-p1-tr(8)-sw(1)-lw(60)-fa(0.8)-max(100000) f1 score: 0.8564907755862676 cumulative return: 214689.485962326
GradientBoostingClassifier-p1-tr(8)-sw(1)-lw(60)-fa(1)-max(20000) f1 score: 0.8528074816638982 cumulative return: 122586.83309605806
GradientBoostingClassifier-p1-tr(8)-sw(1)-lw(60)-fa(1)-max(30000) f1 score: 0.8410468848427537 cumulative return: 133185.72414118354
GradientBoostingClassifier-p1-tr(8)-sw(1)-lw(60)-fa(1)-max(100000) f1 score: 0.8435264116234151 cumulative return: 212155.8804120076
GradientBoostingClassifier-p1-tr(8)-sw(1)-lw(60)-fa(2)-max(20000) f1 score: 0.08425900148469234 cumulative return: 106582.03924994614
GradientBoostingClassifier-p1-tr(8)-sw(1)-lw(60)-fa(2)-max(30000) f1 score: 0.13673761918285432 cumulative return: 116621.96734093661
GradientBoostingClassifier-p1-tr(8)-sw(1)-lw(60)-fa(2)-max(100000) f1 score: 0.17232315194478343 cumulative return: 130823.72442549764
GradientBoostingClassifier-p1-tr(8)-sw(1)-lw(60)-fa(3)-max(20000) f1 score: -0.6168757013891337 cumulative return: 100448.46922215115
GradientBoostingClassifier-p1-tr(8)-sw(1)-lw(60)-fa(3)-max(30000) f1 score: -0.6476104447643904 cumulative return: 100987.01381377772
GradientBoostingClassifier-p1-tr(8)-sw(1)-lw(60)-fa(3)-max(100000) f1 score: -0.4699141221344334 cumulative return: 106168.052200479
GradientBoostingClassifier-p1-tr(8)-sw(1)-lw(180)-fa(0.1)-max(20000) f1 score: 0.784956866747314 cumulative return: 118543.70188803793
GradientBoostingClassifier-p1-tr(8)-sw(1)-lw(180)-fa(0.1)-max(30000) f1 score: 0.7669661428030232 cumulative return: 128477.91932864551
GradientBoostingClassifier-p1-tr(8)-sw(1)-lw(180)-fa(0.1)-max(100000) f1 score: 0.7835929380666389 cumulative return: 223005.67081424443
GradientBoostingClassifier-p1-tr(8)-sw(1)-lw(180)-fa(0.25)-max(20000) f1 score: 0.8711208186157992 cumulative return: 121905.56430581829
GradientBoostingClassifier-p1-tr(8)-sw(1)-lw(180)-fa(0.25)-max(30000) f1 score: 0.8933693191388792 cumulative return: 135456.8609272352
GradientBoostingClassifier-p1-tr(8)-sw(1)-lw(180)-fa(0.25)-max(100000) f1 score: 0.8507017538327077 cumulative return: 230061.9612932735
GradientBoostingClassifier-p1-tr(8)-sw(1)-lw(180)-fa(0.5)-max(20000) f1 score: 0.886605911914154 cumulative return: 124684.11591922001
GradientBoostingClassifier-p1-tr(8)-sw(1)-lw(180)-fa(0.5)-max(30000) f1 score: 0.8646020624283188 cumulative return: 130333.84196707993
GradientBoostingClassifier-p1-tr(8)-sw(1)-lw(180)-fa(0.5)-max(100000) f1 score: 0.8565001909026502 cumulative return: 211893.23931192324
GradientBoostingClassifier-p1-tr(8)-sw(1)-lw(180)-fa(0.8)-max(20000) f1 score: 0.8447072029801005 cumulative return: 125274.40758698269
GradientBoostingClassifier-p1-tr(8)-sw(1)-lw(180)-fa(0.8)-max(30000) f1 score: 0.8329769661619789 cumulative return: 127864.76001856284
GradientBoostingClassifier-p1-tr(8)-sw(1)-lw(180)-fa(0.8)-max(100000) f1 score: 0.8555642253647013 cumulative return: 204576.8816971064
GradientBoostingClassifier-p1-tr(8)-sw(1)-lw(180)-fa(1)-max(20000) f1 score: 0.771518038060414 cumulative return: 113374.81747616411
GradientBoostingClassifier-p1-tr(8)-sw(1)-lw(180)-fa(1)-max(30000) f1 score: 0.7773691274452035 cumulative return: 122943.42818708326
GradientBoostingClassifier-p1-tr(8)-sw(1)-lw(180)-fa(1)-max(100000) f1 score: 0.7465088508793577 cumulative return: 177553.2783451522
GradientBoostingClassifier-p1-tr(8)-sw(1)-lw(180)-fa(2)-max(20000) f1 score: -0.06729810130291525 cumulative return: 102235.4129399937
GradientBoostingClassifier-p1-tr(8)-sw(1)-lw(180)-fa(2)-max(30000) f1 score: -0.11681802785466244 cumulative return: 104131.53884994503
GradientBoostingClassifier-p1-tr(8)-sw(1)-lw(180)-fa(2)-max(100000) f1 score: -0.08875368406372908 cumulative return: 115221.66108297333
GradientBoostingClassifier-p1-tr(8)-sw(1)-lw(180)-fa(3)-max(20000) f1 score: -0.9259733768530178 cumulative return: 100231.26680039204
GradientBoostingClassifier-p1-tr(8)-sw(1)-lw(180)-fa(3)-max(30000) f1 score: -0.9200506732072742 cumulative return: 101100.90519738519
GradientBoostingClassifier-p1-tr(8)-sw(1)-lw(180)-fa(3)-max(100000) f1 score: -0.9167217448842524 cumulative return: 101514.73480948516
GradientBoostingClassifier-p1-tr(8)-sw(1)-lw(252)-fa(0.1)-max(20000) f1 score: 0.8165531183163939 cumulative return: 120869.2116420164
GradientBoostingClassifier-p1-tr(8)-sw(1)-lw(252)-fa(0.1)-max(30000) f1 score: 0.7712924690311889 cumulative return: 130665.94607611389
GradientBoostingClassifier-p1-tr(8)-sw(1)-lw(252)-fa(0.1)-max(100000) f1 score: 0.7878701587822717 cumulative return: 200438.48950834194
GradientBoostingClassifier-p1-tr(8)-sw(1)-lw(252)-fa(0.25)-max(20000) f1 score: 0.8572321741286939 cumulative return: 119102.0405329098
GradientBoostingClassifier-p1-tr(8)-sw(1)-lw(252)-fa(0.25)-max(30000) f1 score: 0.8873595940432192 cumulative return: 130425.20669516998
GradientBoostingClassifier-p1-tr(8)-sw(1)-lw(252)-fa(0.25)-max(100000) f1 score: 0.8745223481662372 cumulative return: 212535.487582057
GradientBoostingClassifier-p1-tr(8)-sw(1)-lw(252)-fa(0.5)-max(20000) f1 score: 0.8577574741688245 cumulative return: 118043.84248859642
GradientBoostingClassifier-p1-tr(8)-sw(1)-lw(252)-fa(0.5)-max(30000) f1 score: 0.8773453350018727 cumulative return: 132206.78740703466
GradientBoostingClassifier-p1-tr(8)-sw(1)-lw(252)-fa(0.5)-max(100000) f1 score: 0.8803761289117028 cumulative return: 205992.48092958995
GradientBoostingClassifier-p1-tr(8)-sw(1)-lw(252)-fa(0.8)-max(20000) f1 score: 0.811956408638733 cumulative return: 116462.30785159806
GradientBoostingClassifier-p1-tr(8)-sw(1)-lw(252)-fa(0.8)-max(30000) f1 score: 0.7703310364907917 cumulative return: 125482.39800833672
GradientBoostingClassifier-p1-tr(8)-sw(1)-lw(252)-fa(0.8)-max(100000) f1 score: 0.8077674390499784 cumulative return: 196024.7325417839
GradientBoostingClassifier-p1-tr(8)-sw(1)-lw(252)-fa(1)-max(20000) f1 score: 0.668267042676243 cumulative return: 112617.9055536247
GradientBoostingClassifier-p1-tr(8)-sw(1)-lw(252)-fa(1)-max(30000) f1 score: 0.6937492845546886 cumulative return: 125678.62110911777
GradientBoostingClassifier-p1-tr(8)-sw(1)-lw(252)-fa(1)-max(100000) f1 score: 0.7168137945024514 cumulative return: 171944.89792814906
GradientBoostingClassifier-p1-tr(8)-sw(1)-lw(252)-fa(2)-max(20000) f1 score: -0.20095746712040397 cumulative return: 100223.52901593407
GradientBoostingClassifier-p1-tr(8)-sw(1)-lw(252)-fa(2)-max(30000) f1 score: -0.1446327553149409 cumulative return: 101216.41398605489
GradientBoostingClassifier-p1-tr(8)-sw(1)-lw(252)-fa(2)-max(100000) f1 score: -0.12689170994574317 cumulative return: 108905.03587548686
GradientBoostingClassifier-p1-tr(8)-sw(1)-lw(252)-fa(3)-max(20000) f1 score: -1.0000491262434172 cumulative return: 99145.76240835435
GradientBoostingClassifier-p1-tr(8)-sw(1)-lw(252)-fa(3)-max(30000) f1 score: -1.0000256863518304 cumulative return: 99598.30087461499
GradientBoostingClassifier-p1-tr(8)-sw(1)-lw(252)-fa(3)-max(100000) f1 score: -1.0000177070431118 cumulative return: 99953.88578131756
GradientBoostingClassifier-p1-tr(8)-sw(2)-lw(24)-fa(0.1)-max(20000) f1 score: 0.7438441318356521 cumulative return: 126100.39392214904
GradientBoostingClassifier-p1-tr(8)-sw(2)-lw(24)-fa(0.1)-max(30000) f1 score: 0.7242885306936442 cumulative return: 134262.18460421942
GradientBoostingClassifier-p1-tr(8)-sw(2)-lw(24)-fa(0.1)-max(100000) f1 score: 0.7499884796010561 cumulative return: 225577.52248324937
GradientBoostingClassifier-p1-tr(8)-sw(2)-lw(24)-fa(0.25)-max(20000) f1 score: 0.8128532853058275 cumulative return: 129802.63533887427
GradientBoostingClassifier-p1-tr(8)-sw(2)-lw(24)-fa(0.25)-max(30000) f1 score: 0.8096289003268367 cumulative return: 145010.95783375384
GradientBoostingClassifier-p1-tr(8)-sw(2)-lw(24)-fa(0.25)-max(100000) f1 score: 0.816574134471228 cumulative return: 229656.0698422741
GradientBoostingClassifier-p1-tr(8)-sw(2)-lw(24)-fa(0.5)-max(20000) f1 score: 0.8431141983079852 cumulative return: 125660.67978497593
GradientBoostingClassifier-p1-tr(8)-sw(2)-lw(24)-fa(0.5)-max(30000) f1 score: 0.8499196053000028 cumulative return: 138892.4188057948
GradientBoostingClassifier-p1-tr(8)-sw(2)-lw(24)-fa(0.5)-max(100000) f1 score: 0.8132181154766689 cumulative return: 231075.49996826093
GradientBoostingClassifier-p1-tr(8)-sw(2)-lw(24)-fa(0.8)-max(20000) f1 score: 0.8530586976199577 cumulative return: 126083.70155562524
GradientBoostingClassifier-p1-tr(8)-sw(2)-lw(24)-fa(0.8)-max(30000) f1 score: 0.8767614272884456 cumulative return: 137239.41588031774
GradientBoostingClassifier-p1-tr(8)-sw(2)-lw(24)-fa(0.8)-max(100000) f1 score: 0.85572662301553 cumulative return: 230934.68386759702
GradientBoostingClassifier-p1-tr(8)-sw(2)-lw(24)-fa(1)-max(20000) f1 score: 0.8956607318888754 cumulative return: 125233.74118506661
GradientBoostingClassifier-p1-tr(8)-sw(2)-lw(24)-fa(1)-max(30000) f1 score: 0.890922364651288 cumulative return: 138358.7978254885
GradientBoostingClassifier-p1-tr(8)-sw(2)-lw(24)-fa(1)-max(100000) f1 score: 0.8800971180148912 cumulative return: 216827.65788137898
GradientBoostingClassifier-p1-tr(8)-sw(2)-lw(24)-fa(2)-max(20000) f1 score: 0.5274673991498532 cumulative return: 110576.13679721017
GradientBoostingClassifier-p1-tr(8)-sw(2)-lw(24)-fa(2)-max(30000) f1 score: 0.5736213069018049 cumulative return: 112005.02747859151
GradientBoostingClassifier-p1-tr(8)-sw(2)-lw(24)-fa(2)-max(100000) f1 score: 0.5278438290338662 cumulative return: 146815.4703841066
GradientBoostingClassifier-p1-tr(8)-sw(2)-lw(24)-fa(3)-max(20000) f1 score: -0.3063107314149516 cumulative return: 100388.84683703394
GradientBoostingClassifier-p1-tr(8)-sw(2)-lw(24)-fa(3)-max(30000) f1 score: -0.2827074161949905 cumulative return: 100216.06104854497
GradientBoostingClassifier-p1-tr(8)-sw(2)-lw(24)-fa(3)-max(100000) f1 score: -0.26003177993438653 cumulative return: 104895.99643259915
GradientBoostingClassifier-p1-tr(8)-sw(2)-lw(42)-fa(0.1)-max(20000) f1 score: 0.7564448262350636 cumulative return: 124970.47334410776
GradientBoostingClassifier-p1-tr(8)-sw(2)-lw(42)-fa(0.1)-max(30000) f1 score: 0.7425862222439771 cumulative return: 144409.36430992465
GradientBoostingClassifier-p1-tr(8)-sw(2)-lw(42)-fa(0.1)-max(100000) f1 score: 0.7270277850691996 cumulative return: 237452.1522056956
GradientBoostingClassifier-p1-tr(8)-sw(2)-lw(42)-fa(0.25)-max(20000) f1 score: 0.8328443204901831 cumulative return: 129340.71533054984
GradientBoostingClassifier-p1-tr(8)-sw(2)-lw(42)-fa(0.25)-max(30000) f1 score: 0.8195717550461687 cumulative return: 131062.52009207738
GradientBoostingClassifier-p1-tr(8)-sw(2)-lw(42)-fa(0.25)-max(100000) f1 score: 0.8354569470807063 cumulative return: 236450.68286179547
GradientBoostingClassifier-p1-tr(8)-sw(2)-lw(42)-fa(0.5)-max(20000) f1 score: 0.86920168360215 cumulative return: 125574.2059402001
GradientBoostingClassifier-p1-tr(8)-sw(2)-lw(42)-fa(0.5)-max(30000) f1 score: 0.8653540157125255 cumulative return: 142391.21008573382
GradientBoostingClassifier-p1-tr(8)-sw(2)-lw(42)-fa(0.5)-max(100000) f1 score: 0.8685695858426006 cumulative return: 219401.2039770027
GradientBoostingClassifier-p1-tr(8)-sw(2)-lw(42)-fa(0.8)-max(20000) f1 score: 0.8609652070404936 cumulative return: 130503.0093233274
GradientBoostingClassifier-p1-tr(8)-sw(2)-lw(42)-fa(0.8)-max(30000) f1 score: 0.8625067891415328 cumulative return: 138799.5697094225
GradientBoostingClassifier-p1-tr(8)-sw(2)-lw(42)-fa(0.8)-max(100000) f1 score: 0.8654258798890073 cumulative return: 223048.05340577598
GradientBoostingClassifier-p1-tr(8)-sw(2)-lw(42)-fa(1)-max(20000) f1 score: 0.8549907087930244 cumulative return: 120738.7708611756
GradientBoostingClassifier-p1-tr(8)-sw(2)-lw(42)-fa(1)-max(30000) f1 score: 0.8718756293109221 cumulative return: 132116.15896275494
GradientBoostingClassifier-p1-tr(8)-sw(2)-lw(42)-fa(1)-max(100000) f1 score: 0.8549862164093145 cumulative return: 209729.24667217222
GradientBoostingClassifier-p1-tr(8)-sw(2)-lw(42)-fa(2)-max(20000) f1 score: 0.34170531551655925 cumulative return: 111858.72394254663
GradientBoostingClassifier-p1-tr(8)-sw(2)-lw(42)-fa(2)-max(30000) f1 score: 0.2557399486330416 cumulative return: 113088.49663523208
GradientBoostingClassifier-p1-tr(8)-sw(2)-lw(42)-fa(2)-max(100000) f1 score: 0.3428664304335559 cumulative return: 141417.95952214467
GradientBoostingClassifier-p1-tr(8)-sw(2)-lw(42)-fa(3)-max(20000) f1 score: -0.6631279246347799 cumulative return: 100909.10800176644
GradientBoostingClassifier-p1-tr(8)-sw(2)-lw(42)-fa(3)-max(30000) f1 score: -0.6507557311753378 cumulative return: 101040.66446919146
GradientBoostingClassifier-p1-tr(8)-sw(2)-lw(42)-fa(3)-max(100000) f1 score: -0.6259754969059277 cumulative return: 99919.67769978932
GradientBoostingClassifier-p1-tr(8)-sw(2)-lw(60)-fa(0.1)-max(20000) f1 score: 0.764169181616298 cumulative return: 126266.20797413202
GradientBoostingClassifier-p1-tr(8)-sw(2)-lw(60)-fa(0.1)-max(30000) f1 score: 0.7918105742019631 cumulative return: 140067.07448178736
GradientBoostingClassifier-p1-tr(8)-sw(2)-lw(60)-fa(0.1)-max(100000) f1 score: 0.7580614661713764 cumulative return: 223405.26245322335
GradientBoostingClassifier-p1-tr(8)-sw(2)-lw(60)-fa(0.25)-max(20000) f1 score: 0.8168403203164663 cumulative return: 124248.12182180643
GradientBoostingClassifier-p1-tr(8)-sw(2)-lw(60)-fa(0.25)-max(30000) f1 score: 0.8425992939433695 cumulative return: 140096.6016140846
GradientBoostingClassifier-p1-tr(8)-sw(2)-lw(60)-fa(0.25)-max(100000) f1 score: 0.8631344566179786 cumulative return: 237486.41287540423
GradientBoostingClassifier-p1-tr(8)-sw(2)-lw(60)-fa(0.5)-max(20000) f1 score: 0.8122639527312371 cumulative return: 120713.91620870944
GradientBoostingClassifier-p1-tr(8)-sw(2)-lw(60)-fa(0.5)-max(30000) f1 score: 0.8357579328261506 cumulative return: 127813.47500595683
GradientBoostingClassifier-p1-tr(8)-sw(2)-lw(60)-fa(0.5)-max(100000) f1 score: 0.8444508584784154 cumulative return: 216572.35056966217
GradientBoostingClassifier-p1-tr(8)-sw(2)-lw(60)-fa(0.8)-max(20000) f1 score: 0.880917992566195 cumulative return: 122727.09782002718
GradientBoostingClassifier-p1-tr(8)-sw(2)-lw(60)-fa(0.8)-max(30000) f1 score: 0.8803454147715596 cumulative return: 134697.87447888253
GradientBoostingClassifier-p1-tr(8)-sw(2)-lw(60)-fa(0.8)-max(100000) f1 score: 0.9058865219351989 cumulative return: 220030.73839499644
GradientBoostingClassifier-p1-tr(8)-sw(2)-lw(60)-fa(1)-max(20000) f1 score: 0.8611102867517518 cumulative return: 120644.26858396007
GradientBoostingClassifier-p1-tr(8)-sw(2)-lw(60)-fa(1)-max(30000) f1 score: 0.8599412969599047 cumulative return: 132215.30819722332
GradientBoostingClassifier-p1-tr(8)-sw(2)-lw(60)-fa(1)-max(100000) f1 score: 0.8307306872245098 cumulative return: 205770.00438900362
GradientBoostingClassifier-p1-tr(8)-sw(2)-lw(60)-fa(2)-max(20000) f1 score: 0.09785833002675637 cumulative return: 106573.24514834564
GradientBoostingClassifier-p1-tr(8)-sw(2)-lw(60)-fa(2)-max(30000) f1 score: 0.11723766546936432 cumulative return: 113488.54182630745
GradientBoostingClassifier-p1-tr(8)-sw(2)-lw(60)-fa(2)-max(100000) f1 score: 0.1439206868799181 cumulative return: 141026.39705028164
GradientBoostingClassifier-p1-tr(8)-sw(2)-lw(60)-fa(3)-max(20000) f1 score: -0.6461731916185951 cumulative return: 100534.24048292836
GradientBoostingClassifier-p1-tr(8)-sw(2)-lw(60)-fa(3)-max(30000) f1 score: -0.6978470061580664 cumulative return: 100326.18795866398
GradientBoostingClassifier-p1-tr(8)-sw(2)-lw(60)-fa(3)-max(100000) f1 score: -0.6668658218322827 cumulative return: 102181.20241654941
GradientBoostingClassifier-p1-tr(8)-sw(2)-lw(180)-fa(0.1)-max(20000) f1 score: 0.7516987834486828 cumulative return: 117898.54114121797
GradientBoostingClassifier-p1-tr(8)-sw(2)-lw(180)-fa(0.1)-max(30000) f1 score: 0.7351858196547453 cumulative return: 131594.19292573436
GradientBoostingClassifier-p1-tr(8)-sw(2)-lw(180)-fa(0.1)-max(100000) f1 score: 0.7687782333048274 cumulative return: 211906.3255999905
GradientBoostingClassifier-p1-tr(8)-sw(2)-lw(180)-fa(0.25)-max(20000) f1 score: 0.8678729499359941 cumulative return: 123742.56675304954
GradientBoostingClassifier-p1-tr(8)-sw(2)-lw(180)-fa(0.25)-max(30000) f1 score: 0.8492462083884169 cumulative return: 133170.24915741483
GradientBoostingClassifier-p1-tr(8)-sw(2)-lw(180)-fa(0.25)-max(100000) f1 score: 0.8179272697617131 cumulative return: 220883.27020514722
GradientBoostingClassifier-p1-tr(8)-sw(2)-lw(180)-fa(0.5)-max(20000) f1 score: 0.8868858635444574 cumulative return: 122274.1751855054
GradientBoostingClassifier-p1-tr(8)-sw(2)-lw(180)-fa(0.5)-max(30000) f1 score: 0.8566716056490948 cumulative return: 132821.14135040832
GradientBoostingClassifier-p1-tr(8)-sw(2)-lw(180)-fa(0.5)-max(100000) f1 score: 0.8744887515337179 cumulative return: 212593.01825001705
GradientBoostingClassifier-p1-tr(8)-sw(2)-lw(180)-fa(0.8)-max(20000) f1 score: 0.8171910614342925 cumulative return: 121123.34461989369
GradientBoostingClassifier-p1-tr(8)-sw(2)-lw(180)-fa(0.8)-max(30000) f1 score: 0.835467641143981 cumulative return: 132383.6485350417
GradientBoostingClassifier-p1-tr(8)-sw(2)-lw(180)-fa(0.8)-max(100000) f1 score: 0.802855715964822 cumulative return: 192710.29692437506
GradientBoostingClassifier-p1-tr(8)-sw(2)-lw(180)-fa(1)-max(20000) f1 score: 0.7740802507367526 cumulative return: 115678.20926135505
GradientBoostingClassifier-p1-tr(8)-sw(2)-lw(180)-fa(1)-max(30000) f1 score: 0.7447480065709073 cumulative return: 121557.28545465115
GradientBoostingClassifier-p1-tr(8)-sw(2)-lw(180)-fa(1)-max(100000) f1 score: 0.7372846397508191 cumulative return: 167243.39235703385
GradientBoostingClassifier-p1-tr(8)-sw(2)-lw(180)-fa(2)-max(20000) f1 score: -0.087503208780634 cumulative return: 103197.89369929352
GradientBoostingClassifier-p1-tr(8)-sw(2)-lw(180)-fa(2)-max(30000) f1 score: -0.1273286295128906 cumulative return: 105564.4909969005
GradientBoostingClassifier-p1-tr(8)-sw(2)-lw(180)-fa(2)-max(100000) f1 score: -0.14180928790135172 cumulative return: 111360.46550936787
GradientBoostingClassifier-p1-tr(8)-sw(2)-lw(180)-fa(3)-max(20000) f1 score: -0.8824883384128792 cumulative return: 100733.9367982568
GradientBoostingClassifier-p1-tr(8)-sw(2)-lw(180)-fa(3)-max(30000) f1 score: -0.8751552533903513 cumulative return: 101027.72225683443
GradientBoostingClassifier-p1-tr(8)-sw(2)-lw(180)-fa(3)-max(100000) f1 score: -0.9333769507755336 cumulative return: 104723.15133822274
GradientBoostingClassifier-p1-tr(8)-sw(2)-lw(252)-fa(0.1)-max(20000) f1 score: 0.7745661457300688 cumulative return: 113798.25511406233
GradientBoostingClassifier-p1-tr(8)-sw(2)-lw(252)-fa(0.1)-max(30000) f1 score: 0.7688507364589865 cumulative return: 133060.63585307763
GradientBoostingClassifier-p1-tr(8)-sw(2)-lw(252)-fa(0.1)-max(100000) f1 score: 0.7984242933550896 cumulative return: 209165.75865921733
GradientBoostingClassifier-p1-tr(8)-sw(2)-lw(252)-fa(0.25)-max(20000) f1 score: 0.8580242724191502 cumulative return: 121421.24725935489
GradientBoostingClassifier-p1-tr(8)-sw(2)-lw(252)-fa(0.25)-max(30000) f1 score: 0.8691578783812095 cumulative return: 135229.97948902776
GradientBoostingClassifier-p1-tr(8)-sw(2)-lw(252)-fa(0.25)-max(100000) f1 score: 0.8426550947531645 cumulative return: 219932.2763156271
GradientBoostingClassifier-p1-tr(8)-sw(2)-lw(252)-fa(0.5)-max(20000) f1 score: 0.8650726316005724 cumulative return: 119878.15208392526
GradientBoostingClassifier-p1-tr(8)-sw(2)-lw(252)-fa(0.5)-max(30000) f1 score: 0.8733798645646168 cumulative return: 131639.23146981114
GradientBoostingClassifier-p1-tr(8)-sw(2)-lw(252)-fa(0.5)-max(100000) f1 score: 0.8780556751038882 cumulative return: 212006.4888169961
GradientBoostingClassifier-p1-tr(8)-sw(2)-lw(252)-fa(0.8)-max(20000) f1 score: 0.8183697962097904 cumulative return: 118091.37110309402
GradientBoostingClassifier-p1-tr(8)-sw(2)-lw(252)-fa(0.8)-max(30000) f1 score: 0.8156051470309341 cumulative return: 130828.82676911139
GradientBoostingClassifier-p1-tr(8)-sw(2)-lw(252)-fa(0.8)-max(100000) f1 score: 0.79714044598581 cumulative return: 195937.1779477913
GradientBoostingClassifier-p1-tr(8)-sw(2)-lw(252)-fa(1)-max(20000) f1 score: 0.668938158656533 cumulative return: 117375.90842278043
GradientBoostingClassifier-p1-tr(8)-sw(2)-lw(252)-fa(1)-max(30000) f1 score: 0.7175687119788887 cumulative return: 125243.7715178224
GradientBoostingClassifier-p1-tr(8)-sw(2)-lw(252)-fa(1)-max(100000) f1 score: 0.6721053494443923 cumulative return: 170745.66294849187
GradientBoostingClassifier-p1-tr(8)-sw(2)-lw(252)-fa(2)-max(20000) f1 score: -0.2182602671775664 cumulative return: 100539.40835277493
GradientBoostingClassifier-p1-tr(8)-sw(2)-lw(252)-fa(2)-max(30000) f1 score: -0.12675966182354426 cumulative return: 99056.01386367434
GradientBoostingClassifier-p1-tr(8)-sw(2)-lw(252)-fa(2)-max(100000) f1 score: -0.16979368755357815 cumulative return: 109827.33953470073
GradientBoostingClassifier-p1-tr(8)-sw(2)-lw(252)-fa(3)-max(20000) f1 score: -0.9111729746259569 cumulative return: 100314.44698098037
GradientBoostingClassifier-p1-tr(8)-sw(2)-lw(252)-fa(3)-max(30000) f1 score: -0.734703266908209 cumulative return: 99803.3366879971
GradientBoostingClassifier-p1-tr(8)-sw(2)-lw(252)-fa(3)-max(100000) f1 score: -1.0000159452835966 cumulative return: 100408.81999319124
GradientBoostingClassifier-p1-tr(8)-sw(3)-lw(24)-fa(0.1)-max(20000) f1 score: 0.7649272333925886 cumulative return: 122429.20377324015
GradientBoostingClassifier-p1-tr(8)-sw(3)-lw(24)-fa(0.1)-max(30000) f1 score: 0.7538408629814809 cumulative return: 135802.68266593115
GradientBoostingClassifier-p1-tr(8)-sw(3)-lw(24)-fa(0.1)-max(100000) f1 score: 0.7453611850919695 cumulative return: 221632.16711076265
GradientBoostingClassifier-p1-tr(8)-sw(3)-lw(24)-fa(0.25)-max(20000) f1 score: 0.8024991214335764 cumulative return: 129614.25710151481
GradientBoostingClassifier-p1-tr(8)-sw(3)-lw(24)-fa(0.25)-max(30000) f1 score: 0.8156163377322454 cumulative return: 143332.2259136866
GradientBoostingClassifier-p1-tr(8)-sw(3)-lw(24)-fa(0.25)-max(100000) f1 score: 0.8418015059932489 cumulative return: 237361.61392408365
GradientBoostingClassifier-p1-tr(8)-sw(3)-lw(24)-fa(0.5)-max(20000) f1 score: 0.810726904579824 cumulative return: 123141.17900093648
GradientBoostingClassifier-p1-tr(8)-sw(3)-lw(24)-fa(0.5)-max(30000) f1 score: 0.8685997472690983 cumulative return: 143253.5942539211
GradientBoostingClassifier-p1-tr(8)-sw(3)-lw(24)-fa(0.5)-max(100000) f1 score: 0.8507704385259339 cumulative return: 228232.9720302039
GradientBoostingClassifier-p1-tr(8)-sw(3)-lw(24)-fa(0.8)-max(20000) f1 score: 0.842241016499397 cumulative return: 130726.05916896107
GradientBoostingClassifier-p1-tr(8)-sw(3)-lw(24)-fa(0.8)-max(30000) f1 score: 0.8552580489012523 cumulative return: 141396.28171856
GradientBoostingClassifier-p1-tr(8)-sw(3)-lw(24)-fa(0.8)-max(100000) f1 score: 0.8524956479300635 cumulative return: 230222.43282017924
GradientBoostingClassifier-p1-tr(8)-sw(3)-lw(24)-fa(1)-max(20000) f1 score: 0.8825311412672777 cumulative return: 123645.4890061786
GradientBoostingClassifier-p1-tr(8)-sw(3)-lw(24)-fa(1)-max(30000) f1 score: 0.8846438731884098 cumulative return: 137514.32942861866
GradientBoostingClassifier-p1-tr(8)-sw(3)-lw(24)-fa(1)-max(100000) f1 score: 0.8884869657250366 cumulative return: 221172.70611545118
GradientBoostingClassifier-p1-tr(8)-sw(3)-lw(24)-fa(2)-max(20000) f1 score: 0.5301271197187455 cumulative return: 110723.39671754175
GradientBoostingClassifier-p1-tr(8)-sw(3)-lw(24)-fa(2)-max(30000) f1 score: 0.5236274024460765 cumulative return: 114692.71114554
GradientBoostingClassifier-p1-tr(8)-sw(3)-lw(24)-fa(2)-max(100000) f1 score: 0.5240397176204932 cumulative return: 145963.92591866117
GradientBoostingClassifier-p1-tr(8)-sw(3)-lw(24)-fa(3)-max(20000) f1 score: -0.3176025345496756 cumulative return: 99297.9563212436
GradientBoostingClassifier-p1-tr(8)-sw(3)-lw(24)-fa(3)-max(30000) f1 score: -0.3541596306200767 cumulative return: 100693.00509803613
GradientBoostingClassifier-p1-tr(8)-sw(3)-lw(24)-fa(3)-max(100000) f1 score: -0.316614149029669 cumulative return: 109328.98767861103
GradientBoostingClassifier-p1-tr(8)-sw(3)-lw(42)-fa(0.1)-max(20000) f1 score: 0.7463438446194057 cumulative return: 126880.61489991823
GradientBoostingClassifier-p1-tr(8)-sw(3)-lw(42)-fa(0.1)-max(30000) f1 score: 0.7497389721796511 cumulative return: 138095.7683319362
GradientBoostingClassifier-p1-tr(8)-sw(3)-lw(42)-fa(0.1)-max(100000) f1 score: 0.7221923764782014 cumulative return: 232634.18769941723
GradientBoostingClassifier-p1-tr(8)-sw(3)-lw(42)-fa(0.25)-max(20000) f1 score: 0.823909645406449 cumulative return: 123213.69780361114
GradientBoostingClassifier-p1-tr(8)-sw(3)-lw(42)-fa(0.25)-max(30000) f1 score: 0.796625410675277 cumulative return: 145365.90386183598
GradientBoostingClassifier-p1-tr(8)-sw(3)-lw(42)-fa(0.25)-max(100000) f1 score: 0.8190001834641571 cumulative return: 233183.57165693172
GradientBoostingClassifier-p1-tr(8)-sw(3)-lw(42)-fa(0.5)-max(20000) f1 score: 0.8569083038742922 cumulative return: 120933.06744840385
GradientBoostingClassifier-p1-tr(8)-sw(3)-lw(42)-fa(0.5)-max(30000) f1 score: 0.880154955619946 cumulative return: 135413.08242148298
GradientBoostingClassifier-p1-tr(8)-sw(3)-lw(42)-fa(0.5)-max(100000) f1 score: 0.8715003497517149 cumulative return: 219828.72248548496
GradientBoostingClassifier-p1-tr(8)-sw(3)-lw(42)-fa(0.8)-max(20000) f1 score: 0.8775051809162895 cumulative return: 128905.1166529339
GradientBoostingClassifier-p1-tr(8)-sw(3)-lw(42)-fa(0.8)-max(30000) f1 score: 0.8700538441212836 cumulative return: 134184.14091694905
GradientBoostingClassifier-p1-tr(8)-sw(3)-lw(42)-fa(0.8)-max(100000) f1 score: 0.8550942247425047 cumulative return: 219634.541277026
GradientBoostingClassifier-p1-tr(8)-sw(3)-lw(42)-fa(1)-max(20000) f1 score: 0.8714461754927494 cumulative return: 123472.08890618966
GradientBoostingClassifier-p1-tr(8)-sw(3)-lw(42)-fa(1)-max(30000) f1 score: 0.8424385587327028 cumulative return: 134589.34733130352
GradientBoostingClassifier-p1-tr(8)-sw(3)-lw(42)-fa(1)-max(100000) f1 score: 0.864882175565107 cumulative return: 203652.18100892002
GradientBoostingClassifier-p1-tr(8)-sw(3)-lw(42)-fa(2)-max(20000) f1 score: 0.3083506600699193 cumulative return: 110479.6569453487
GradientBoostingClassifier-p1-tr(8)-sw(3)-lw(42)-fa(2)-max(30000) f1 score: 0.26210900280197724 cumulative return: 114095.50110391017
GradientBoostingClassifier-p1-tr(8)-sw(3)-lw(42)-fa(2)-max(100000) f1 score: 0.2636980633569397 cumulative return: 143972.97433821484
GradientBoostingClassifier-p1-tr(8)-sw(3)-lw(42)-fa(3)-max(20000) f1 score: -0.7143275593067635 cumulative return: 100857.63261510553
GradientBoostingClassifier-p1-tr(8)-sw(3)-lw(42)-fa(3)-max(30000) f1 score: -0.6945636422902592 cumulative return: 100717.55532647764
GradientBoostingClassifier-p1-tr(8)-sw(3)-lw(42)-fa(3)-max(100000) f1 score: -0.6151688303118847 cumulative return: 101579.82920995698
GradientBoostingClassifier-p1-tr(8)-sw(3)-lw(60)-fa(0.1)-max(20000) f1 score: 0.7913859565030604 cumulative return: 126070.76468090474
GradientBoostingClassifier-p1-tr(8)-sw(3)-lw(60)-fa(0.1)-max(30000) f1 score: 0.7458975767383685 cumulative return: 137287.57019165676
GradientBoostingClassifier-p1-tr(8)-sw(3)-lw(60)-fa(0.1)-max(100000) f1 score: 0.7710495008778687 cumulative return: 225048.06505037285
GradientBoostingClassifier-p1-tr(8)-sw(3)-lw(60)-fa(0.25)-max(20000) f1 score: 0.8341832047896183 cumulative return: 120953.12511866124
GradientBoostingClassifier-p1-tr(8)-sw(3)-lw(60)-fa(0.25)-max(30000) f1 score: 0.8404029375319251 cumulative return: 133362.91495805542
GradientBoostingClassifier-p1-tr(8)-sw(3)-lw(60)-fa(0.25)-max(100000) f1 score: 0.8403894370017454 cumulative return: 238674.0169801776
GradientBoostingClassifier-p1-tr(8)-sw(3)-lw(60)-fa(0.5)-max(20000) f1 score: 0.8431386843944453 cumulative return: 118636.3420478045
GradientBoostingClassifier-p1-tr(8)-sw(3)-lw(60)-fa(0.5)-max(30000) f1 score: 0.8314365448679684 cumulative return: 130034.35184177558
GradientBoostingClassifier-p1-tr(8)-sw(3)-lw(60)-fa(0.5)-max(100000) f1 score: 0.8354194972726846 cumulative return: 213523.7179535058
GradientBoostingClassifier-p1-tr(8)-sw(3)-lw(60)-fa(0.8)-max(20000) f1 score: 0.900792490332391 cumulative return: 120792.3968039664
GradientBoostingClassifier-p1-tr(8)-sw(3)-lw(60)-fa(0.8)-max(30000) f1 score: 0.879309895687071 cumulative return: 140165.38806386138
GradientBoostingClassifier-p1-tr(8)-sw(3)-lw(60)-fa(0.8)-max(100000) f1 score: 0.892181328735239 cumulative return: 217564.5254709404
GradientBoostingClassifier-p1-tr(8)-sw(3)-lw(60)-fa(1)-max(20000) f1 score: 0.8634744354252943 cumulative return: 121484.26833862768
GradientBoostingClassifier-p1-tr(8)-sw(3)-lw(60)-fa(1)-max(30000) f1 score: 0.839873512082366 cumulative return: 133868.58267939038
GradientBoostingClassifier-p1-tr(8)-sw(3)-lw(60)-fa(1)-max(100000) f1 score: 0.8256832485544598 cumulative return: 201643.46344519308
GradientBoostingClassifier-p1-tr(8)-sw(3)-lw(60)-fa(2)-max(20000) f1 score: 0.12474717799747514 cumulative return: 109994.84203119428
GradientBoostingClassifier-p1-tr(8)-sw(3)-lw(60)-fa(2)-max(30000) f1 score: 0.11664069380410913 cumulative return: 114843.57615998297
GradientBoostingClassifier-p1-tr(8)-sw(3)-lw(60)-fa(2)-max(100000) f1 score: 0.10480139576476533 cumulative return: 128160.4836240022
GradientBoostingClassifier-p1-tr(8)-sw(3)-lw(60)-fa(3)-max(20000) f1 score: -0.5647022770632832 cumulative return: 101746.0961643363
GradientBoostingClassifier-p1-tr(8)-sw(3)-lw(60)-fa(3)-max(30000) f1 score: -0.5443438966997789 cumulative return: 100427.0404899507
GradientBoostingClassifier-p1-tr(8)-sw(3)-lw(60)-fa(3)-max(100000) f1 score: -0.5783164899682831 cumulative return: 102580.43513356392
GradientBoostingClassifier-p1-tr(8)-sw(3)-lw(180)-fa(0.1)-max(20000) f1 score: 0.7694188917155155 cumulative return: 118892.37786935337
GradientBoostingClassifier-p1-tr(8)-sw(3)-lw(180)-fa(0.1)-max(30000) f1 score: 0.7632590618205293 cumulative return: 128036.43843171792
GradientBoostingClassifier-p1-tr(8)-sw(3)-lw(180)-fa(0.1)-max(100000) f1 score: 0.7907578751789719 cumulative return: 226070.27168978477
GradientBoostingClassifier-p1-tr(8)-sw(3)-lw(180)-fa(0.25)-max(20000) f1 score: 0.8538703019172931 cumulative return: 118497.27640906631
GradientBoostingClassifier-p1-tr(8)-sw(3)-lw(180)-fa(0.25)-max(30000) f1 score: 0.8659093029432596 cumulative return: 137488.38876847673
GradientBoostingClassifier-p1-tr(8)-sw(3)-lw(180)-fa(0.25)-max(100000) f1 score: 0.8485769781325103 cumulative return: 214525.375287126
GradientBoostingClassifier-p1-tr(8)-sw(3)-lw(180)-fa(0.5)-max(20000) f1 score: 0.8823272871024712 cumulative return: 118089.83159549815
GradientBoostingClassifier-p1-tr(8)-sw(3)-lw(180)-fa(0.5)-max(30000) f1 score: 0.8859784462077362 cumulative return: 135348.68847638805
GradientBoostingClassifier-p1-tr(8)-sw(3)-lw(180)-fa(0.5)-max(100000) f1 score: 0.8749400937611385 cumulative return: 215457.40515075886
GradientBoostingClassifier-p1-tr(8)-sw(3)-lw(180)-fa(0.8)-max(20000) f1 score: 0.8633050143497292 cumulative return: 123237.42059756629
GradientBoostingClassifier-p1-tr(8)-sw(3)-lw(180)-fa(0.8)-max(30000) f1 score: 0.8225327797856852 cumulative return: 133469.74451160646
GradientBoostingClassifier-p1-tr(8)-sw(3)-lw(180)-fa(0.8)-max(100000) f1 score: 0.841189224987434 cumulative return: 194798.74048159842
GradientBoostingClassifier-p1-tr(8)-sw(3)-lw(180)-fa(1)-max(20000) f1 score: 0.7445529982473913 cumulative return: 114576.87881847114
GradientBoostingClassifier-p1-tr(8)-sw(3)-lw(180)-fa(1)-max(30000) f1 score: 0.7929546402515544 cumulative return: 122361.11296741672
GradientBoostingClassifier-p1-tr(8)-sw(3)-lw(180)-fa(1)-max(100000) f1 score: 0.7756898404213126 cumulative return: 170839.6079122222
GradientBoostingClassifier-p1-tr(8)-sw(3)-lw(180)-fa(2)-max(20000) f1 score: -0.12171528547717658 cumulative return: 102497.04126624668
GradientBoostingClassifier-p1-tr(8)-sw(3)-lw(180)-fa(2)-max(30000) f1 score: -0.1585316279629252 cumulative return: 105286.97368310267
GradientBoostingClassifier-p1-tr(8)-sw(3)-lw(180)-fa(2)-max(100000) f1 score: -0.1149270562031679 cumulative return: 113040.39289271325
GradientBoostingClassifier-p1-tr(8)-sw(3)-lw(180)-fa(3)-max(20000) f1 score: -0.6496830115836292 cumulative return: 102124.18729889735
GradientBoostingClassifier-p1-tr(8)-sw(3)-lw(180)-fa(3)-max(30000) f1 score: -0.8622686731449818 cumulative return: 102826.09534043803
GradientBoostingClassifier-p1-tr(8)-sw(3)-lw(180)-fa(3)-max(100000) f1 score: -0.8598591835178404 cumulative return: 101255.08233968595
GradientBoostingClassifier-p1-tr(8)-sw(3)-lw(252)-fa(0.1)-max(20000) f1 score: 0.7829601727479907 cumulative return: 117896.81043193751
GradientBoostingClassifier-p1-tr(8)-sw(3)-lw(252)-fa(0.1)-max(30000) f1 score: 0.8024376984178635 cumulative return: 126254.96290889676
GradientBoostingClassifier-p1-tr(8)-sw(3)-lw(252)-fa(0.1)-max(100000) f1 score: 0.8260717650989616 cumulative return: 224493.33910698042
GradientBoostingClassifier-p1-tr(8)-sw(3)-lw(252)-fa(0.25)-max(20000) f1 score: 0.874114453704663 cumulative return: 116943.83642160699
GradientBoostingClassifier-p1-tr(8)-sw(3)-lw(252)-fa(0.25)-max(30000) f1 score: 0.8770804474684286 cumulative return: 128553.61348621627
GradientBoostingClassifier-p1-tr(8)-sw(3)-lw(252)-fa(0.25)-max(100000) f1 score: 0.8520389782082584 cumulative return: 215148.01176617324
GradientBoostingClassifier-p1-tr(8)-sw(3)-lw(252)-fa(0.5)-max(20000) f1 score: 0.8504616598990493 cumulative return: 119181.82866832867
GradientBoostingClassifier-p1-tr(8)-sw(3)-lw(252)-fa(0.5)-max(30000) f1 score: 0.8654488414350103 cumulative return: 133217.8480839785
GradientBoostingClassifier-p1-tr(8)-sw(3)-lw(252)-fa(0.5)-max(100000) f1 score: 0.871584349430675 cumulative return: 217972.89662044466
GradientBoostingClassifier-p1-tr(8)-sw(3)-lw(252)-fa(0.8)-max(20000) f1 score: 0.779175263568787 cumulative return: 118415.97952151694
GradientBoostingClassifier-p1-tr(8)-sw(3)-lw(252)-fa(0.8)-max(30000) f1 score: 0.8023400366916689 cumulative return: 129877.29534104129
GradientBoostingClassifier-p1-tr(8)-sw(3)-lw(252)-fa(0.8)-max(100000) f1 score: 0.8056428239346514 cumulative return: 188935.52494671446
GradientBoostingClassifier-p1-tr(8)-sw(3)-lw(252)-fa(1)-max(20000) f1 score: 0.6547029154309205 cumulative return: 115676.50273928588
GradientBoostingClassifier-p1-tr(8)-sw(3)-lw(252)-fa(1)-max(30000) f1 score: 0.6665915971248277 cumulative return: 123176.79242269059
GradientBoostingClassifier-p1-tr(8)-sw(3)-lw(252)-fa(1)-max(100000) f1 score: 0.654062783150782 cumulative return: 170165.29168978875
GradientBoostingClassifier-p1-tr(8)-sw(3)-lw(252)-fa(2)-max(20000) f1 score: -0.3048813142085618 cumulative return: 96334.20631623975
GradientBoostingClassifier-p1-tr(8)-sw(3)-lw(252)-fa(2)-max(30000) f1 score: -0.0898639792785989 cumulative return: 102375.28335342724
GradientBoostingClassifier-p1-tr(8)-sw(3)-lw(252)-fa(2)-max(100000) f1 score: -0.12247399170420681 cumulative return: 107697.97224006582
GradientBoostingClassifier-p1-tr(8)-sw(3)-lw(252)-fa(3)-max(20000) f1 score: -1.0000279228173352 cumulative return: 101048.4953035422
GradientBoostingClassifier-p1-tr(8)-sw(3)-lw(252)-fa(3)-max(30000) f1 score: -1.0000249643239432 cumulative return: 99981.4920392141
GradientBoostingClassifier-p1-tr(8)-sw(3)-lw(252)-fa(3)-max(100000) f1 score: -0.946718746817292 cumulative return: 103763.64838002007
GradientBoostingClassifier-p1-tr(8)-sw(4)-lw(24)-fa(0.1)-max(20000) f1 score: 0.7514023957832014 cumulative return: 123448.9874813541
GradientBoostingClassifier-p1-tr(8)-sw(4)-lw(24)-fa(0.1)-max(30000) f1 score: 0.753581718078216 cumulative return: 133369.5432900749
GradientBoostingClassifier-p1-tr(8)-sw(4)-lw(24)-fa(0.1)-max(100000) f1 score: 0.7197328161583134 cumulative return: 216893.02030210145
GradientBoostingClassifier-p1-tr(8)-sw(4)-lw(24)-fa(0.25)-max(20000) f1 score: 0.8184157605550098 cumulative return: 124950.10036235512
GradientBoostingClassifier-p1-tr(8)-sw(4)-lw(24)-fa(0.25)-max(30000) f1 score: 0.7973773866372453 cumulative return: 138391.56137972136
GradientBoostingClassifier-p1-tr(8)-sw(4)-lw(24)-fa(0.25)-max(100000) f1 score: 0.7913207906989981 cumulative return: 230303.54228545778
GradientBoostingClassifier-p1-tr(8)-sw(4)-lw(24)-fa(0.5)-max(20000) f1 score: 0.8348704589584957 cumulative return: 127395.0516331124
GradientBoostingClassifier-p1-tr(8)-sw(4)-lw(24)-fa(0.5)-max(30000) f1 score: 0.8570238043163428 cumulative return: 140296.8620920062
GradientBoostingClassifier-p1-tr(8)-sw(4)-lw(24)-fa(0.5)-max(100000) f1 score: 0.8343927134111464 cumulative return: 235417.60244109173
GradientBoostingClassifier-p1-tr(8)-sw(4)-lw(24)-fa(0.8)-max(20000) f1 score: 0.8822967936595628 cumulative return: 129780.18934233567
GradientBoostingClassifier-p1-tr(8)-sw(4)-lw(24)-fa(0.8)-max(30000) f1 score: 0.85556085317615 cumulative return: 137766.92926426136
GradientBoostingClassifier-p1-tr(8)-sw(4)-lw(24)-fa(0.8)-max(100000) f1 score: 0.8939128472555881 cumulative return: 243367.7742281184
GradientBoostingClassifier-p1-tr(8)-sw(4)-lw(24)-fa(1)-max(20000) f1 score: 0.8898280575742136 cumulative return: 122060.35894882379
GradientBoostingClassifier-p1-tr(8)-sw(4)-lw(24)-fa(1)-max(30000) f1 score: 0.86343000866216 cumulative return: 140415.48928320286
GradientBoostingClassifier-p1-tr(8)-sw(4)-lw(24)-fa(1)-max(100000) f1 score: 0.8225941249965117 cumulative return: 208998.44732713787
GradientBoostingClassifier-p1-tr(8)-sw(4)-lw(24)-fa(2)-max(20000) f1 score: 0.45430249567796066 cumulative return: 111460.62519997935
GradientBoostingClassifier-p1-tr(8)-sw(4)-lw(24)-fa(2)-max(30000) f1 score: 0.5474051300164037 cumulative return: 115218.14563156785
GradientBoostingClassifier-p1-tr(8)-sw(4)-lw(24)-fa(2)-max(100000) f1 score: 0.5110999190045923 cumulative return: 151544.45271319797
GradientBoostingClassifier-p1-tr(8)-sw(4)-lw(24)-fa(3)-max(20000) f1 score: -0.2754336437764784 cumulative return: 99506.48626670285
GradientBoostingClassifier-p1-tr(8)-sw(4)-lw(24)-fa(3)-max(30000) f1 score: -0.2582054597943291 cumulative return: 99589.58132012641
GradientBoostingClassifier-p1-tr(8)-sw(4)-lw(24)-fa(3)-max(100000) f1 score: -0.22107694771311515 cumulative return: 107067.27700922107
GradientBoostingClassifier-p1-tr(8)-sw(4)-lw(42)-fa(0.1)-max(20000) f1 score: 0.7334012692440016 cumulative return: 121558.7783935373
GradientBoostingClassifier-p1-tr(8)-sw(4)-lw(42)-fa(0.1)-max(30000) f1 score: 0.7456952107661636 cumulative return: 141944.53912184288
GradientBoostingClassifier-p1-tr(8)-sw(4)-lw(42)-fa(0.1)-max(100000) f1 score: 0.7949567768581612 cumulative return: 238736.45104882075
GradientBoostingClassifier-p1-tr(8)-sw(4)-lw(42)-fa(0.25)-max(20000) f1 score: 0.8252912836055063 cumulative return: 127602.39162147586
GradientBoostingClassifier-p1-tr(8)-sw(4)-lw(42)-fa(0.25)-max(30000) f1 score: 0.8073205247307161 cumulative return: 142829.30512894172
GradientBoostingClassifier-p1-tr(8)-sw(4)-lw(42)-fa(0.25)-max(100000) f1 score: 0.827324647073088 cumulative return: 239383.28571688797
GradientBoostingClassifier-p1-tr(8)-sw(4)-lw(42)-fa(0.5)-max(20000) f1 score: 0.8932826655540093 cumulative return: 120949.88656840296
GradientBoostingClassifier-p1-tr(8)-sw(4)-lw(42)-fa(0.5)-max(30000) f1 score: 0.8915161188300198 cumulative return: 139098.69782396633
GradientBoostingClassifier-p1-tr(8)-sw(4)-lw(42)-fa(0.5)-max(100000) f1 score: 0.850819810059274 cumulative return: 225764.03464373964
GradientBoostingClassifier-p1-tr(8)-sw(4)-lw(42)-fa(0.8)-max(20000) f1 score: 0.8760225689437869 cumulative return: 125069.16070200162
GradientBoostingClassifier-p1-tr(8)-sw(4)-lw(42)-fa(0.8)-max(30000) f1 score: 0.8712992822928041 cumulative return: 138731.79463807322
GradientBoostingClassifier-p1-tr(8)-sw(4)-lw(42)-fa(0.8)-max(100000) f1 score: 0.8606453618949087 cumulative return: 231773.7237147498
GradientBoostingClassifier-p1-tr(8)-sw(4)-lw(42)-fa(1)-max(20000) f1 score: 0.8253754665363491 cumulative return: 122032.3920219386
GradientBoostingClassifier-p1-tr(8)-sw(4)-lw(42)-fa(1)-max(30000) f1 score: 0.8853029338841331 cumulative return: 135478.78975711754
GradientBoostingClassifier-p1-tr(8)-sw(4)-lw(42)-fa(1)-max(100000) f1 score: 0.843495753216378 cumulative return: 199497.43487777008
GradientBoostingClassifier-p1-tr(8)-sw(4)-lw(42)-fa(2)-max(20000) f1 score: 0.26198119886380933 cumulative return: 111456.45358296533
GradientBoostingClassifier-p1-tr(8)-sw(4)-lw(42)-fa(2)-max(30000) f1 score: 0.28473027893569913 cumulative return: 113805.72176404385
GradientBoostingClassifier-p1-tr(8)-sw(4)-lw(42)-fa(2)-max(100000) f1 score: 0.2754160705435422 cumulative return: 144698.2917634574
GradientBoostingClassifier-p1-tr(8)-sw(4)-lw(42)-fa(3)-max(20000) f1 score: -0.6657673590216147 cumulative return: 100491.3187900272
GradientBoostingClassifier-p1-tr(8)-sw(4)-lw(42)-fa(3)-max(30000) f1 score: -0.6733544249237355 cumulative return: 100848.98007257168
GradientBoostingClassifier-p1-tr(8)-sw(4)-lw(42)-fa(3)-max(100000) f1 score: -0.5655006274400107 cumulative return: 103533.8121374054
GradientBoostingClassifier-p1-tr(8)-sw(4)-lw(60)-fa(0.1)-max(20000) f1 score: 0.7442940901126163 cumulative return: 125562.3035901027
GradientBoostingClassifier-p1-tr(8)-sw(4)-lw(60)-fa(0.1)-max(30000) f1 score: 0.7795896942750096 cumulative return: 139724.56901707107
GradientBoostingClassifier-p1-tr(8)-sw(4)-lw(60)-fa(0.1)-max(100000) f1 score: 0.7699491411418982 cumulative return: 224740.33194215197
GradientBoostingClassifier-p1-tr(8)-sw(4)-lw(60)-fa(0.25)-max(20000) f1 score: 0.8136004167514873 cumulative return: 129275.02039813579
GradientBoostingClassifier-p1-tr(8)-sw(4)-lw(60)-fa(0.25)-max(30000) f1 score: 0.8473756341680788 cumulative return: 133478.2071994695
GradientBoostingClassifier-p1-tr(8)-sw(4)-lw(60)-fa(0.25)-max(100000) f1 score: 0.8417951052318648 cumulative return: 241993.12677764322
GradientBoostingClassifier-p1-tr(8)-sw(4)-lw(60)-fa(0.5)-max(20000) f1 score: 0.8539040709248019 cumulative return: 120475.18159007022
GradientBoostingClassifier-p1-tr(8)-sw(4)-lw(60)-fa(0.5)-max(30000) f1 score: 0.86593162507373 cumulative return: 133592.0541585992
GradientBoostingClassifier-p1-tr(8)-sw(4)-lw(60)-fa(0.5)-max(100000) f1 score: 0.843683267948234 cumulative return: 219826.44144707837
GradientBoostingClassifier-p1-tr(8)-sw(4)-lw(60)-fa(0.8)-max(20000) f1 score: 0.8851875141840925 cumulative return: 121589.31524712517
GradientBoostingClassifier-p1-tr(8)-sw(4)-lw(60)-fa(0.8)-max(30000) f1 score: 0.8627635629811807 cumulative return: 132594.35955455122
GradientBoostingClassifier-p1-tr(8)-sw(4)-lw(60)-fa(0.8)-max(100000) f1 score: 0.8777667987277953 cumulative return: 213830.4301424719
GradientBoostingClassifier-p1-tr(8)-sw(4)-lw(60)-fa(1)-max(20000) f1 score: 0.8507929214208777 cumulative return: 121825.89868428797
GradientBoostingClassifier-p1-tr(8)-sw(4)-lw(60)-fa(1)-max(30000) f1 score: 0.8746403315689749 cumulative return: 137088.63759418466
GradientBoostingClassifier-p1-tr(8)-sw(4)-lw(60)-fa(1)-max(100000) f1 score: 0.8593528991770709 cumulative return: 201672.44856437918
GradientBoostingClassifier-p1-tr(8)-sw(4)-lw(60)-fa(2)-max(20000) f1 score: 0.11394339962181199 cumulative return: 111309.59332798605
GradientBoostingClassifier-p1-tr(8)-sw(4)-lw(60)-fa(2)-max(30000) f1 score: 0.09246707035457913 cumulative return: 106664.58163301503
GradientBoostingClassifier-p1-tr(8)-sw(4)-lw(60)-fa(2)-max(100000) f1 score: 0.09327042080575776 cumulative return: 126817.53615588593
GradientBoostingClassifier-p1-tr(8)-sw(4)-lw(60)-fa(3)-max(20000) f1 score: -0.47878102828572633 cumulative return: 100987.81871749705
GradientBoostingClassifier-p1-tr(8)-sw(4)-lw(60)-fa(3)-max(30000) f1 score: -0.6067244187279104 cumulative return: 101289.79312947346
GradientBoostingClassifier-p1-tr(8)-sw(4)-lw(60)-fa(3)-max(100000) f1 score: -0.5187095044349777 cumulative return: 104318.86632582493
GradientBoostingClassifier-p1-tr(8)-sw(4)-lw(180)-fa(0.1)-max(20000) f1 score: 0.7669139310462157 cumulative return: 120576.16383136154
GradientBoostingClassifier-p1-tr(8)-sw(4)-lw(180)-fa(0.1)-max(30000) f1 score: 0.776115027020215 cumulative return: 130371.75272144441
GradientBoostingClassifier-p1-tr(8)-sw(4)-lw(180)-fa(0.1)-max(100000) f1 score: 0.7083891122424073 cumulative return: 205958.43366088363
GradientBoostingClassifier-p1-tr(8)-sw(4)-lw(180)-fa(0.25)-max(20000) f1 score: 0.8729145339576614 cumulative return: 118610.8950961475
GradientBoostingClassifier-p1-tr(8)-sw(4)-lw(180)-fa(0.25)-max(30000) f1 score: 0.8578108999719387 cumulative return: 133653.40227260703
GradientBoostingClassifier-p1-tr(8)-sw(4)-lw(180)-fa(0.25)-max(100000) f1 score: 0.8170881668400977 cumulative return: 206518.66441338207
GradientBoostingClassifier-p1-tr(8)-sw(4)-lw(180)-fa(0.5)-max(20000) f1 score: 0.8817280264499147 cumulative return: 121101.84627545212
GradientBoostingClassifier-p1-tr(8)-sw(4)-lw(180)-fa(0.5)-max(30000) f1 score: 0.8647575570701826 cumulative return: 131151.1652213223
GradientBoostingClassifier-p1-tr(8)-sw(4)-lw(180)-fa(0.5)-max(100000) f1 score: 0.8716705729725006 cumulative return: 212288.69530918682
GradientBoostingClassifier-p1-tr(8)-sw(4)-lw(180)-fa(0.8)-max(20000) f1 score: 0.8261879960000693 cumulative return: 124526.22431048038
GradientBoostingClassifier-p1-tr(8)-sw(4)-lw(180)-fa(0.8)-max(30000) f1 score: 0.8130649916495163 cumulative return: 134229.02119957784
GradientBoostingClassifier-p1-tr(8)-sw(4)-lw(180)-fa(0.8)-max(100000) f1 score: 0.8562543301923843 cumulative return: 203976.8617001935
GradientBoostingClassifier-p1-tr(8)-sw(4)-lw(180)-fa(1)-max(20000) f1 score: 0.7872739110365922 cumulative return: 115403.44452226546
GradientBoostingClassifier-p1-tr(8)-sw(4)-lw(180)-fa(1)-max(30000) f1 score: 0.7874691029965462 cumulative return: 123671.14470702093
GradientBoostingClassifier-p1-tr(8)-sw(4)-lw(180)-fa(1)-max(100000) f1 score: 0.759695137342968 cumulative return: 180027.34290298974
GradientBoostingClassifier-p1-tr(8)-sw(4)-lw(180)-fa(2)-max(20000) f1 score: -0.14879957510941155 cumulative return: 102463.84542317527
GradientBoostingClassifier-p1-tr(8)-sw(4)-lw(180)-fa(2)-max(30000) f1 score: -0.09305626323735261 cumulative return: 103382.15050095877
GradientBoostingClassifier-p1-tr(8)-sw(4)-lw(180)-fa(2)-max(100000) f1 score: -0.12111639266554186 cumulative return: 112955.821297518
GradientBoostingClassifier-p1-tr(8)-sw(4)-lw(180)-fa(3)-max(20000) f1 score: -0.9322494345967578 cumulative return: 101842.13675929792
GradientBoostingClassifier-p1-tr(8)-sw(4)-lw(180)-fa(3)-max(30000) f1 score: -0.8622722630019986 cumulative return: 103093.04368185763
GradientBoostingClassifier-p1-tr(8)-sw(4)-lw(180)-fa(3)-max(100000) f1 score: -0.8920167906655894 cumulative return: 106060.20434188281
GradientBoostingClassifier-p1-tr(8)-sw(4)-lw(252)-fa(0.1)-max(20000) f1 score: 0.7848865766825426 cumulative return: 117689.60845276428
GradientBoostingClassifier-p1-tr(8)-sw(4)-lw(252)-fa(0.1)-max(30000) f1 score: 0.7874618084156201 cumulative return: 131291.75195666624
GradientBoostingClassifier-p1-tr(8)-sw(4)-lw(252)-fa(0.1)-max(100000) f1 score: 0.8113904010960992 cumulative return: 212500.7504939155
GradientBoostingClassifier-p1-tr(8)-sw(4)-lw(252)-fa(0.25)-max(20000) f1 score: 0.8715277705866409 cumulative return: 123381.88036756338
GradientBoostingClassifier-p1-tr(8)-sw(4)-lw(252)-fa(0.25)-max(30000) f1 score: 0.8663494591743637 cumulative return: 135230.07410485178
GradientBoostingClassifier-p1-tr(8)-sw(4)-lw(252)-fa(0.25)-max(100000) f1 score: 0.8614473780394056 cumulative return: 209750.10571108744
GradientBoostingClassifier-p1-tr(8)-sw(4)-lw(252)-fa(0.5)-max(20000) f1 score: 0.86930367190062 cumulative return: 119217.19407110612
GradientBoostingClassifier-p1-tr(8)-sw(4)-lw(252)-fa(0.5)-max(30000) f1 score: 0.8624293312857625 cumulative return: 130024.57549275176
GradientBoostingClassifier-p1-tr(8)-sw(4)-lw(252)-fa(0.5)-max(100000) f1 score: 0.8842813521296491 cumulative return: 205709.95659453297
GradientBoostingClassifier-p1-tr(8)-sw(4)-lw(252)-fa(0.8)-max(20000) f1 score: 0.8436156211672062 cumulative return: 119214.34863254824
GradientBoostingClassifier-p1-tr(8)-sw(4)-lw(252)-fa(0.8)-max(30000) f1 score: 0.8038259171798798 cumulative return: 128714.60070728269
GradientBoostingClassifier-p1-tr(8)-sw(4)-lw(252)-fa(0.8)-max(100000) f1 score: 0.8222872355241786 cumulative return: 191473.6150759039
GradientBoostingClassifier-p1-tr(8)-sw(4)-lw(252)-fa(1)-max(20000) f1 score: 0.7177530700885857 cumulative return: 114196.41711495961
GradientBoostingClassifier-p1-tr(8)-sw(4)-lw(252)-fa(1)-max(30000) f1 score: 0.699181871050536 cumulative return: 125633.72131769433
GradientBoostingClassifier-p1-tr(8)-sw(4)-lw(252)-fa(1)-max(100000) f1 score: 0.6884801920509558 cumulative return: 175056.47767583496
GradientBoostingClassifier-p1-tr(8)-sw(4)-lw(252)-fa(2)-max(20000) f1 score: -0.09578557016112388 cumulative return: 101683.54218627249
GradientBoostingClassifier-p1-tr(8)-sw(4)-lw(252)-fa(2)-max(30000) f1 score: -0.18957933988410192 cumulative return: 102236.05265785778
GradientBoostingClassifier-p1-tr(8)-sw(4)-lw(252)-fa(2)-max(100000) f1 score: -0.16639264883432836 cumulative return: 110438.63618709982
GradientBoostingClassifier-p1-tr(8)-sw(4)-lw(252)-fa(3)-max(20000) f1 score: -1.0000121959296573 cumulative return: 100545.09733775035
GradientBoostingClassifier-p1-tr(8)-sw(4)-lw(252)-fa(3)-max(30000) f1 score: -1.0000069419847684 cumulative return: 99799.12763474855
GradientBoostingClassifier-p1-tr(8)-sw(4)-lw(252)-fa(3)-max(100000) f1 score: -1.0000058593913543 cumulative return: 99743.06447519633
GradientBoostingClassifier-p1-tr(8)-sw(6)-lw(24)-fa(0.1)-max(20000) f1 score: 0.7570731382776592 cumulative return: 124608.05335792256
GradientBoostingClassifier-p1-tr(8)-sw(6)-lw(24)-fa(0.1)-max(30000) f1 score: 0.7371217625985271 cumulative return: 139276.04854760485
GradientBoostingClassifier-p1-tr(8)-sw(6)-lw(24)-fa(0.1)-max(100000) f1 score: 0.7180529799484627 cumulative return: 223325.37393319228
GradientBoostingClassifier-p1-tr(8)-sw(6)-lw(24)-fa(0.25)-max(20000) f1 score: 0.7921392809978131 cumulative return: 126111.9996945159
GradientBoostingClassifier-p1-tr(8)-sw(6)-lw(24)-fa(0.25)-max(30000) f1 score: 0.803094562722944 cumulative return: 141689.27098329787
GradientBoostingClassifier-p1-tr(8)-sw(6)-lw(24)-fa(0.25)-max(100000) f1 score: 0.824527984921267 cumulative return: 243286.53833744198
GradientBoostingClassifier-p1-tr(8)-sw(6)-lw(24)-fa(0.5)-max(20000) f1 score: 0.8130216542579906 cumulative return: 128544.98226829225
GradientBoostingClassifier-p1-tr(8)-sw(6)-lw(24)-fa(0.5)-max(30000) f1 score: 0.8430632762096584 cumulative return: 145781.41045876406
GradientBoostingClassifier-p1-tr(8)-sw(6)-lw(24)-fa(0.5)-max(100000) f1 score: 0.8397352848511408 cumulative return: 226621.87773871818
GradientBoostingClassifier-p1-tr(8)-sw(6)-lw(24)-fa(0.8)-max(20000) f1 score: 0.8481599425704311 cumulative return: 128384.60000820042
GradientBoostingClassifier-p1-tr(8)-sw(6)-lw(24)-fa(0.8)-max(30000) f1 score: 0.8834773857261995 cumulative return: 142468.83166760998
GradientBoostingClassifier-p1-tr(8)-sw(6)-lw(24)-fa(0.8)-max(100000) f1 score: 0.8300260285701695 cumulative return: 225761.39091592398
GradientBoostingClassifier-p1-tr(8)-sw(6)-lw(24)-fa(1)-max(20000) f1 score: 0.8957620740212325 cumulative return: 125860.84294110027
GradientBoostingClassifier-p1-tr(8)-sw(6)-lw(24)-fa(1)-max(30000) f1 score: 0.892846993137105 cumulative return: 138721.49730154514
GradientBoostingClassifier-p1-tr(8)-sw(6)-lw(24)-fa(1)-max(100000) f1 score: 0.885245309478662 cumulative return: 228036.0964443727
GradientBoostingClassifier-p1-tr(8)-sw(6)-lw(24)-fa(2)-max(20000) f1 score: 0.47149757043444995 cumulative return: 110185.18639181883
GradientBoostingClassifier-p1-tr(8)-sw(6)-lw(24)-fa(2)-max(30000) f1 score: 0.4946880686937104 cumulative return: 113772.1500749255
GradientBoostingClassifier-p1-tr(8)-sw(6)-lw(24)-fa(2)-max(100000) f1 score: 0.525028477150983 cumulative return: 151444.03712156566
GradientBoostingClassifier-p1-tr(8)-sw(6)-lw(24)-fa(3)-max(20000) f1 score: -0.3057260100811501 cumulative return: 98750.97953413957
GradientBoostingClassifier-p1-tr(8)-sw(6)-lw(24)-fa(3)-max(30000) f1 score: -0.340159516280635 cumulative return: 100295.74750678803
GradientBoostingClassifier-p1-tr(8)-sw(6)-lw(24)-fa(3)-max(100000) f1 score: -0.27887411615731184 cumulative return: 108297.67284814517
GradientBoostingClassifier-p1-tr(8)-sw(6)-lw(42)-fa(0.1)-max(20000) f1 score: 0.7463486837088288 cumulative return: 125033.615158282
GradientBoostingClassifier-p1-tr(8)-sw(6)-lw(42)-fa(0.1)-max(30000) f1 score: 0.7855770996776548 cumulative return: 135909.66876632444
GradientBoostingClassifier-p1-tr(8)-sw(6)-lw(42)-fa(0.1)-max(100000) f1 score: 0.7687030898280046 cumulative return: 240031.6658478952
GradientBoostingClassifier-p1-tr(8)-sw(6)-lw(42)-fa(0.25)-max(20000) f1 score: 0.8589546136803992 cumulative return: 125776.3563166436
GradientBoostingClassifier-p1-tr(8)-sw(6)-lw(42)-fa(0.25)-max(30000) f1 score: 0.8397477261682125 cumulative return: 139452.5988496224
GradientBoostingClassifier-p1-tr(8)-sw(6)-lw(42)-fa(0.25)-max(100000) f1 score: 0.830904340576738 cumulative return: 229504.53952011443
GradientBoostingClassifier-p1-tr(8)-sw(6)-lw(42)-fa(0.5)-max(20000) f1 score: 0.8702968397040123 cumulative return: 124324.87744147168
GradientBoostingClassifier-p1-tr(8)-sw(6)-lw(42)-fa(0.5)-max(30000) f1 score: 0.8688593734364306 cumulative return: 137050.93452656144
GradientBoostingClassifier-p1-tr(8)-sw(6)-lw(42)-fa(0.5)-max(100000) f1 score: 0.8588031321898697 cumulative return: 223015.6166891593
GradientBoostingClassifier-p1-tr(8)-sw(6)-lw(42)-fa(0.8)-max(20000) f1 score: 0.8520070084093566 cumulative return: 124776.99061034605
GradientBoostingClassifier-p1-tr(8)-sw(6)-lw(42)-fa(0.8)-max(30000) f1 score: 0.8680549427976799 cumulative return: 143036.73557816367
GradientBoostingClassifier-p1-tr(8)-sw(6)-lw(42)-fa(0.8)-max(100000) f1 score: 0.8554785501643829 cumulative return: 220241.47394416685
GradientBoostingClassifier-p1-tr(8)-sw(6)-lw(42)-fa(1)-max(20000) f1 score: 0.869740648869132 cumulative return: 119307.33397709695
GradientBoostingClassifier-p1-tr(8)-sw(6)-lw(42)-fa(1)-max(30000) f1 score: 0.8545552123168854 cumulative return: 125052.52037226682
GradientBoostingClassifier-p1-tr(8)-sw(6)-lw(42)-fa(1)-max(100000) f1 score: 0.8633356130350798 cumulative return: 202869.1812903199
GradientBoostingClassifier-p1-tr(8)-sw(6)-lw(42)-fa(2)-max(20000) f1 score: 0.297965270737104 cumulative return: 112885.4514657461
GradientBoostingClassifier-p1-tr(8)-sw(6)-lw(42)-fa(2)-max(30000) f1 score: 0.2925412572515925 cumulative return: 116049.13161999547
GradientBoostingClassifier-p1-tr(8)-sw(6)-lw(42)-fa(2)-max(100000) f1 score: 0.3191623468336018 cumulative return: 140002.22045088172
GradientBoostingClassifier-p1-tr(8)-sw(6)-lw(42)-fa(3)-max(20000) f1 score: -0.6456999918338087 cumulative return: 100577.97454790509
GradientBoostingClassifier-p1-tr(8)-sw(6)-lw(42)-fa(3)-max(30000) f1 score: -0.6910860339927609 cumulative return: 100538.89499454183
GradientBoostingClassifier-p1-tr(8)-sw(6)-lw(42)-fa(3)-max(100000) f1 score: -0.6198905284975704 cumulative return: 103436.15893873246
GradientBoostingClassifier-p1-tr(8)-sw(6)-lw(60)-fa(0.1)-max(20000) f1 score: 0.7654031237547418 cumulative return: 125759.46066463168
GradientBoostingClassifier-p1-tr(8)-sw(6)-lw(60)-fa(0.1)-max(30000) f1 score: 0.7528537329438344 cumulative return: 138958.06569387208
GradientBoostingClassifier-p1-tr(8)-sw(6)-lw(60)-fa(0.1)-max(100000) f1 score: 0.7543555252567564 cumulative return: 229787.00677170706
GradientBoostingClassifier-p1-tr(8)-sw(6)-lw(60)-fa(0.25)-max(20000) f1 score: 0.8516495945072747 cumulative return: 127441.65150239067
GradientBoostingClassifier-p1-tr(8)-sw(6)-lw(60)-fa(0.25)-max(30000) f1 score: 0.8311916416776177 cumulative return: 136072.895001266
GradientBoostingClassifier-p1-tr(8)-sw(6)-lw(60)-fa(0.25)-max(100000) f1 score: 0.8457454259321786 cumulative return: 241500.13623582432
GradientBoostingClassifier-p1-tr(8)-sw(6)-lw(60)-fa(0.5)-max(20000) f1 score: 0.8445633009778658 cumulative return: 120937.27514121606
GradientBoostingClassifier-p1-tr(8)-sw(6)-lw(60)-fa(0.5)-max(30000) f1 score: 0.8287091530345738 cumulative return: 129643.81064727795
GradientBoostingClassifier-p1-tr(8)-sw(6)-lw(60)-fa(0.5)-max(100000) f1 score: 0.8172012692648447 cumulative return: 218422.2033267673
GradientBoostingClassifier-p1-tr(8)-sw(6)-lw(60)-fa(0.8)-max(20000) f1 score: 0.8809696003721336 cumulative return: 125775.94856575213
GradientBoostingClassifier-p1-tr(8)-sw(6)-lw(60)-fa(0.8)-max(30000) f1 score: 0.8719603627041769 cumulative return: 130805.44703761887
GradientBoostingClassifier-p1-tr(8)-sw(6)-lw(60)-fa(0.8)-max(100000) f1 score: 0.8690029210104262 cumulative return: 225819.9099406664
GradientBoostingClassifier-p1-tr(8)-sw(6)-lw(60)-fa(1)-max(20000) f1 score: 0.8487931927020826 cumulative return: 123967.4265852981
GradientBoostingClassifier-p1-tr(8)-sw(6)-lw(60)-fa(1)-max(30000) f1 score: 0.8016171729612173 cumulative return: 129695.7117472311
GradientBoostingClassifier-p1-tr(8)-sw(6)-lw(60)-fa(1)-max(100000) f1 score: 0.8503648398847304 cumulative return: 204078.73360826954
GradientBoostingClassifier-p1-tr(8)-sw(6)-lw(60)-fa(2)-max(20000) f1 score: 0.07338032581649978 cumulative return: 107600.99513989285
GradientBoostingClassifier-p1-tr(8)-sw(6)-lw(60)-fa(2)-max(30000) f1 score: 0.13166160119819104 cumulative return: 108632.940773844
GradientBoostingClassifier-p1-tr(8)-sw(6)-lw(60)-fa(2)-max(100000) f1 score: 0.09109792447305232 cumulative return: 130160.69508150432
GradientBoostingClassifier-p1-tr(8)-sw(6)-lw(60)-fa(3)-max(20000) f1 score: -0.5499629798357812 cumulative return: 100502.51374525041
GradientBoostingClassifier-p1-tr(8)-sw(6)-lw(60)-fa(3)-max(30000) f1 score: -0.5402651041625364 cumulative return: 101151.0498874412
GradientBoostingClassifier-p1-tr(8)-sw(6)-lw(60)-fa(3)-max(100000) f1 score: -0.481212324102281 cumulative return: 103652.87218464895
GradientBoostingClassifier-p1-tr(8)-sw(6)-lw(180)-fa(0.1)-max(20000) f1 score: 0.7945140924844891 cumulative return: 121980.51624254539
GradientBoostingClassifier-p1-tr(8)-sw(6)-lw(180)-fa(0.1)-max(30000) f1 score: 0.7324953341343462 cumulative return: 137850.33975121248
GradientBoostingClassifier-p1-tr(8)-sw(6)-lw(180)-fa(0.1)-max(100000) f1 score: 0.7990240680443887 cumulative return: 223313.57024999568
GradientBoostingClassifier-p1-tr(8)-sw(6)-lw(180)-fa(0.25)-max(20000) f1 score: 0.8840411260755419 cumulative return: 123257.5545777303
GradientBoostingClassifier-p1-tr(8)-sw(6)-lw(180)-fa(0.25)-max(30000) f1 score: 0.8523319677228295 cumulative return: 134904.86130132698