start:  2022-07-10 11:19:59.161158
LogisticRegression-p1-tr(8)-sw(1)-lw(24)-fa(0.1)-max(20000) f1 score: 0.9330270382512357 cumulative return: 131277.4956637727
LogisticRegression-p1-tr(8)-sw(1)-lw(24)-fa(0.1)-max(30000) f1 score: 0.9333803012579559 cumulative return: 145435.374362027
LogisticRegression-p1-tr(8)-sw(1)-lw(24)-fa(0.1)-max(100000) f1 score: 0.9322894530073231 cumulative return: 262390.5172612058
LogisticRegression-p1-tr(8)-sw(1)-lw(24)-fa(0.25)-max(20000) f1 score: 0.9746248620032755 cumulative return: 128591.00524313985
LogisticRegression-p1-tr(8)-sw(1)-lw(24)-fa(0.25)-max(30000) f1 score: 0.972281114543013 cumulative return: 146707.6925188191
LogisticRegression-p1-tr(8)-sw(1)-lw(24)-fa(0.25)-max(100000) f1 score: 0.9725025333163451 cumulative return: 265428.616036758
LogisticRegression-p1-tr(8)-sw(1)-lw(24)-fa(0.5)-max(20000) f1 score: 0.9936872546815765 cumulative return: 126837.31890757814
LogisticRegression-p1-tr(8)-sw(1)-lw(24)-fa(0.5)-max(30000) f1 score: 0.9931133536182185 cumulative return: 142999.99044922783
LogisticRegression-p1-tr(8)-sw(1)-lw(24)-fa(0.5)-max(100000) f1 score: 0.9930955587811718 cumulative return: 254025.41245656053
LogisticRegression-p1-tr(8)-sw(1)-lw(24)-fa(0.8)-max(20000) f1 score: 0.9975672234227321 cumulative return: 126548.39483764513
LogisticRegression-p1-tr(8)-sw(1)-lw(24)-fa(0.8)-max(30000) f1 score: 0.9971365587054392 cumulative return: 141828.61025203887
LogisticRegression-p1-tr(8)-sw(1)-lw(24)-fa(0.8)-max(100000) f1 score: 0.997758773577617 cumulative return: 246811.38095444645
LogisticRegression-p1-tr(8)-sw(1)-lw(24)-fa(1)-max(20000) f1 score: 0.9897828909237018 cumulative return: 125055.82960894008
LogisticRegression-p1-tr(8)-sw(1)-lw(24)-fa(1)-max(30000) f1 score: 0.9897817675720795 cumulative return: 139557.59688063088
LogisticRegression-p1-tr(8)-sw(1)-lw(24)-fa(1)-max(100000) f1 score: 0.9907879348886016 cumulative return: 234999.64449758473
LogisticRegression-p1-tr(8)-sw(1)-lw(24)-fa(2)-max(20000) f1 score: 0.8099962907750747 cumulative return: 115971.98473047299
LogisticRegression-p1-tr(8)-sw(1)-lw(24)-fa(2)-max(30000) f1 score: 0.8074452740684672 cumulative return: 124700.26059998869
LogisticRegression-p1-tr(8)-sw(1)-lw(24)-fa(2)-max(100000) f1 score: 0.812842079811633 cumulative return: 179139.03822215463
LogisticRegression-p1-tr(8)-sw(1)-lw(24)-fa(3)-max(20000) f1 score: 0.19291717029570066 cumulative return: 104781.3264550761
LogisticRegression-p1-tr(8)-sw(1)-lw(24)-fa(3)-max(30000) f1 score: 0.17073573821442745 cumulative return: 107035.1128619521
LogisticRegression-p1-tr(8)-sw(1)-lw(24)-fa(3)-max(100000) f1 score: 0.1798440452037693 cumulative return: 126809.96422495974
LogisticRegression-p1-tr(8)-sw(1)-lw(42)-fa(0.1)-max(20000) f1 score: 0.9357246721611283 cumulative return: 130013.03270138249
LogisticRegression-p1-tr(8)-sw(1)-lw(42)-fa(0.1)-max(30000) f1 score: 0.9350905339538693 cumulative return: 145361.35521698106
LogisticRegression-p1-tr(8)-sw(1)-lw(42)-fa(0.1)-max(100000) f1 score: 0.9357289110563956 cumulative return: 261875.9331466955
LogisticRegression-p1-tr(8)-sw(1)-lw(42)-fa(0.25)-max(20000) f1 score: 0.9813138471557881 cumulative return: 127949.35874168239
LogisticRegression-p1-tr(8)-sw(1)-lw(42)-fa(0.25)-max(30000) f1 score: 0.9786130727572658 cumulative return: 146590.27892325536
LogisticRegression-p1-tr(8)-sw(1)-lw(42)-fa(0.25)-max(100000) f1 score: 0.9790108927842073 cumulative return: 263609.8612724688
LogisticRegression-p1-tr(8)-sw(1)-lw(42)-fa(0.5)-max(20000) f1 score: 0.9945115435704424 cumulative return: 127547.16722624518
LogisticRegression-p1-tr(8)-sw(1)-lw(42)-fa(0.5)-max(30000) f1 score: 0.9944292749864799 cumulative return: 142879.8055132198
LogisticRegression-p1-tr(8)-sw(1)-lw(42)-fa(0.5)-max(100000) f1 score: 0.9943925249732284 cumulative return: 251868.97123889066
LogisticRegression-p1-tr(8)-sw(1)-lw(42)-fa(0.8)-max(20000) f1 score: 0.9952746181625186 cumulative return: 125825.02399044114
LogisticRegression-p1-tr(8)-sw(1)-lw(42)-fa(0.8)-max(30000) f1 score: 0.9943228262990778 cumulative return: 139100.63509173252
LogisticRegression-p1-tr(8)-sw(1)-lw(42)-fa(0.8)-max(100000) f1 score: 0.9933172948314025 cumulative return: 239625.4687190819
LogisticRegression-p1-tr(8)-sw(1)-lw(42)-fa(1)-max(20000) f1 score: 0.9744082139072335 cumulative return: 123185.00604377984
LogisticRegression-p1-tr(8)-sw(1)-lw(42)-fa(1)-max(30000) f1 score: 0.9766313883969805 cumulative return: 137571.81126166883
LogisticRegression-p1-tr(8)-sw(1)-lw(42)-fa(1)-max(100000) f1 score: 0.9784874565044412 cumulative return: 226937.2935115212
LogisticRegression-p1-tr(8)-sw(1)-lw(42)-fa(2)-max(20000) f1 score: 0.7110533541938113 cumulative return: 116522.92456953051
LogisticRegression-p1-tr(8)-sw(1)-lw(42)-fa(2)-max(30000) f1 score: 0.7277331153316406 cumulative return: 123943.01613663122
LogisticRegression-p1-tr(8)-sw(1)-lw(42)-fa(2)-max(100000) f1 score: 0.7297864504758754 cumulative return: 174868.3053641608
LogisticRegression-p1-tr(8)-sw(1)-lw(42)-fa(3)-max(20000) f1 score: 0.3779820432492915 cumulative return: 105928.83779482498
LogisticRegression-p1-tr(8)-sw(1)-lw(42)-fa(3)-max(30000) f1 score: 0.39849569612420743 cumulative return: 108938.77162267116
LogisticRegression-p1-tr(8)-sw(1)-lw(42)-fa(3)-max(100000) f1 score: 0.41235671012275166 cumulative return: 125533.14647926007
LogisticRegression-p1-tr(8)-sw(1)-lw(60)-fa(0.1)-max(20000) f1 score: 0.9357292962587064 cumulative return: 130159.02652676548
LogisticRegression-p1-tr(8)-sw(1)-lw(60)-fa(0.1)-max(30000) f1 score: 0.9359061554780781 cumulative return: 145346.73062444964
LogisticRegression-p1-tr(8)-sw(1)-lw(60)-fa(0.1)-max(100000) f1 score: 0.9340289168133862 cumulative return: 266785.2291856901
LogisticRegression-p1-tr(8)-sw(1)-lw(60)-fa(0.25)-max(20000) f1 score: 0.9809569967449693 cumulative return: 126329.48634230548
LogisticRegression-p1-tr(8)-sw(1)-lw(60)-fa(0.25)-max(30000) f1 score: 0.9825030937650223 cumulative return: 142946.57464983224
LogisticRegression-p1-tr(8)-sw(1)-lw(60)-fa(0.25)-max(100000) f1 score: 0.9817040324111909 cumulative return: 259286.6742326214
LogisticRegression-p1-tr(8)-sw(1)-lw(60)-fa(0.5)-max(20000) f1 score: 0.9952994155479641 cumulative return: 126461.00693561733
LogisticRegression-p1-tr(8)-sw(1)-lw(60)-fa(0.5)-max(30000) f1 score: 0.9960681401303841 cumulative return: 140811.50816778778
LogisticRegression-p1-tr(8)-sw(1)-lw(60)-fa(0.5)-max(100000) f1 score: 0.9958659468392189 cumulative return: 249377.91605629848
LogisticRegression-p1-tr(8)-sw(1)-lw(60)-fa(0.8)-max(20000) f1 score: 0.9931687985223062 cumulative return: 124586.58233892772
LogisticRegression-p1-tr(8)-sw(1)-lw(60)-fa(0.8)-max(30000) f1 score: 0.9898587114818628 cumulative return: 137136.2666601196
LogisticRegression-p1-tr(8)-sw(1)-lw(60)-fa(0.8)-max(100000) f1 score: 0.9908618557029656 cumulative return: 233551.9753376976
LogisticRegression-p1-tr(8)-sw(1)-lw(60)-fa(1)-max(20000) f1 score: 0.9737146159245962 cumulative return: 124945.32874741829
LogisticRegression-p1-tr(8)-sw(1)-lw(60)-fa(1)-max(30000) f1 score: 0.9759362665720345 cumulative return: 139439.72583302605
LogisticRegression-p1-tr(8)-sw(1)-lw(60)-fa(1)-max(100000) f1 score: 0.9763795398736146 cumulative return: 229282.37977735105
LogisticRegression-p1-tr(8)-sw(1)-lw(60)-fa(2)-max(20000) f1 score: 0.7961421638576268 cumulative return: 114255.46166844516
LogisticRegression-p1-tr(8)-sw(1)-lw(60)-fa(2)-max(30000) f1 score: 0.8012966080102915 cumulative return: 122493.02308750204
LogisticRegression-p1-tr(8)-sw(1)-lw(60)-fa(2)-max(100000) f1 score: 0.802541662029173 cumulative return: 169546.29946887435
LogisticRegression-p1-tr(8)-sw(1)-lw(60)-fa(3)-max(20000) f1 score: 0.33264760881098265 cumulative return: 106685.11863256991
LogisticRegression-p1-tr(8)-sw(1)-lw(60)-fa(3)-max(30000) f1 score: 0.3324171752506453 cumulative return: 110518.84602592801
LogisticRegression-p1-tr(8)-sw(1)-lw(60)-fa(3)-max(100000) f1 score: 0.3591216129684387 cumulative return: 120544.37620656875
LogisticRegression-p1-tr(8)-sw(1)-lw(180)-fa(0.1)-max(20000) f1 score: 0.9500370621592695 cumulative return: 127669.74383121436
LogisticRegression-p1-tr(8)-sw(1)-lw(180)-fa(0.1)-max(30000) f1 score: 0.946628544305423 cumulative return: 143814.27251529097
LogisticRegression-p1-tr(8)-sw(1)-lw(180)-fa(0.1)-max(100000) f1 score: 0.9453410417397065 cumulative return: 258735.3669527633
LogisticRegression-p1-tr(8)-sw(1)-lw(180)-fa(0.25)-max(20000) f1 score: 0.983147981809497 cumulative return: 128285.78713810741
LogisticRegression-p1-tr(8)-sw(1)-lw(180)-fa(0.25)-max(30000) f1 score: 0.9858856851409504 cumulative return: 142478.26213577323
LogisticRegression-p1-tr(8)-sw(1)-lw(180)-fa(0.25)-max(100000) f1 score: 0.9825929582559009 cumulative return: 263060.8836031231
LogisticRegression-p1-tr(8)-sw(1)-lw(180)-fa(0.5)-max(20000) f1 score: 0.9970628608107942 cumulative return: 127852.38237185481
LogisticRegression-p1-tr(8)-sw(1)-lw(180)-fa(0.5)-max(30000) f1 score: 0.9966262604638558 cumulative return: 143811.1944759778
LogisticRegression-p1-tr(8)-sw(1)-lw(180)-fa(0.5)-max(100000) f1 score: 0.9964366297277311 cumulative return: 250437.16448525595
LogisticRegression-p1-tr(8)-sw(1)-lw(180)-fa(0.8)-max(20000) f1 score: 0.9765009026886762 cumulative return: 128294.02900351
LogisticRegression-p1-tr(8)-sw(1)-lw(180)-fa(0.8)-max(30000) f1 score: 0.9783201778270004 cumulative return: 139836.77631440386
LogisticRegression-p1-tr(8)-sw(1)-lw(180)-fa(0.8)-max(100000) f1 score: 0.978512403869988 cumulative return: 231351.51291300397
LogisticRegression-p1-tr(8)-sw(1)-lw(180)-fa(1)-max(20000) f1 score: 0.9344561819130773 cumulative return: 124587.26049351729
LogisticRegression-p1-tr(8)-sw(1)-lw(180)-fa(1)-max(30000) f1 score: 0.9420248235455874 cumulative return: 137386.83395727215
LogisticRegression-p1-tr(8)-sw(1)-lw(180)-fa(1)-max(100000) f1 score: 0.9401664323482714 cumulative return: 214824.16916501374
LogisticRegression-p1-tr(8)-sw(1)-lw(180)-fa(2)-max(20000) f1 score: 0.28273647922846745 cumulative return: 112137.23266525436
LogisticRegression-p1-tr(8)-sw(1)-lw(180)-fa(2)-max(30000) f1 score: 0.27180556997746264 cumulative return: 116692.30069673665
LogisticRegression-p1-tr(8)-sw(1)-lw(180)-fa(2)-max(100000) f1 score: 0.2876809501397273 cumulative return: 150889.49472760636
LogisticRegression-p1-tr(8)-sw(1)-lw(180)-fa(3)-max(20000) f1 score: -0.569369111946779 cumulative return: 102157.41369502102
LogisticRegression-p1-tr(8)-sw(1)-lw(180)-fa(3)-max(30000) f1 score: -0.569369111946779 cumulative return: 103005.91081194331
LogisticRegression-p1-tr(8)-sw(1)-lw(180)-fa(3)-max(100000) f1 score: -0.5763222728261965 cumulative return: 111359.64081094222
LogisticRegression-p1-tr(8)-sw(1)-lw(252)-fa(0.1)-max(20000) f1 score: 0.9422230201312976 cumulative return: 128218.63452647385
LogisticRegression-p1-tr(8)-sw(1)-lw(252)-fa(0.1)-max(30000) f1 score: 0.9442119346280061 cumulative return: 145261.31711288213
LogisticRegression-p1-tr(8)-sw(1)-lw(252)-fa(0.1)-max(100000) f1 score: 0.9402471686807952 cumulative return: 261246.21235647344
LogisticRegression-p1-tr(8)-sw(1)-lw(252)-fa(0.25)-max(20000) f1 score: 0.9854580722278969 cumulative return: 128658.71909619904
LogisticRegression-p1-tr(8)-sw(1)-lw(252)-fa(0.25)-max(30000) f1 score: 0.984338919259693 cumulative return: 144256.18868572495
LogisticRegression-p1-tr(8)-sw(1)-lw(252)-fa(0.25)-max(100000) f1 score: 0.9855242870804554 cumulative return: 260168.31829664565
LogisticRegression-p1-tr(8)-sw(1)-lw(252)-fa(0.5)-max(20000) f1 score: 0.9950001322262974 cumulative return: 128076.4344234365
LogisticRegression-p1-tr(8)-sw(1)-lw(252)-fa(0.5)-max(30000) f1 score: 0.9941569538135816 cumulative return: 144739.87070846913
LogisticRegression-p1-tr(8)-sw(1)-lw(252)-fa(0.5)-max(100000) f1 score: 0.9935047977005137 cumulative return: 251853.38099857286
LogisticRegression-p1-tr(8)-sw(1)-lw(252)-fa(0.8)-max(20000) f1 score: 0.9721731372336118 cumulative return: 127328.28454880216
LogisticRegression-p1-tr(8)-sw(1)-lw(252)-fa(0.8)-max(30000) f1 score: 0.9718189909783883 cumulative return: 139401.7770803803
LogisticRegression-p1-tr(8)-sw(1)-lw(252)-fa(0.8)-max(100000) f1 score: 0.9707522278344519 cumulative return: 226897.2153782817
LogisticRegression-p1-tr(8)-sw(1)-lw(252)-fa(1)-max(20000) f1 score: 0.9391365796088069 cumulative return: 121462.93617450159
LogisticRegression-p1-tr(8)-sw(1)-lw(252)-fa(1)-max(30000) f1 score: 0.9354185116751236 cumulative return: 131107.1573316992
LogisticRegression-p1-tr(8)-sw(1)-lw(252)-fa(1)-max(100000) f1 score: 0.940730544821348 cumulative return: 196247.120222928
LogisticRegression-p1-tr(8)-sw(1)-lw(252)-fa(2)-max(20000) f1 score: 0.4380689275567964 cumulative return: 108947.99010634831
LogisticRegression-p1-tr(8)-sw(1)-lw(252)-fa(2)-max(30000) f1 score: 0.45300971006480273 cumulative return: 112219.00293066486
LogisticRegression-p1-tr(8)-sw(1)-lw(252)-fa(2)-max(100000) f1 score: 0.41351556076334783 cumulative return: 130456.10539898189
LogisticRegression-p1-tr(8)-sw(1)-lw(252)-fa(3)-max(20000) f1 score: -0.18226468488558112 cumulative return: 102962.86412370985
LogisticRegression-p1-tr(8)-sw(1)-lw(252)-fa(3)-max(30000) f1 score: -0.17500287246740065 cumulative return: 104293.67138530892
LogisticRegression-p1-tr(8)-sw(1)-lw(252)-fa(3)-max(100000) f1 score: -0.18268270968631883 cumulative return: 108702.66132068238
LogisticRegression-p1-tr(8)-sw(2)-lw(24)-fa(0.1)-max(20000) f1 score: 0.9358421120971467 cumulative return: 130479.28984509116
LogisticRegression-p1-tr(8)-sw(2)-lw(24)-fa(0.1)-max(30000) f1 score: 0.9320299947830474 cumulative return: 146683.36170349966
LogisticRegression-p1-tr(8)-sw(2)-lw(24)-fa(0.1)-max(100000) f1 score: 0.9299940363952777 cumulative return: 268646.5574304356
LogisticRegression-p1-tr(8)-sw(2)-lw(24)-fa(0.25)-max(20000) f1 score: 0.9730246030106775 cumulative return: 127808.05604485855
LogisticRegression-p1-tr(8)-sw(2)-lw(24)-fa(0.25)-max(30000) f1 score: 0.9692643438382782 cumulative return: 145554.475275522
LogisticRegression-p1-tr(8)-sw(2)-lw(24)-fa(0.25)-max(100000) f1 score: 0.9711736314861509 cumulative return: 264033.36951015604
LogisticRegression-p1-tr(8)-sw(2)-lw(24)-fa(0.5)-max(20000) f1 score: 0.9933111230331805 cumulative return: 127165.49680494894
LogisticRegression-p1-tr(8)-sw(2)-lw(24)-fa(0.5)-max(30000) f1 score: 0.9918254721085525 cumulative return: 143451.19546854924
LogisticRegression-p1-tr(8)-sw(2)-lw(24)-fa(0.5)-max(100000) f1 score: 0.9931013885782332 cumulative return: 257360.8545086296
LogisticRegression-p1-tr(8)-sw(2)-lw(24)-fa(0.8)-max(20000) f1 score: 0.9967916940737471 cumulative return: 126355.14078731688
LogisticRegression-p1-tr(8)-sw(2)-lw(24)-fa(0.8)-max(30000) f1 score: 0.9972245699029089 cumulative return: 142154.26812268601
LogisticRegression-p1-tr(8)-sw(2)-lw(24)-fa(0.8)-max(100000) f1 score: 0.9975866911307356 cumulative return: 247239.1068725261
LogisticRegression-p1-tr(8)-sw(2)-lw(24)-fa(1)-max(20000) f1 score: 0.9909138953962704 cumulative return: 125168.19986255447
LogisticRegression-p1-tr(8)-sw(2)-lw(24)-fa(1)-max(30000) f1 score: 0.9899269859884087 cumulative return: 140083.2386223231
LogisticRegression-p1-tr(8)-sw(2)-lw(24)-fa(1)-max(100000) f1 score: 0.990747855728954 cumulative return: 234766.05485815008
LogisticRegression-p1-tr(8)-sw(2)-lw(24)-fa(2)-max(20000) f1 score: 0.8118483618303889 cumulative return: 114572.21461310258
LogisticRegression-p1-tr(8)-sw(2)-lw(24)-fa(2)-max(30000) f1 score: 0.8134982628180762 cumulative return: 124152.65398435923
LogisticRegression-p1-tr(8)-sw(2)-lw(24)-fa(2)-max(100000) f1 score: 0.8158522121538452 cumulative return: 176811.51171419187
LogisticRegression-p1-tr(8)-sw(2)-lw(24)-fa(3)-max(20000) f1 score: 0.20665400722695448 cumulative return: 104794.54652825632
LogisticRegression-p1-tr(8)-sw(2)-lw(24)-fa(3)-max(30000) f1 score: 0.2044974500425467 cumulative return: 108793.24920521336
LogisticRegression-p1-tr(8)-sw(2)-lw(24)-fa(3)-max(100000) f1 score: 0.19905055357306378 cumulative return: 129417.23851504334
LogisticRegression-p1-tr(8)-sw(2)-lw(42)-fa(0.1)-max(20000) f1 score: 0.9370917210851482 cumulative return: 131143.58166567681
LogisticRegression-p1-tr(8)-sw(2)-lw(42)-fa(0.1)-max(30000) f1 score: 0.9377921226147174 cumulative return: 144949.7145790983
LogisticRegression-p1-tr(8)-sw(2)-lw(42)-fa(0.1)-max(100000) f1 score: 0.9363751919564898 cumulative return: 265827.6669999404
LogisticRegression-p1-tr(8)-sw(2)-lw(42)-fa(0.25)-max(20000) f1 score: 0.9797417627172273 cumulative return: 129378.36941596631
LogisticRegression-p1-tr(8)-sw(2)-lw(42)-fa(0.25)-max(30000) f1 score: 0.9811573616264788 cumulative return: 144978.47539215887
LogisticRegression-p1-tr(8)-sw(2)-lw(42)-fa(0.25)-max(100000) f1 score: 0.9765252491855609 cumulative return: 267424.3043236931
LogisticRegression-p1-tr(8)-sw(2)-lw(42)-fa(0.5)-max(20000) f1 score: 0.9951551369573097 cumulative return: 127427.50891317612
LogisticRegression-p1-tr(8)-sw(2)-lw(42)-fa(0.5)-max(30000) f1 score: 0.994165878060718 cumulative return: 141316.81302019476
LogisticRegression-p1-tr(8)-sw(2)-lw(42)-fa(0.5)-max(100000) f1 score: 0.995328030107717 cumulative return: 251129.2299222226
LogisticRegression-p1-tr(8)-sw(2)-lw(42)-fa(0.8)-max(20000) f1 score: 0.9934713751645656 cumulative return: 126420.45891608688
LogisticRegression-p1-tr(8)-sw(2)-lw(42)-fa(0.8)-max(30000) f1 score: 0.994547930373287 cumulative return: 140527.91836188285
LogisticRegression-p1-tr(8)-sw(2)-lw(42)-fa(0.8)-max(100000) f1 score: 0.993716476302943 cumulative return: 238105.07805254328
LogisticRegression-p1-tr(8)-sw(2)-lw(42)-fa(1)-max(20000) f1 score: 0.9753810450060262 cumulative return: 123804.36314998491
LogisticRegression-p1-tr(8)-sw(2)-lw(42)-fa(1)-max(30000) f1 score: 0.9774675017680815 cumulative return: 136980.84302182533
LogisticRegression-p1-tr(8)-sw(2)-lw(42)-fa(1)-max(100000) f1 score: 0.977731919990271 cumulative return: 226449.25536464882
LogisticRegression-p1-tr(8)-sw(2)-lw(42)-fa(2)-max(20000) f1 score: 0.7274974882707543 cumulative return: 116989.61014172176
LogisticRegression-p1-tr(8)-sw(2)-lw(42)-fa(2)-max(30000) f1 score: 0.7254780100691371 cumulative return: 124607.62746741454
LogisticRegression-p1-tr(8)-sw(2)-lw(42)-fa(2)-max(100000) f1 score: 0.7251275384149846 cumulative return: 174536.5321434614
LogisticRegression-p1-tr(8)-sw(2)-lw(42)-fa(3)-max(20000) f1 score: 0.404183049108477 cumulative return: 106803.55562087626
LogisticRegression-p1-tr(8)-sw(2)-lw(42)-fa(3)-max(30000) f1 score: 0.38875289355480336 cumulative return: 109654.58185043918
LogisticRegression-p1-tr(8)-sw(2)-lw(42)-fa(3)-max(100000) f1 score: 0.3882674835611394 cumulative return: 128150.84578846866
LogisticRegression-p1-tr(8)-sw(2)-lw(60)-fa(0.1)-max(20000) f1 score: 0.9380339529636024 cumulative return: 129929.66402749669
LogisticRegression-p1-tr(8)-sw(2)-lw(60)-fa(0.1)-max(30000) f1 score: 0.9366062063077109 cumulative return: 147132.32899686243
LogisticRegression-p1-tr(8)-sw(2)-lw(60)-fa(0.1)-max(100000) f1 score: 0.9342390059077392 cumulative return: 263482.6019623691
LogisticRegression-p1-tr(8)-sw(2)-lw(60)-fa(0.25)-max(20000) f1 score: 0.9821455129154875 cumulative return: 128701.63929395065
LogisticRegression-p1-tr(8)-sw(2)-lw(60)-fa(0.25)-max(30000) f1 score: 0.9808606707994021 cumulative return: 143117.46051444262
LogisticRegression-p1-tr(8)-sw(2)-lw(60)-fa(0.25)-max(100000) f1 score: 0.982248642599175 cumulative return: 259549.52470215043
LogisticRegression-p1-tr(8)-sw(2)-lw(60)-fa(0.5)-max(20000) f1 score: 0.9966970315418945 cumulative return: 129768.7827461978
LogisticRegression-p1-tr(8)-sw(2)-lw(60)-fa(0.5)-max(30000) f1 score: 0.9955282989651442 cumulative return: 142750.42264068875
LogisticRegression-p1-tr(8)-sw(2)-lw(60)-fa(0.5)-max(100000) f1 score: 0.9962376541467384 cumulative return: 252557.18927549425
LogisticRegression-p1-tr(8)-sw(2)-lw(60)-fa(0.8)-max(20000) f1 score: 0.9909402767608848 cumulative return: 124817.49040297547
LogisticRegression-p1-tr(8)-sw(2)-lw(60)-fa(0.8)-max(30000) f1 score: 0.9901007778278033 cumulative return: 137263.8897293131
LogisticRegression-p1-tr(8)-sw(2)-lw(60)-fa(0.8)-max(100000) f1 score: 0.9913928451098422 cumulative return: 233394.56857923168
LogisticRegression-p1-tr(8)-sw(2)-lw(60)-fa(1)-max(20000) f1 score: 0.9781839250123089 cumulative return: 126196.23607744584
LogisticRegression-p1-tr(8)-sw(2)-lw(60)-fa(1)-max(30000) f1 score: 0.9746569518219219 cumulative return: 138669.48720140348
LogisticRegression-p1-tr(8)-sw(2)-lw(60)-fa(1)-max(100000) f1 score: 0.9757745342947673 cumulative return: 227104.64422469935
LogisticRegression-p1-tr(8)-sw(2)-lw(60)-fa(2)-max(20000) f1 score: 0.7904089296335637 cumulative return: 114134.36827915479
LogisticRegression-p1-tr(8)-sw(2)-lw(60)-fa(2)-max(30000) f1 score: 0.7926479946676959 cumulative return: 121279.59377299328
LogisticRegression-p1-tr(8)-sw(2)-lw(60)-fa(2)-max(100000) f1 score: 0.7897613799725705 cumulative return: 167089.78229527024
LogisticRegression-p1-tr(8)-sw(2)-lw(60)-fa(3)-max(20000) f1 score: 0.31800591426638625 cumulative return: 107124.91420797503
LogisticRegression-p1-tr(8)-sw(2)-lw(60)-fa(3)-max(30000) f1 score: 0.3264610612858079 cumulative return: 110346.2497410836
LogisticRegression-p1-tr(8)-sw(2)-lw(60)-fa(3)-max(100000) f1 score: 0.3151613982115239 cumulative return: 122008.20578686292
LogisticRegression-p1-tr(8)-sw(2)-lw(180)-fa(0.1)-max(20000) f1 score: 0.9449573909972213 cumulative return: 127679.13304045245
LogisticRegression-p1-tr(8)-sw(2)-lw(180)-fa(0.1)-max(30000) f1 score: 0.9466650921615153 cumulative return: 145587.3629869968
LogisticRegression-p1-tr(8)-sw(2)-lw(180)-fa(0.1)-max(100000) f1 score: 0.9455887523963943 cumulative return: 258863.51253562397
LogisticRegression-p1-tr(8)-sw(2)-lw(180)-fa(0.25)-max(20000) f1 score: 0.984403216131914 cumulative return: 129561.66715114945
LogisticRegression-p1-tr(8)-sw(2)-lw(180)-fa(0.25)-max(30000) f1 score: 0.9858183469069467 cumulative return: 144174.1685590922
LogisticRegression-p1-tr(8)-sw(2)-lw(180)-fa(0.25)-max(100000) f1 score: 0.9861987805489119 cumulative return: 261489.9271297509
LogisticRegression-p1-tr(8)-sw(2)-lw(180)-fa(0.5)-max(20000) f1 score: 0.9958143688488114 cumulative return: 132368.96843982616
LogisticRegression-p1-tr(8)-sw(2)-lw(180)-fa(0.5)-max(30000) f1 score: 0.9955047626178433 cumulative return: 145985.60632803626
LogisticRegression-p1-tr(8)-sw(2)-lw(180)-fa(0.5)-max(100000) f1 score: 0.9954518471788528 cumulative return: 250350.28190738417
LogisticRegression-p1-tr(8)-sw(2)-lw(180)-fa(0.8)-max(20000) f1 score: 0.9775564851476127 cumulative return: 127110.58558193465
LogisticRegression-p1-tr(8)-sw(2)-lw(180)-fa(0.8)-max(30000) f1 score: 0.9794559294751582 cumulative return: 139187.34912470728
LogisticRegression-p1-tr(8)-sw(2)-lw(180)-fa(0.8)-max(100000) f1 score: 0.9791376875327242 cumulative return: 229716.00934514782
LogisticRegression-p1-tr(8)-sw(2)-lw(180)-fa(1)-max(20000) f1 score: 0.9410304250483079 cumulative return: 125097.25981731308
LogisticRegression-p1-tr(8)-sw(2)-lw(180)-fa(1)-max(30000) f1 score: 0.9400585532205563 cumulative return: 137260.65407822808
LogisticRegression-p1-tr(8)-sw(2)-lw(180)-fa(1)-max(100000) f1 score: 0.9386717198171409 cumulative return: 213705.5425594258
LogisticRegression-p1-tr(8)-sw(2)-lw(180)-fa(2)-max(20000) f1 score: 0.331373169391749 cumulative return: 110998.85925293162
LogisticRegression-p1-tr(8)-sw(2)-lw(180)-fa(2)-max(30000) f1 score: 0.32388210116486804 cumulative return: 117323.37878873764
LogisticRegression-p1-tr(8)-sw(2)-lw(180)-fa(2)-max(100000) f1 score: 0.29977876079532406 cumulative return: 148518.58215931273
LogisticRegression-p1-tr(8)-sw(2)-lw(180)-fa(3)-max(20000) f1 score: -0.5518701205162069 cumulative return: 101493.98308154615
LogisticRegression-p1-tr(8)-sw(2)-lw(180)-fa(3)-max(30000) f1 score: -0.5476857080693087 cumulative return: 102531.93424079314
LogisticRegression-p1-tr(8)-sw(2)-lw(180)-fa(3)-max(100000) f1 score: -0.5578807127702721 cumulative return: 109407.09915810113
LogisticRegression-p1-tr(8)-sw(2)-lw(252)-fa(0.1)-max(20000) f1 score: 0.9464626127538983 cumulative return: 128303.76139420415
LogisticRegression-p1-tr(8)-sw(2)-lw(252)-fa(0.1)-max(30000) f1 score: 0.9451908617334096 cumulative return: 146070.42057211246
LogisticRegression-p1-tr(8)-sw(2)-lw(252)-fa(0.1)-max(100000) f1 score: 0.9390744657438018 cumulative return: 257725.87390389375
LogisticRegression-p1-tr(8)-sw(2)-lw(252)-fa(0.25)-max(20000) f1 score: 0.9832118529211048 cumulative return: 128409.50858544404
LogisticRegression-p1-tr(8)-sw(2)-lw(252)-fa(0.25)-max(30000) f1 score: 0.9848867233047669 cumulative return: 145034.56346581958
LogisticRegression-p1-tr(8)-sw(2)-lw(252)-fa(0.25)-max(100000) f1 score: 0.9828053353422473 cumulative return: 257754.31753460242
LogisticRegression-p1-tr(8)-sw(2)-lw(252)-fa(0.5)-max(20000) f1 score: 0.9930138182241756 cumulative return: 129073.39194337926
LogisticRegression-p1-tr(8)-sw(2)-lw(252)-fa(0.5)-max(30000) f1 score: 0.993581903659524 cumulative return: 144037.4701915367
LogisticRegression-p1-tr(8)-sw(2)-lw(252)-fa(0.5)-max(100000) f1 score: 0.994232042092636 cumulative return: 251479.33736316487
LogisticRegression-p1-tr(8)-sw(2)-lw(252)-fa(0.8)-max(20000) f1 score: 0.9706238098643892 cumulative return: 125980.75280257002
LogisticRegression-p1-tr(8)-sw(2)-lw(252)-fa(0.8)-max(30000) f1 score: 0.9668063995626647 cumulative return: 140364.40367946046
LogisticRegression-p1-tr(8)-sw(2)-lw(252)-fa(0.8)-max(100000) f1 score: 0.9717288612311098 cumulative return: 228098.58921567045
LogisticRegression-p1-tr(8)-sw(2)-lw(252)-fa(1)-max(20000) f1 score: 0.9341302573105058 cumulative return: 122123.55729082636
LogisticRegression-p1-tr(8)-sw(2)-lw(252)-fa(1)-max(30000) f1 score: 0.9388278385298015 cumulative return: 131689.95098638348
LogisticRegression-p1-tr(8)-sw(2)-lw(252)-fa(1)-max(100000) f1 score: 0.9373306324411443 cumulative return: 196063.89946567573
LogisticRegression-p1-tr(8)-sw(2)-lw(252)-fa(2)-max(20000) f1 score: 0.44763693423595385 cumulative return: 107110.22920133396
LogisticRegression-p1-tr(8)-sw(2)-lw(252)-fa(2)-max(30000) f1 score: 0.4621665744337571 cumulative return: 109868.78940434605
LogisticRegression-p1-tr(8)-sw(2)-lw(252)-fa(2)-max(100000) f1 score: 0.44949426693087147 cumulative return: 124381.18166806291
LogisticRegression-p1-tr(8)-sw(2)-lw(252)-fa(3)-max(20000) f1 score: -0.1960491898277117 cumulative return: 102605.19384083105
LogisticRegression-p1-tr(8)-sw(2)-lw(252)-fa(3)-max(30000) f1 score: -0.20340716179359442 cumulative return: 103591.89385122425
LogisticRegression-p1-tr(8)-sw(2)-lw(252)-fa(3)-max(100000) f1 score: -0.20970942012021743 cumulative return: 109519.52103665611
LogisticRegression-p1-tr(8)-sw(3)-lw(24)-fa(0.1)-max(20000) f1 score: 0.922667949863682 cumulative return: 130760.7447046484
LogisticRegression-p1-tr(8)-sw(3)-lw(24)-fa(0.1)-max(30000) f1 score: 0.9294995625827005 cumulative return: 145103.50069861158
LogisticRegression-p1-tr(8)-sw(3)-lw(24)-fa(0.1)-max(100000) f1 score: 0.9263767032540412 cumulative return: 262720.8545479774
LogisticRegression-p1-tr(8)-sw(3)-lw(24)-fa(0.25)-max(20000) f1 score: 0.9669853578524981 cumulative return: 130354.05804173769
LogisticRegression-p1-tr(8)-sw(3)-lw(24)-fa(0.25)-max(30000) f1 score: 0.9692643399209044 cumulative return: 146335.03552359846
LogisticRegression-p1-tr(8)-sw(3)-lw(24)-fa(0.25)-max(100000) f1 score: 0.9669229156873558 cumulative return: 265280.4016337675
LogisticRegression-p1-tr(8)-sw(3)-lw(24)-fa(0.5)-max(20000) f1 score: 0.9918910747306566 cumulative return: 126047.73777562431
LogisticRegression-p1-tr(8)-sw(3)-lw(24)-fa(0.5)-max(30000) f1 score: 0.9880915713270269 cumulative return: 142717.13839577456
LogisticRegression-p1-tr(8)-sw(3)-lw(24)-fa(0.5)-max(100000) f1 score: 0.9905455788505358 cumulative return: 254078.05663316633
LogisticRegression-p1-tr(8)-sw(3)-lw(24)-fa(0.8)-max(20000) f1 score: 0.9961505486395378 cumulative return: 124768.73260571045
LogisticRegression-p1-tr(8)-sw(3)-lw(24)-fa(0.8)-max(30000) f1 score: 0.996286778890732 cumulative return: 142980.46734357154
LogisticRegression-p1-tr(8)-sw(3)-lw(24)-fa(0.8)-max(100000) f1 score: 0.9965887827330415 cumulative return: 243215.70644850738
LogisticRegression-p1-tr(8)-sw(3)-lw(24)-fa(1)-max(20000) f1 score: 0.9892551475130762 cumulative return: 125391.56180589226
LogisticRegression-p1-tr(8)-sw(3)-lw(24)-fa(1)-max(30000) f1 score: 0.9885097372643105 cumulative return: 138704.68725601907
LogisticRegression-p1-tr(8)-sw(3)-lw(24)-fa(1)-max(100000) f1 score: 0.9880123478307387 cumulative return: 235385.96814510453
LogisticRegression-p1-tr(8)-sw(3)-lw(24)-fa(2)-max(20000) f1 score: 0.7932307370080638 cumulative return: 114915.56917241545
LogisticRegression-p1-tr(8)-sw(3)-lw(24)-fa(2)-max(30000) f1 score: 0.8132129259785374 cumulative return: 123187.45018083474
LogisticRegression-p1-tr(8)-sw(3)-lw(24)-fa(2)-max(100000) f1 score: 0.7961638810331788 cumulative return: 177257.7345864583
LogisticRegression-p1-tr(8)-sw(3)-lw(24)-fa(3)-max(20000) f1 score: 0.16141062316623112 cumulative return: 106955.2603099437
LogisticRegression-p1-tr(8)-sw(3)-lw(24)-fa(3)-max(30000) f1 score: 0.17236877771897452 cumulative return: 109635.09363691375
LogisticRegression-p1-tr(8)-sw(3)-lw(24)-fa(3)-max(100000) f1 score: 0.18403442187037689 cumulative return: 129942.04147390282
LogisticRegression-p1-tr(8)-sw(3)-lw(42)-fa(0.1)-max(20000) f1 score: 0.9273319865790259 cumulative return: 130780.93571776112
LogisticRegression-p1-tr(8)-sw(3)-lw(42)-fa(0.1)-max(30000) f1 score: 0.928790403916052 cumulative return: 146242.24884813433
LogisticRegression-p1-tr(8)-sw(3)-lw(42)-fa(0.1)-max(100000) f1 score: 0.9293184466224973 cumulative return: 264337.9825729609
LogisticRegression-p1-tr(8)-sw(3)-lw(42)-fa(0.25)-max(20000) f1 score: 0.9734867790311369 cumulative return: 127827.73934587395
LogisticRegression-p1-tr(8)-sw(3)-lw(42)-fa(0.25)-max(30000) f1 score: 0.9760745356344712 cumulative return: 147177.99699058905
LogisticRegression-p1-tr(8)-sw(3)-lw(42)-fa(0.25)-max(100000) f1 score: 0.9738453175294476 cumulative return: 265035.89768216934
LogisticRegression-p1-tr(8)-sw(3)-lw(42)-fa(0.5)-max(20000) f1 score: 0.9926559205889152 cumulative return: 126112.20393211565
LogisticRegression-p1-tr(8)-sw(3)-lw(42)-fa(0.5)-max(30000) f1 score: 0.9920357410401668 cumulative return: 140980.0611581622
LogisticRegression-p1-tr(8)-sw(3)-lw(42)-fa(0.5)-max(100000) f1 score: 0.9931185512316999 cumulative return: 247580.68345860025
LogisticRegression-p1-tr(8)-sw(3)-lw(42)-fa(0.8)-max(20000) f1 score: 0.9941411751297113 cumulative return: 126432.76044506353
LogisticRegression-p1-tr(8)-sw(3)-lw(42)-fa(0.8)-max(30000) f1 score: 0.9936587332064699 cumulative return: 140596.94587087294
LogisticRegression-p1-tr(8)-sw(3)-lw(42)-fa(0.8)-max(100000) f1 score: 0.9939146401300984 cumulative return: 238619.31799866172
LogisticRegression-p1-tr(8)-sw(3)-lw(42)-fa(1)-max(20000) f1 score: 0.9742091492282818 cumulative return: 121771.8070978089
LogisticRegression-p1-tr(8)-sw(3)-lw(42)-fa(1)-max(30000) f1 score: 0.971252621228191 cumulative return: 135998.6513737636
LogisticRegression-p1-tr(8)-sw(3)-lw(42)-fa(1)-max(100000) f1 score: 0.9735392551820791 cumulative return: 227151.1027027748
LogisticRegression-p1-tr(8)-sw(3)-lw(42)-fa(2)-max(20000) f1 score: 0.7127346497545821 cumulative return: 116914.17277402783
LogisticRegression-p1-tr(8)-sw(3)-lw(42)-fa(2)-max(30000) f1 score: 0.7079184515251163 cumulative return: 124955.75353051134
LogisticRegression-p1-tr(8)-sw(3)-lw(42)-fa(2)-max(100000) f1 score: 0.7157363312562963 cumulative return: 174305.9410225033
LogisticRegression-p1-tr(8)-sw(3)-lw(42)-fa(3)-max(20000) f1 score: 0.3718850801666377 cumulative return: 106083.81500086086
LogisticRegression-p1-tr(8)-sw(3)-lw(42)-fa(3)-max(30000) f1 score: 0.374217006855021 cumulative return: 108503.75357165895
LogisticRegression-p1-tr(8)-sw(3)-lw(42)-fa(3)-max(100000) f1 score: 0.3781792457633588 cumulative return: 124122.37566097749
LogisticRegression-p1-tr(8)-sw(3)-lw(60)-fa(0.1)-max(20000) f1 score: 0.9320569659949051 cumulative return: 130518.91605128178
LogisticRegression-p1-tr(8)-sw(3)-lw(60)-fa(0.1)-max(30000) f1 score: 0.9281463202695871 cumulative return: 146840.423629607
LogisticRegression-p1-tr(8)-sw(3)-lw(60)-fa(0.1)-max(100000) f1 score: 0.9292939341954423 cumulative return: 261960.35698993155
LogisticRegression-p1-tr(8)-sw(3)-lw(60)-fa(0.25)-max(20000) f1 score: 0.9796598960734346 cumulative return: 129630.54859107132
LogisticRegression-p1-tr(8)-sw(3)-lw(60)-fa(0.25)-max(30000) f1 score: 0.9761517801835156 cumulative return: 146615.6321099502
LogisticRegression-p1-tr(8)-sw(3)-lw(60)-fa(0.25)-max(100000) f1 score: 0.9771966177203676 cumulative return: 260797.63639496564
LogisticRegression-p1-tr(8)-sw(3)-lw(60)-fa(0.5)-max(20000) f1 score: 0.9946740608458345 cumulative return: 127202.71628275621
LogisticRegression-p1-tr(8)-sw(3)-lw(60)-fa(0.5)-max(30000) f1 score: 0.9940252559988033 cumulative return: 142078.18406563738
LogisticRegression-p1-tr(8)-sw(3)-lw(60)-fa(0.5)-max(100000) f1 score: 0.9938349401707315 cumulative return: 250471.14530257118
LogisticRegression-p1-tr(8)-sw(3)-lw(60)-fa(0.8)-max(20000) f1 score: 0.9895571702636011 cumulative return: 125323.19729444184
LogisticRegression-p1-tr(8)-sw(3)-lw(60)-fa(0.8)-max(30000) f1 score: 0.9901867236584981 cumulative return: 138571.30732163694
LogisticRegression-p1-tr(8)-sw(3)-lw(60)-fa(0.8)-max(100000) f1 score: 0.9880530268491453 cumulative return: 232319.67887292022
LogisticRegression-p1-tr(8)-sw(3)-lw(60)-fa(1)-max(20000) f1 score: 0.9750721124997487 cumulative return: 124331.0780369719
LogisticRegression-p1-tr(8)-sw(3)-lw(60)-fa(1)-max(30000) f1 score: 0.9753362421307646 cumulative return: 137108.4933481409
LogisticRegression-p1-tr(8)-sw(3)-lw(60)-fa(1)-max(100000) f1 score: 0.9761558033933386 cumulative return: 226225.82063157466
LogisticRegression-p1-tr(8)-sw(3)-lw(60)-fa(2)-max(20000) f1 score: 0.798589112722216 cumulative return: 114233.83407399271
LogisticRegression-p1-tr(8)-sw(3)-lw(60)-fa(2)-max(30000) f1 score: 0.7974570644741694 cumulative return: 122560.28879412447
LogisticRegression-p1-tr(8)-sw(3)-lw(60)-fa(2)-max(100000) f1 score: 0.7985602729707257 cumulative return: 169462.54200414044
LogisticRegression-p1-tr(8)-sw(3)-lw(60)-fa(3)-max(20000) f1 score: 0.23948115902686717 cumulative return: 107539.00666777285
LogisticRegression-p1-tr(8)-sw(3)-lw(60)-fa(3)-max(30000) f1 score: 0.2473609317662211 cumulative return: 110314.40890449469
LogisticRegression-p1-tr(8)-sw(3)-lw(60)-fa(3)-max(100000) f1 score: 0.23554837148241647 cumulative return: 123348.38524379204
LogisticRegression-p1-tr(8)-sw(3)-lw(180)-fa(0.1)-max(20000) f1 score: 0.9354992265959662 cumulative return: 129121.03007659769
LogisticRegression-p1-tr(8)-sw(3)-lw(180)-fa(0.1)-max(30000) f1 score: 0.9394074820273299 cumulative return: 147211.63270988103
LogisticRegression-p1-tr(8)-sw(3)-lw(180)-fa(0.1)-max(100000) f1 score: 0.9284503881617103 cumulative return: 260272.4014524807
LogisticRegression-p1-tr(8)-sw(3)-lw(180)-fa(0.25)-max(20000) f1 score: 0.9801101949635611 cumulative return: 128563.23868377597
LogisticRegression-p1-tr(8)-sw(3)-lw(180)-fa(0.25)-max(30000) f1 score: 0.9809492216853155 cumulative return: 144978.84054166023
LogisticRegression-p1-tr(8)-sw(3)-lw(180)-fa(0.25)-max(100000) f1 score: 0.9808625010830105 cumulative return: 263053.18012467254
LogisticRegression-p1-tr(8)-sw(3)-lw(180)-fa(0.5)-max(20000) f1 score: 0.9945457792225063 cumulative return: 129744.68676458448
LogisticRegression-p1-tr(8)-sw(3)-lw(180)-fa(0.5)-max(30000) f1 score: 0.9943273117662805 cumulative return: 145181.37108078398
LogisticRegression-p1-tr(8)-sw(3)-lw(180)-fa(0.5)-max(100000) f1 score: 0.9945886577501322 cumulative return: 252880.61286004074
LogisticRegression-p1-tr(8)-sw(3)-lw(180)-fa(0.8)-max(20000) f1 score: 0.9767448128085403 cumulative return: 128201.68871239304
LogisticRegression-p1-tr(8)-sw(3)-lw(180)-fa(0.8)-max(30000) f1 score: 0.974002519062181 cumulative return: 141932.06529910318
LogisticRegression-p1-tr(8)-sw(3)-lw(180)-fa(0.8)-max(100000) f1 score: 0.976544446819551 cumulative return: 230349.02104477753
LogisticRegression-p1-tr(8)-sw(3)-lw(180)-fa(1)-max(20000) f1 score: 0.9452690022621264 cumulative return: 123607.15005064943
LogisticRegression-p1-tr(8)-sw(3)-lw(180)-fa(1)-max(30000) f1 score: 0.9403806241620597 cumulative return: 135555.9413921206
LogisticRegression-p1-tr(8)-sw(3)-lw(180)-fa(1)-max(100000) f1 score: 0.9451281462076044 cumulative return: 208649.6692575162
LogisticRegression-p1-tr(8)-sw(3)-lw(180)-fa(2)-max(20000) f1 score: 0.21490952639110883 cumulative return: 112312.2090456001
LogisticRegression-p1-tr(8)-sw(3)-lw(180)-fa(2)-max(30000) f1 score: 0.22071367883147452 cumulative return: 118415.1931891701
LogisticRegression-p1-tr(8)-sw(3)-lw(180)-fa(2)-max(100000) f1 score: 0.19742193361676263 cumulative return: 152570.57508324913
LogisticRegression-p1-tr(8)-sw(3)-lw(180)-fa(3)-max(20000) f1 score: -0.6387486104972817 cumulative return: 101685.73261333228
LogisticRegression-p1-tr(8)-sw(3)-lw(180)-fa(3)-max(30000) f1 score: -0.6292688443175076 cumulative return: 102704.11002353528
LogisticRegression-p1-tr(8)-sw(3)-lw(180)-fa(3)-max(100000) f1 score: -0.6426168005111692 cumulative return: 109132.41392940984
LogisticRegression-p1-tr(8)-sw(3)-lw(252)-fa(0.1)-max(20000) f1 score: 0.9364242070973339 cumulative return: 129094.29928708474
LogisticRegression-p1-tr(8)-sw(3)-lw(252)-fa(0.1)-max(30000) f1 score: 0.9394781272607489 cumulative return: 146672.75021449316
LogisticRegression-p1-tr(8)-sw(3)-lw(252)-fa(0.1)-max(100000) f1 score: 0.9325593123553231 cumulative return: 259108.84129781055
LogisticRegression-p1-tr(8)-sw(3)-lw(252)-fa(0.25)-max(20000) f1 score: 0.9780855502780199 cumulative return: 128693.3162911127
LogisticRegression-p1-tr(8)-sw(3)-lw(252)-fa(0.25)-max(30000) f1 score: 0.9778754426825561 cumulative return: 147791.72545861395
LogisticRegression-p1-tr(8)-sw(3)-lw(252)-fa(0.25)-max(100000) f1 score: 0.9824680760878037 cumulative return: 260589.0289133134
LogisticRegression-p1-tr(8)-sw(3)-lw(252)-fa(0.5)-max(20000) f1 score: 0.9935887249232058 cumulative return: 130626.64806250593
LogisticRegression-p1-tr(8)-sw(3)-lw(252)-fa(0.5)-max(30000) f1 score: 0.9908800412121236 cumulative return: 145847.52512032018
LogisticRegression-p1-tr(8)-sw(3)-lw(252)-fa(0.5)-max(100000) f1 score: 0.9918542404721384 cumulative return: 250332.56021767698
LogisticRegression-p1-tr(8)-sw(3)-lw(252)-fa(0.8)-max(20000) f1 score: 0.9694075179785446 cumulative return: 125412.4136794536
LogisticRegression-p1-tr(8)-sw(3)-lw(252)-fa(0.8)-max(30000) f1 score: 0.9719182860841625 cumulative return: 138709.9271694256
LogisticRegression-p1-tr(8)-sw(3)-lw(252)-fa(0.8)-max(100000) f1 score: 0.9699964256249363 cumulative return: 223779.24425235248
LogisticRegression-p1-tr(8)-sw(3)-lw(252)-fa(1)-max(20000) f1 score: 0.9374560923536674 cumulative return: 120530.74115000141
LogisticRegression-p1-tr(8)-sw(3)-lw(252)-fa(1)-max(30000) f1 score: 0.9325110410581133 cumulative return: 131161.8558613952
LogisticRegression-p1-tr(8)-sw(3)-lw(252)-fa(1)-max(100000) f1 score: 0.936497496392164 cumulative return: 199238.7375055825
LogisticRegression-p1-tr(8)-sw(3)-lw(252)-fa(2)-max(20000) f1 score: 0.4093354055427465 cumulative return: 106526.3435233065
LogisticRegression-p1-tr(8)-sw(3)-lw(252)-fa(2)-max(30000) f1 score: 0.36584895132963435 cumulative return: 109178.79394466357
LogisticRegression-p1-tr(8)-sw(3)-lw(252)-fa(2)-max(100000) f1 score: 0.3927402457725119 cumulative return: 123426.60897102501
LogisticRegression-p1-tr(8)-sw(3)-lw(252)-fa(3)-max(20000) f1 score: -0.2619312054219516 cumulative return: 102639.8560900192
LogisticRegression-p1-tr(8)-sw(3)-lw(252)-fa(3)-max(30000) f1 score: -0.2619312054219516 cumulative return: 103961.18824484514
LogisticRegression-p1-tr(8)-sw(3)-lw(252)-fa(3)-max(100000) f1 score: -0.24313933189125692 cumulative return: 109708.67046423347
LogisticRegression-p1-tr(8)-sw(4)-lw(24)-fa(0.1)-max(20000) f1 score: 0.9268994163369181 cumulative return: 130076.9791224975
LogisticRegression-p1-tr(8)-sw(4)-lw(24)-fa(0.1)-max(30000) f1 score: 0.9251574231593749 cumulative return: 145572.76680839734
LogisticRegression-p1-tr(8)-sw(4)-lw(24)-fa(0.1)-max(100000) f1 score: 0.9239977361736321 cumulative return: 265481.3992061297
LogisticRegression-p1-tr(8)-sw(4)-lw(24)-fa(0.25)-max(20000) f1 score: 0.9663211752931211 cumulative return: 129631.71686679508
LogisticRegression-p1-tr(8)-sw(4)-lw(24)-fa(0.25)-max(30000) f1 score: 0.9647884162541815 cumulative return: 146726.979865443
LogisticRegression-p1-tr(8)-sw(4)-lw(24)-fa(0.25)-max(100000) f1 score: 0.9670118593572832 cumulative return: 265769.26271252136
LogisticRegression-p1-tr(8)-sw(4)-lw(24)-fa(0.5)-max(20000) f1 score: 0.9918231358531039 cumulative return: 126362.2107110383
LogisticRegression-p1-tr(8)-sw(4)-lw(24)-fa(0.5)-max(30000) f1 score: 0.9905818739182729 cumulative return: 143341.20275465047
LogisticRegression-p1-tr(8)-sw(4)-lw(24)-fa(0.5)-max(100000) f1 score: 0.9900613300056832 cumulative return: 253375.57569015992
LogisticRegression-p1-tr(8)-sw(4)-lw(24)-fa(0.8)-max(20000) f1 score: 0.9959999788925038 cumulative return: 126232.48523383145
LogisticRegression-p1-tr(8)-sw(4)-lw(24)-fa(0.8)-max(30000) f1 score: 0.9967449902599113 cumulative return: 142203.14915691921
LogisticRegression-p1-tr(8)-sw(4)-lw(24)-fa(0.8)-max(100000) f1 score: 0.9964944159309311 cumulative return: 245004.2217846769
LogisticRegression-p1-tr(8)-sw(4)-lw(24)-fa(1)-max(20000) f1 score: 0.9874316472318847 cumulative return: 126688.27863321392
LogisticRegression-p1-tr(8)-sw(4)-lw(24)-fa(1)-max(30000) f1 score: 0.9893190155854317 cumulative return: 139232.01978078583
LogisticRegression-p1-tr(8)-sw(4)-lw(24)-fa(1)-max(100000) f1 score: 0.9897551821338678 cumulative return: 236561.44073385728
LogisticRegression-p1-tr(8)-sw(4)-lw(24)-fa(2)-max(20000) f1 score: 0.8004943379543008 cumulative return: 114539.21173832972
LogisticRegression-p1-tr(8)-sw(4)-lw(24)-fa(2)-max(30000) f1 score: 0.7950482047042917 cumulative return: 122340.7566609123
LogisticRegression-p1-tr(8)-sw(4)-lw(24)-fa(2)-max(100000) f1 score: 0.8004826057774383 cumulative return: 175653.1328869128
LogisticRegression-p1-tr(8)-sw(4)-lw(24)-fa(3)-max(20000) f1 score: 0.17762122747158227 cumulative return: 104829.44558675523
LogisticRegression-p1-tr(8)-sw(4)-lw(24)-fa(3)-max(30000) f1 score: 0.15680820795263273 cumulative return: 107681.00292919268
LogisticRegression-p1-tr(8)-sw(4)-lw(24)-fa(3)-max(100000) f1 score: 0.16753537294927323 cumulative return: 126926.66883366955
LogisticRegression-p1-tr(8)-sw(4)-lw(42)-fa(0.1)-max(20000) f1 score: 0.9208897264614924 cumulative return: 132525.94086653332
LogisticRegression-p1-tr(8)-sw(4)-lw(42)-fa(0.1)-max(30000) f1 score: 0.9326086210507005 cumulative return: 146224.48628485602
LogisticRegression-p1-tr(8)-sw(4)-lw(42)-fa(0.1)-max(100000) f1 score: 0.9257659660833095 cumulative return: 268521.40687877074
LogisticRegression-p1-tr(8)-sw(4)-lw(42)-fa(0.25)-max(20000) f1 score: 0.9751884905567624 cumulative return: 128349.65670419212
LogisticRegression-p1-tr(8)-sw(4)-lw(42)-fa(0.25)-max(30000) f1 score: 0.9734355182384026 cumulative return: 147460.68123553376
LogisticRegression-p1-tr(8)-sw(4)-lw(42)-fa(0.25)-max(100000) f1 score: 0.9745594083421444 cumulative return: 263917.96336281573
LogisticRegression-p1-tr(8)-sw(4)-lw(42)-fa(0.5)-max(20000) f1 score: 0.9931788752378323 cumulative return: 126580.53079004594
LogisticRegression-p1-tr(8)-sw(4)-lw(42)-fa(0.5)-max(30000) f1 score: 0.9935095883414592 cumulative return: 143430.58986990538
LogisticRegression-p1-tr(8)-sw(4)-lw(42)-fa(0.5)-max(100000) f1 score: 0.993222102655917 cumulative return: 248445.66899145726
LogisticRegression-p1-tr(8)-sw(4)-lw(42)-fa(0.8)-max(20000) f1 score: 0.9937057562162568 cumulative return: 127361.1792025441
LogisticRegression-p1-tr(8)-sw(4)-lw(42)-fa(0.8)-max(30000) f1 score: 0.9939862857598728 cumulative return: 139504.86282670975
LogisticRegression-p1-tr(8)-sw(4)-lw(42)-fa(0.8)-max(100000) f1 score: 0.9931443514670212 cumulative return: 241022.23211653088
LogisticRegression-p1-tr(8)-sw(4)-lw(42)-fa(1)-max(20000) f1 score: 0.9744516313172861 cumulative return: 122876.33966373009
LogisticRegression-p1-tr(8)-sw(4)-lw(42)-fa(1)-max(30000) f1 score: 0.9755718660929433 cumulative return: 134608.46352175143
LogisticRegression-p1-tr(8)-sw(4)-lw(42)-fa(1)-max(100000) f1 score: 0.9772930406881745 cumulative return: 223936.7515941969
LogisticRegression-p1-tr(8)-sw(4)-lw(42)-fa(2)-max(20000) f1 score: 0.7088291105094287 cumulative return: 117047.5142260314
LogisticRegression-p1-tr(8)-sw(4)-lw(42)-fa(2)-max(30000) f1 score: 0.7159899484945054 cumulative return: 126014.25037577742
LogisticRegression-p1-tr(8)-sw(4)-lw(42)-fa(2)-max(100000) f1 score: 0.726301153039439 cumulative return: 175357.1868170799
LogisticRegression-p1-tr(8)-sw(4)-lw(42)-fa(3)-max(20000) f1 score: 0.34911944209734735 cumulative return: 105377.00046798312
LogisticRegression-p1-tr(8)-sw(4)-lw(42)-fa(3)-max(30000) f1 score: 0.3566249091382625 cumulative return: 107721.26262191209
LogisticRegression-p1-tr(8)-sw(4)-lw(42)-fa(3)-max(100000) f1 score: 0.33695935787116826 cumulative return: 123845.47525040603
LogisticRegression-p1-tr(8)-sw(4)-lw(60)-fa(0.1)-max(20000) f1 score: 0.9316553855575077 cumulative return: 127238.04474008248
LogisticRegression-p1-tr(8)-sw(4)-lw(60)-fa(0.1)-max(30000) f1 score: 0.9307348214982826 cumulative return: 146249.44575447103
LogisticRegression-p1-tr(8)-sw(4)-lw(60)-fa(0.1)-max(100000) f1 score: 0.9184142670180384 cumulative return: 270215.74407848244
LogisticRegression-p1-tr(8)-sw(4)-lw(60)-fa(0.25)-max(20000) f1 score: 0.9765085078609084 cumulative return: 127956.87778218578
LogisticRegression-p1-tr(8)-sw(4)-lw(60)-fa(0.25)-max(30000) f1 score: 0.9752226903831877 cumulative return: 145674.58360287696
LogisticRegression-p1-tr(8)-sw(4)-lw(60)-fa(0.25)-max(100000) f1 score: 0.9800292826650946 cumulative return: 261149.22871372238
LogisticRegression-p1-tr(8)-sw(4)-lw(60)-fa(0.5)-max(20000) f1 score: 0.9940334498763653 cumulative return: 126146.06085521239
LogisticRegression-p1-tr(8)-sw(4)-lw(60)-fa(0.5)-max(30000) f1 score: 0.9952966498772816 cumulative return: 143152.02239182757
LogisticRegression-p1-tr(8)-sw(4)-lw(60)-fa(0.5)-max(100000) f1 score: 0.994966793837442 cumulative return: 252234.26061415102
LogisticRegression-p1-tr(8)-sw(4)-lw(60)-fa(0.8)-max(20000) f1 score: 0.9901862459050613 cumulative return: 123521.6104534698
LogisticRegression-p1-tr(8)-sw(4)-lw(60)-fa(0.8)-max(30000) f1 score: 0.9888300482536104 cumulative return: 137729.07013369174
LogisticRegression-p1-tr(8)-sw(4)-lw(60)-fa(0.8)-max(100000) f1 score: 0.9915095124023693 cumulative return: 233760.8763108154
LogisticRegression-p1-tr(8)-sw(4)-lw(60)-fa(1)-max(20000) f1 score: 0.9745512456625139 cumulative return: 124868.11607552019
LogisticRegression-p1-tr(8)-sw(4)-lw(60)-fa(1)-max(30000) f1 score: 0.9783626039718217 cumulative return: 137343.9148973733
LogisticRegression-p1-tr(8)-sw(4)-lw(60)-fa(1)-max(100000) f1 score: 0.9762378467527356 cumulative return: 226031.8021530063
LogisticRegression-p1-tr(8)-sw(4)-lw(60)-fa(2)-max(20000) f1 score: 0.8019489222320092 cumulative return: 114963.835516185
LogisticRegression-p1-tr(8)-sw(4)-lw(60)-fa(2)-max(30000) f1 score: 0.7915380665653126 cumulative return: 122848.55599454105
LogisticRegression-p1-tr(8)-sw(4)-lw(60)-fa(2)-max(100000) f1 score: 0.8054920479925349 cumulative return: 169371.19041934446
LogisticRegression-p1-tr(8)-sw(4)-lw(60)-fa(3)-max(20000) f1 score: 0.22354343824610334 cumulative return: 106135.93858422448
LogisticRegression-p1-tr(8)-sw(4)-lw(60)-fa(3)-max(30000) f1 score: 0.22321104260990465 cumulative return: 108559.64441040257
LogisticRegression-p1-tr(8)-sw(4)-lw(60)-fa(3)-max(100000) f1 score: 0.22536623174409565 cumulative return: 120821.4771775714
LogisticRegression-p1-tr(8)-sw(4)-lw(180)-fa(0.1)-max(20000) f1 score: 0.9375328843301297 cumulative return: 127471.29249977028
LogisticRegression-p1-tr(8)-sw(4)-lw(180)-fa(0.1)-max(30000) f1 score: 0.9431651793512099 cumulative return: 144217.6417325934
LogisticRegression-p1-tr(8)-sw(4)-lw(180)-fa(0.1)-max(100000) f1 score: 0.9356070238502281 cumulative return: 258980.83849807357
LogisticRegression-p1-tr(8)-sw(4)-lw(180)-fa(0.25)-max(20000) f1 score: 0.9807853892909574 cumulative return: 130432.7109648778
LogisticRegression-p1-tr(8)-sw(4)-lw(180)-fa(0.25)-max(30000) f1 score: 0.9825032973423454 cumulative return: 145112.29010820962
LogisticRegression-p1-tr(8)-sw(4)-lw(180)-fa(0.25)-max(100000) f1 score: 0.9796112710614271 cumulative return: 262568.3662919628
LogisticRegression-p1-tr(8)-sw(4)-lw(180)-fa(0.5)-max(20000) f1 score: 0.9951363427514557 cumulative return: 130916.02011508576
LogisticRegression-p1-tr(8)-sw(4)-lw(180)-fa(0.5)-max(30000) f1 score: 0.9948405208476537 cumulative return: 144505.48057565113
LogisticRegression-p1-tr(8)-sw(4)-lw(180)-fa(0.5)-max(100000) f1 score: 0.9953037093278435 cumulative return: 250412.76746256248
LogisticRegression-p1-tr(8)-sw(4)-lw(180)-fa(0.8)-max(20000) f1 score: 0.9725974435385759 cumulative return: 127628.46507800453
LogisticRegression-p1-tr(8)-sw(4)-lw(180)-fa(0.8)-max(30000) f1 score: 0.9797362116083782 cumulative return: 140447.05633639614
LogisticRegression-p1-tr(8)-sw(4)-lw(180)-fa(0.8)-max(100000) f1 score: 0.977506974808305 cumulative return: 229191.66918847177
LogisticRegression-p1-tr(8)-sw(4)-lw(180)-fa(1)-max(20000) f1 score: 0.9389826655245036 cumulative return: 124491.15944682482
LogisticRegression-p1-tr(8)-sw(4)-lw(180)-fa(1)-max(30000) f1 score: 0.9380429019823888 cumulative return: 136811.29766715915
LogisticRegression-p1-tr(8)-sw(4)-lw(180)-fa(1)-max(100000) f1 score: 0.9302353479305472 cumulative return: 213408.5051340327
LogisticRegression-p1-tr(8)-sw(4)-lw(180)-fa(2)-max(20000) f1 score: 0.2208104891488445 cumulative return: 112460.2642725011
LogisticRegression-p1-tr(8)-sw(4)-lw(180)-fa(2)-max(30000) f1 score: 0.20702409808969946 cumulative return: 117899.36405936617
LogisticRegression-p1-tr(8)-sw(4)-lw(180)-fa(2)-max(100000) f1 score: 0.22516885554688126 cumulative return: 153026.2508083798
LogisticRegression-p1-tr(8)-sw(4)-lw(180)-fa(3)-max(20000) f1 score: -0.5590344762598884 cumulative return: 102187.5043088259
LogisticRegression-p1-tr(8)-sw(4)-lw(180)-fa(3)-max(30000) f1 score: -0.5468973255557286 cumulative return: 103743.4899040693
LogisticRegression-p1-tr(8)-sw(4)-lw(180)-fa(3)-max(100000) f1 score: -0.540330890325659 cumulative return: 109418.56415799
LogisticRegression-p1-tr(8)-sw(4)-lw(252)-fa(0.1)-max(20000) f1 score: 0.9368237096423179 cumulative return: 129962.31524988485
LogisticRegression-p1-tr(8)-sw(4)-lw(252)-fa(0.1)-max(30000) f1 score: 0.935271430208855 cumulative return: 148507.3118903004
LogisticRegression-p1-tr(8)-sw(4)-lw(252)-fa(0.1)-max(100000) f1 score: 0.9332833538883416 cumulative return: 256632.57718078152
LogisticRegression-p1-tr(8)-sw(4)-lw(252)-fa(0.25)-max(20000) f1 score: 0.984750718982109 cumulative return: 128714.81613056887
LogisticRegression-p1-tr(8)-sw(4)-lw(252)-fa(0.25)-max(30000) f1 score: 0.9826378883588989 cumulative return: 145478.65599402983
LogisticRegression-p1-tr(8)-sw(4)-lw(252)-fa(0.25)-max(100000) f1 score: 0.9826312864625965 cumulative return: 260903.6774990069
LogisticRegression-p1-tr(8)-sw(4)-lw(252)-fa(0.5)-max(20000) f1 score: 0.9925155527768654 cumulative return: 131228.4915432781
LogisticRegression-p1-tr(8)-sw(4)-lw(252)-fa(0.5)-max(30000) f1 score: 0.9932141479980976 cumulative return: 144592.4898686562
LogisticRegression-p1-tr(8)-sw(4)-lw(252)-fa(0.5)-max(100000) f1 score: 0.9935018114403856 cumulative return: 250855.15894978718
LogisticRegression-p1-tr(8)-sw(4)-lw(252)-fa(0.8)-max(20000) f1 score: 0.9716056217002238 cumulative return: 126760.73071785037
LogisticRegression-p1-tr(8)-sw(4)-lw(252)-fa(0.8)-max(30000) f1 score: 0.968215058602301 cumulative return: 139655.38383981067
LogisticRegression-p1-tr(8)-sw(4)-lw(252)-fa(0.8)-max(100000) f1 score: 0.964904505370891 cumulative return: 230590.690087666
LogisticRegression-p1-tr(8)-sw(4)-lw(252)-fa(1)-max(20000) f1 score: 0.9281677426167404 cumulative return: 121526.59826190802
LogisticRegression-p1-tr(8)-sw(4)-lw(252)-fa(1)-max(30000) f1 score: 0.9362098120663788 cumulative return: 131752.01324370137
LogisticRegression-p1-tr(8)-sw(4)-lw(252)-fa(1)-max(100000) f1 score: 0.9352305580535542 cumulative return: 196328.38625753898
LogisticRegression-p1-tr(8)-sw(4)-lw(252)-fa(2)-max(20000) f1 score: 0.3163231407115543 cumulative return: 105086.41935001462
LogisticRegression-p1-tr(8)-sw(4)-lw(252)-fa(2)-max(30000) f1 score: 0.2895462930434296 cumulative return: 107163.89850584464
LogisticRegression-p1-tr(8)-sw(4)-lw(252)-fa(2)-max(100000) f1 score: 0.282304843987085 cumulative return: 119314.8751044484
LogisticRegression-p1-tr(8)-sw(4)-lw(252)-fa(3)-max(20000) f1 score: -0.10770329188867 cumulative return: 102769.06087668173
LogisticRegression-p1-tr(8)-sw(4)-lw(252)-fa(3)-max(30000) f1 score: -0.15397898165074642 cumulative return: 103893.31364391948
LogisticRegression-p1-tr(8)-sw(4)-lw(252)-fa(3)-max(100000) f1 score: -0.09986568378631411 cumulative return: 111795.869143558
LogisticRegression-p1-tr(8)-sw(6)-lw(24)-fa(0.1)-max(20000) f1 score: 0.9273057189379901 cumulative return: 130188.18374126685
LogisticRegression-p1-tr(8)-sw(6)-lw(24)-fa(0.1)-max(30000) f1 score: 0.9221208070222677 cumulative return: 146062.3395471104
LogisticRegression-p1-tr(8)-sw(6)-lw(24)-fa(0.1)-max(100000) f1 score: 0.922653671456528 cumulative return: 262412.66734256345
LogisticRegression-p1-tr(8)-sw(6)-lw(24)-fa(0.25)-max(20000) f1 score: 0.969466555015135 cumulative return: 128485.93362177686
LogisticRegression-p1-tr(8)-sw(6)-lw(24)-fa(0.25)-max(30000) f1 score: 0.9725077027733019 cumulative return: 146101.02521603848
LogisticRegression-p1-tr(8)-sw(6)-lw(24)-fa(0.25)-max(100000) f1 score: 0.9702080320590258 cumulative return: 264620.6826075899
LogisticRegression-p1-tr(8)-sw(6)-lw(24)-fa(0.5)-max(20000) f1 score: 0.9892066271948454 cumulative return: 127765.66427267082
LogisticRegression-p1-tr(8)-sw(6)-lw(24)-fa(0.5)-max(30000) f1 score: 0.9907249459328129 cumulative return: 143677.16217697746
LogisticRegression-p1-tr(8)-sw(6)-lw(24)-fa(0.5)-max(100000) f1 score: 0.9894980569456349 cumulative return: 255209.20479498035
LogisticRegression-p1-tr(8)-sw(6)-lw(24)-fa(0.8)-max(20000) f1 score: 0.9962769211775575 cumulative return: 126051.398113646
LogisticRegression-p1-tr(8)-sw(6)-lw(24)-fa(0.8)-max(30000) f1 score: 0.9963915293553576 cumulative return: 141551.6548138677
LogisticRegression-p1-tr(8)-sw(6)-lw(24)-fa(0.8)-max(100000) f1 score: 0.9968019680976206 cumulative return: 248503.20817586017
LogisticRegression-p1-tr(8)-sw(6)-lw(24)-fa(1)-max(20000) f1 score: 0.9911368753220036 cumulative return: 125450.53763298587
LogisticRegression-p1-tr(8)-sw(6)-lw(24)-fa(1)-max(30000) f1 score: 0.9885764819460755 cumulative return: 140923.17315844307
LogisticRegression-p1-tr(8)-sw(6)-lw(24)-fa(1)-max(100000) f1 score: 0.988439450456496 cumulative return: 240855.1395263105
LogisticRegression-p1-tr(8)-sw(6)-lw(24)-fa(2)-max(20000) f1 score: 0.793692962307062 cumulative return: 114244.06241098534
LogisticRegression-p1-tr(8)-sw(6)-lw(24)-fa(2)-max(30000) f1 score: 0.792593275340176 cumulative return: 122789.0228895389
LogisticRegression-p1-tr(8)-sw(6)-lw(24)-fa(2)-max(100000) f1 score: 0.7962248453393713 cumulative return: 177068.03954318113
LogisticRegression-p1-tr(8)-sw(6)-lw(24)-fa(3)-max(20000) f1 score: 0.15675715227295783 cumulative return: 105185.13770881156
LogisticRegression-p1-tr(8)-sw(6)-lw(24)-fa(3)-max(30000) f1 score: 0.16970835677907448 cumulative return: 108172.80678359262
LogisticRegression-p1-tr(8)-sw(6)-lw(24)-fa(3)-max(100000) f1 score: 0.1512680970872763 cumulative return: 126990.55495498289
LogisticRegression-p1-tr(8)-sw(6)-lw(42)-fa(0.1)-max(20000) f1 score: 0.9264366685972674 cumulative return: 131022.85750540755
LogisticRegression-p1-tr(8)-sw(6)-lw(42)-fa(0.1)-max(30000) f1 score: 0.9277071280034584 cumulative return: 145751.1045619752
LogisticRegression-p1-tr(8)-sw(6)-lw(42)-fa(0.1)-max(100000) f1 score: 0.9287010824431728 cumulative return: 267573.6463166646
LogisticRegression-p1-tr(8)-sw(6)-lw(42)-fa(0.25)-max(20000) f1 score: 0.9769707088554067 cumulative return: 129984.2383964206
LogisticRegression-p1-tr(8)-sw(6)-lw(42)-fa(0.25)-max(30000) f1 score: 0.9784932363944764 cumulative return: 146286.68305179334
LogisticRegression-p1-tr(8)-sw(6)-lw(42)-fa(0.25)-max(100000) f1 score: 0.976271414363951 cumulative return: 262353.6175586789
LogisticRegression-p1-tr(8)-sw(6)-lw(42)-fa(0.5)-max(20000) f1 score: 0.9923560244222972 cumulative return: 128005.2090473278
LogisticRegression-p1-tr(8)-sw(6)-lw(42)-fa(0.5)-max(30000) f1 score: 0.9934463444186529 cumulative return: 143460.82571912662
LogisticRegression-p1-tr(8)-sw(6)-lw(42)-fa(0.5)-max(100000) f1 score: 0.9939299336561334 cumulative return: 249827.1179466445
LogisticRegression-p1-tr(8)-sw(6)-lw(42)-fa(0.8)-max(20000) f1 score: 0.9941707187881447 cumulative return: 123915.64254174386
LogisticRegression-p1-tr(8)-sw(6)-lw(42)-fa(0.8)-max(30000) f1 score: 0.9951593508055513 cumulative return: 139275.49768563284
LogisticRegression-p1-tr(8)-sw(6)-lw(42)-fa(0.8)-max(100000) f1 score: 0.9939827616113757 cumulative return: 238654.29290479544
LogisticRegression-p1-tr(8)-sw(6)-lw(42)-fa(1)-max(20000) f1 score: 0.9759345949290392 cumulative return: 123087.40670758474
LogisticRegression-p1-tr(8)-sw(6)-lw(42)-fa(1)-max(30000) f1 score: 0.9759776913124079 cumulative return: 135126.31406951058
LogisticRegression-p1-tr(8)-sw(6)-lw(42)-fa(1)-max(100000) f1 score: 0.9761077268718913 cumulative return: 226018.48522366636
LogisticRegression-p1-tr(8)-sw(6)-lw(42)-fa(2)-max(20000) f1 score: 0.7133262619888481 cumulative return: 116789.58244228056
LogisticRegression-p1-tr(8)-sw(6)-lw(42)-fa(2)-max(30000) f1 score: 0.7148416523226307 cumulative return: 126080.80402893433
LogisticRegression-p1-tr(8)-sw(6)-lw(42)-fa(2)-max(100000) f1 score: 0.7077904918753216 cumulative return: 175540.92420101567
LogisticRegression-p1-tr(8)-sw(6)-lw(42)-fa(3)-max(20000) f1 score: 0.3911377331678977 cumulative return: 105078.47535340855
LogisticRegression-p1-tr(8)-sw(6)-lw(42)-fa(3)-max(30000) f1 score: 0.3834067661029805 cumulative return: 107546.1873139489
LogisticRegression-p1-tr(8)-sw(6)-lw(42)-fa(3)-max(100000) f1 score: 0.40102457860692753 cumulative return: 122929.73473580583
LogisticRegression-p1-tr(8)-sw(6)-lw(60)-fa(0.1)-max(20000) f1 score: 0.9314207323282584 cumulative return: 130085.50347332175
LogisticRegression-p1-tr(8)-sw(6)-lw(60)-fa(0.1)-max(30000) f1 score: 0.9262880647246117 cumulative return: 145726.09691867456
LogisticRegression-p1-tr(8)-sw(6)-lw(60)-fa(0.1)-max(100000) f1 score: 0.9254903440930019 cumulative return: 265340.5638576951
LogisticRegression-p1-tr(8)-sw(6)-lw(60)-fa(0.25)-max(20000) f1 score: 0.9758748839767594 cumulative return: 128096.23473014026
LogisticRegression-p1-tr(8)-sw(6)-lw(60)-fa(0.25)-max(30000) f1 score: 0.9784552949440618 cumulative return: 144440.12663353738
LogisticRegression-p1-tr(8)-sw(6)-lw(60)-fa(0.25)-max(100000) f1 score: 0.9779955542850576 cumulative return: 261529.5472334982
LogisticRegression-p1-tr(8)-sw(6)-lw(60)-fa(0.5)-max(20000) f1 score: 0.9945905647094481 cumulative return: 128892.8561926746
LogisticRegression-p1-tr(8)-sw(6)-lw(60)-fa(0.5)-max(30000) f1 score: 0.9949345195444143 cumulative return: 141718.79237856626
LogisticRegression-p1-tr(8)-sw(6)-lw(60)-fa(0.5)-max(100000) f1 score: 0.9949647601518626 cumulative return: 250182.2885843097
LogisticRegression-p1-tr(8)-sw(6)-lw(60)-fa(0.8)-max(20000) f1 score: 0.9913686010485578 cumulative return: 123471.56461538142
LogisticRegression-p1-tr(8)-sw(6)-lw(60)-fa(0.8)-max(30000) f1 score: 0.9923119615434386 cumulative return: 137169.75141193136
LogisticRegression-p1-tr(8)-sw(6)-lw(60)-fa(0.8)-max(100000) f1 score: 0.9894909180690116 cumulative return: 234412.06437958783
LogisticRegression-p1-tr(8)-sw(6)-lw(60)-fa(1)-max(20000) f1 score: 0.9749486012028783 cumulative return: 125787.49290015239
LogisticRegression-p1-tr(8)-sw(6)-lw(60)-fa(1)-max(30000) f1 score: 0.9775706483697785 cumulative return: 137676.78090396727
LogisticRegression-p1-tr(8)-sw(6)-lw(60)-fa(1)-max(100000) f1 score: 0.9757898811891578 cumulative return: 227840.96243382874
LogisticRegression-p1-tr(8)-sw(6)-lw(60)-fa(2)-max(20000) f1 score: 0.8031767983872302 cumulative return: 113659.73790566213
LogisticRegression-p1-tr(8)-sw(6)-lw(60)-fa(2)-max(30000) f1 score: 0.8035059837947109 cumulative return: 122305.19016384019
LogisticRegression-p1-tr(8)-sw(6)-lw(60)-fa(2)-max(100000) f1 score: 0.7987328536241018 cumulative return: 170806.99743445384
LogisticRegression-p1-tr(8)-sw(6)-lw(60)-fa(3)-max(20000) f1 score: 0.2343999096255398 cumulative return: 105221.17237051867
LogisticRegression-p1-tr(8)-sw(6)-lw(60)-fa(3)-max(30000) f1 score: 0.2273161732063218 cumulative return: 107288.78995559219
LogisticRegression-p1-tr(8)-sw(6)-lw(60)-fa(3)-max(100000) f1 score: 0.2343999096255398 cumulative return: 118177.56549412583
LogisticRegression-p1-tr(8)-sw(6)-lw(180)-fa(0.1)-max(20000) f1 score: 0.9414361519621413 cumulative return: 128097.85746176368
LogisticRegression-p1-tr(8)-sw(6)-lw(180)-fa(0.1)-max(30000) f1 score: 0.9373782981845653 cumulative return: 143859.9173868035
LogisticRegression-p1-tr(8)-sw(6)-lw(180)-fa(0.1)-max(100000) f1 score: 0.9438948544118018 cumulative return: 261579.94760007394
LogisticRegression-p1-tr(8)-sw(6)-lw(180)-fa(0.25)-max(20000) f1 score: 0.9808275654056382 cumulative return: 130227.34860959198
LogisticRegression-p1-tr(8)-sw(6)-lw(180)-fa(0.25)-max(30000) f1 score: 0.9820037741983134 cumulative return: 143800.7138588411
LogisticRegression-p1-tr(8)-sw(6)-lw(180)-fa(0.25)-max(100000) f1 score: 0.9785760568632611 cumulative return: 262202.2640640714
LogisticRegression-p1-tr(8)-sw(6)-lw(180)-fa(0.5)-max(20000) f1 score: 0.9958706690326267 cumulative return: 129642.42549360121
LogisticRegression-p1-tr(8)-sw(6)-lw(180)-fa(0.5)-max(30000) f1 score: 0.9948157941554223 cumulative return: 145466.1012575837
LogisticRegression-p1-tr(8)-sw(6)-lw(180)-fa(0.5)-max(100000) f1 score: 0.9963450672917736 cumulative return: 250075.7701914615
LogisticRegression-p1-tr(8)-sw(6)-lw(180)-fa(0.8)-max(20000) f1 score: 0.9787424897080091 cumulative return: 126315.04083020928
LogisticRegression-p1-tr(8)-sw(6)-lw(180)-fa(0.8)-max(30000) f1 score: 0.9796463408641348 cumulative return: 139333.59635333018
LogisticRegression-p1-tr(8)-sw(6)-lw(180)-fa(0.8)-max(100000) f1 score: 0.9778001985396426 cumulative return: 225236.34551314922
LogisticRegression-p1-tr(8)-sw(6)-lw(180)-fa(1)-max(20000) f1 score: 0.936784146317191 cumulative return: 124553.68569939055
LogisticRegression-p1-tr(8)-sw(6)-lw(180)-fa(1)-max(30000) f1 score: 0.9394603087399931 cumulative return: 134749.30517101227
LogisticRegression-p1-tr(8)-sw(6)-lw(180)-fa(1)-max(100000) f1 score: 0.9407995446737898 cumulative return: 209685.47485452713
LogisticRegression-p1-tr(8)-sw(6)-lw(180)-fa(2)-max(20000) f1 score: 0.24909186174387554 cumulative return: 112547.61633109755
LogisticRegression-p1-tr(8)-sw(6)-lw(180)-fa(2)-max(30000) f1 score: 0.23114739428623443 cumulative return: 117232.5767732873
LogisticRegression-p1-tr(8)-sw(6)-lw(180)-fa(2)-max(100000) f1 score: 0.2373633002035267 cumulative return: 153004.51648304012
LogisticRegression-p1-tr(8)-sw(6)-lw(180)-fa(3)-max(20000) f1 score: -0.613875753582986 cumulative return: 101766.01973857195
LogisticRegression-p1-tr(8)-sw(6)-lw(180)-fa(3)-max(30000) f1 score: -0.6514673083726328 cumulative return: 102476.09090386222
LogisticRegression-p1-tr(8)-sw(6)-lw(180)-fa(3)-max(100000) f1 score: -0.6493287589912793 cumulative return: 107317.66490301903
LogisticRegression-p1-tr(8)-sw(6)-lw(252)-fa(0.1)-max(20000) f1 score: 0.9392834463483944 cumulative return: 129252.01855935642
LogisticRegression-p1-tr(8)-sw(6)-lw(252)-fa(0.1)-max(30000) f1 score: 0.9379386002124543 cumulative return: 147719.3379699614
LogisticRegression-p1-tr(8)-sw(6)-lw(252)-fa(0.1)-max(100000) f1 score: 0.9369474537250971 cumulative return: 259712.45930757804
LogisticRegression-p1-tr(8)-sw(6)-lw(252)-fa(0.25)-max(20000) f1 score: 0.9826550574161755 cumulative return: 130498.03914698375
LogisticRegression-p1-tr(8)-sw(6)-lw(252)-fa(0.25)-max(30000) f1 score: 0.9753515615879649 cumulative return: 144360.5485610569
LogisticRegression-p1-tr(8)-sw(6)-lw(252)-fa(0.25)-max(100000) f1 score: 0.9814730666686858 cumulative return: 260292.07783669047
LogisticRegression-p1-tr(8)-sw(6)-lw(252)-fa(0.5)-max(20000) f1 score: 0.9906998389960284 cumulative return: 130846.70158133084
LogisticRegression-p1-tr(8)-sw(6)-lw(252)-fa(0.5)-max(30000) f1 score: 0.9927602426839707 cumulative return: 145713.81724754354
LogisticRegression-p1-tr(8)-sw(6)-lw(252)-fa(0.5)-max(100000) f1 score: 0.995016424406893 cumulative return: 253275.7451221997
LogisticRegression-p1-tr(8)-sw(6)-lw(252)-fa(0.8)-max(20000) f1 score: 0.9679717618778276 cumulative return: 125757.37387520123
LogisticRegression-p1-tr(8)-sw(6)-lw(252)-fa(0.8)-max(30000) f1 score: 0.9659682062468863 cumulative return: 138569.7019871833
LogisticRegression-p1-tr(8)-sw(6)-lw(252)-fa(0.8)-max(100000) f1 score: 0.970201589404094 cumulative return: 225664.20727077013
LogisticRegression-p1-tr(8)-sw(6)-lw(252)-fa(1)-max(20000) f1 score: 0.932991465912507 cumulative return: 122086.80468375473
LogisticRegression-p1-tr(8)-sw(6)-lw(252)-fa(1)-max(30000) f1 score: 0.9292400728705846 cumulative return: 131702.0286906635
LogisticRegression-p1-tr(8)-sw(6)-lw(252)-fa(1)-max(100000) f1 score: 0.932453889891295 cumulative return: 194419.9508162954
LogisticRegression-p1-tr(8)-sw(6)-lw(252)-fa(2)-max(20000) f1 score: 0.304262725300952 cumulative return: 105690.04753465758
LogisticRegression-p1-tr(8)-sw(6)-lw(252)-fa(2)-max(30000) f1 score: 0.27972528601051927 cumulative return: 108257.7896026847
LogisticRegression-p1-tr(8)-sw(6)-lw(252)-fa(2)-max(100000) f1 score: 0.3104618856713617 cumulative return: 122945.46656817282
LogisticRegression-p1-tr(8)-sw(6)-lw(252)-fa(3)-max(20000) f1 score: -0.23724921113707298 cumulative return: 101606.03464072739
LogisticRegression-p1-tr(8)-sw(6)-lw(252)-fa(3)-max(30000) f1 score: -0.2319679621835289 cumulative return: 102118.9347688038
LogisticRegression-p1-tr(8)-sw(6)-lw(252)-fa(3)-max(100000) f1 score: -0.21583441390724545 cumulative return: 105323.11294693127
maximum cumulative return for LogisticRegression models was 270215.74407848244 from model permutation LogisticRegression-p1-tr(8)-sw(4)-lw(60)-fa(0.1)-max(100000)
maximum f1 for LogisticRegression models was 0.997758773577617 from model permutation LogisticRegression-p1-tr(8)-sw(1)-lw(24)-fa(0.8)-max(100000)
525 permutations tested 
end:  2022-07-10 11:44:53.333893
