2022-07-14 08:34:58 - sabot starting
2022-07-14 08:34:58 - sabot ready
2022-07-14 08:36:03 - sabot activating
BTC ohlcv:
                           BTC_open  BTC_high  ...  BTC_APZ_UPPER  BTC_APZ_LOWER
time                                           ...                              
2022-07-12 19:00:00+00:00  19706.41  19706.47  ...   20249.820000   18507.860000
2022-07-12 20:00:00+00:00  19378.84  19528.03  ...   20147.218934   18701.750091
2022-07-12 21:00:00+00:00  19437.87  19502.78  ...   20012.485485   18729.116670
2022-07-12 22:00:00+00:00  19328.92  19455.66  ...   19958.114239   18763.699551
2022-07-12 23:00:00+00:00  19354.58  19428.05  ...   19901.930190   18772.303473
2022-07-13 00:00:00+00:00  19309.71  19417.56  ...   19897.660460   18820.928329
2022-07-13 01:00:00+00:00  19405.53  19454.71  ...   19885.317783   18863.878537
2022-07-13 02:00:00+00:00  19408.26  19521.71  ...   19895.617574   18924.704203
2022-07-13 03:00:00+00:00  19488.97  19552.85  ...   19886.969624   18962.240776
2022-07-13 04:00:00+00:00  19452.74  19502.19  ...   19878.608661   18996.829714
2022-07-13 05:00:00+00:00  19462.90  19558.47  ...   19880.364686   19035.153483
2022-07-13 06:00:00+00:00  19503.06  19535.57  ...   19883.165936   19073.242538
2022-07-13 07:00:00+00:00  19524.75  19816.40  ...   19929.416279   19136.337005
2022-07-13 08:00:00+00:00  19687.91  19895.56  ...   20001.296270   19218.027127
2022-07-13 09:00:00+00:00  19835.27  19876.61  ...   20045.286248   19273.704514
2022-07-13 10:00:00+00:00  19787.27  19795.02  ...   20073.792805   19315.906224
2022-07-13 11:00:00+00:00  19768.67  19858.87  ...   20107.501171   19363.714318
2022-07-13 12:00:00+00:00  19828.48  20059.22  ...   20015.600868   19237.647262
2022-07-13 13:00:00+00:00  19152.50  19319.25  ...   19968.612810   19154.394216
2022-07-13 14:00:00+00:00  19274.92  19658.17  ...   19991.814647   19136.892290
2022-07-13 15:00:00+00:00  19557.16  19671.99  ...   19988.443270   19097.790907
2022-07-13 16:00:00+00:00  19439.68  19619.44  ...   20023.533323   19096.717601
2022-07-13 17:00:00+00:00  19617.33  19950.36  ...   20102.486365   19142.341334
2022-07-13 18:00:00+00:00  19865.40  19875.31  ...   20160.666086   19175.149751
2022-07-13 19:00:00+00:00  19830.62  19845.23  ...   20171.994738   19166.923435
2022-07-13 20:00:00+00:00  19638.78  19724.63  ...   20183.054007   19166.224455
2022-07-13 21:00:00+00:00  19661.24  19940.49  ...   20238.650052   19210.354945
2022-07-13 22:00:00+00:00  19906.08  19998.72  ...   20270.101502   19235.573427
2022-07-13 23:00:00+00:00  19832.57  20274.83  ...   20373.373911   19326.724240
2022-07-14 00:00:00+00:00  20230.81  20389.61  ...   20472.235352   19416.778548
2022-07-14 01:00:00+00:00  20296.64  20402.33  ...   20548.316827   19488.578900
2022-07-14 02:00:00+00:00  20263.58  20291.73  ...   20605.488428   19547.574254
2022-07-14 03:00:00+00:00  20239.82  20357.13  ...   20645.877925   19593.122746
2022-07-14 04:00:00+00:00  20207.55  20257.96  ...   20653.751816   19607.299397
2022-07-14 05:00:00+00:00  20069.83  20193.99  ...   20662.220438   19624.839687
2022-07-14 06:00:00+00:00  20095.08  20119.96  ...   20653.146181   19624.426664
2022-07-14 07:00:00+00:00  20011.58  20033.87  ...   20636.009795   19619.275780
2022-07-14 08:00:00+00:00  19977.17  20036.64  ...   20581.172300   19572.333865
2022-07-14 09:00:00+00:00  19750.06  19820.46  ...   20542.254517   19543.759437
2022-07-14 10:00:00+00:00  19810.98  19832.70  ...   20498.453089   19513.323170
2022-07-14 11:00:00+00:00  19769.13  19791.01  ...   20451.341427   19480.415652
2022-07-14 12:00:00+00:00  19726.80  19850.97  ...   20419.261862   19460.412913
2022-07-14 13:00:00+00:00  19777.10  19806.71  ...   20386.156315   19439.662454
2022-07-14 14:00:00+00:00  19753.69  19933.42  ...   20379.296473   19441.782226
2022-07-14 15:00:00+00:00  19873.72  20174.88  ...   20408.825291   19476.425308

[45 rows x 17 columns]

ETH ohlcv:
                           ETH_open  ETH_high  ...  ETH_APZ_UPPER  ETH_APZ_LOWER
time                                           ...                              
2022-07-12 19:00:00+00:00   1060.23   1060.23  ...    1096.150000     985.110000
2022-07-12 20:00:00+00:00   1040.63   1049.11  ...    1092.093220     997.888957
2022-07-12 21:00:00+00:00   1046.27   1050.26  ...    1084.037654    1000.369981
2022-07-12 22:00:00+00:00   1039.78   1048.23  ...    1080.619553    1003.356139
2022-07-12 23:00:00+00:00   1041.76   1047.55  ...    1076.530139    1003.517303
2022-07-13 00:00:00+00:00   1037.37   1045.33  ...    1075.155281    1005.670253
2022-07-13 01:00:00+00:00   1041.47   1047.76  ...    1075.224989    1009.156025
2022-07-13 02:00:00+00:00   1045.95   1058.59  ...    1078.229653    1014.713093
2022-07-13 03:00:00+00:00   1055.82   1057.39  ...    1078.674904    1017.669334
2022-07-13 04:00:00+00:00   1051.34   1056.28  ...    1078.575754    1019.904310
2022-07-13 05:00:00+00:00   1050.81   1062.26  ...    1080.314475    1023.394207
2022-07-13 06:00:00+00:00   1057.89   1060.70  ...    1082.074285    1026.963484
2022-07-13 07:00:00+00:00   1060.70   1070.96  ...    1085.351195    1031.479784
2022-07-13 08:00:00+00:00   1068.48   1078.32  ...    1089.536515    1036.582769
2022-07-13 09:00:00+00:00   1075.47   1077.38  ...    1092.060153    1040.219720
2022-07-13 10:00:00+00:00   1072.94   1075.06  ...    1093.546700    1042.828817
2022-07-13 11:00:00+00:00   1071.23   1084.03  ...    1096.830191    1046.876242
2022-07-13 12:00:00+00:00   1080.87   1101.20  ...    1090.468025    1037.225858
2022-07-13 13:00:00+00:00   1028.61   1045.22  ...    1088.057077    1031.492639
2022-07-13 14:00:00+00:00   1041.09   1071.55  ...    1091.483474    1031.163157
2022-07-13 15:00:00+00:00   1065.56   1073.05  ...    1093.160846    1029.769463
2022-07-13 16:00:00+00:00   1059.92   1073.12  ...    1097.186521    1031.001771
2022-07-13 17:00:00+00:00   1072.81   1096.60  ...    1104.699408    1035.939471
2022-07-13 18:00:00+00:00   1093.64   1094.13  ...    1110.084667    1039.449820
2022-07-13 19:00:00+00:00   1089.70   1092.45  ...    1111.870327    1039.719577
2022-07-13 20:00:00+00:00   1075.60   1080.10  ...    1113.115178    1040.223502
2022-07-13 21:00:00+00:00   1075.87   1091.10  ...    1116.636187    1043.230786
2022-07-13 22:00:00+00:00   1089.59   1095.85  ...    1118.741499    1045.116759
2022-07-13 23:00:00+00:00   1085.65   1117.22  ...    1126.072400    1051.765420
2022-07-14 00:00:00+00:00   1114.57   1121.85  ...    1131.960827    1057.308790
2022-07-14 01:00:00+00:00   1113.53   1125.91  ...    1136.750994    1061.912556
2022-07-14 02:00:00+00:00   1112.87   1115.30  ...    1140.257304    1065.701009
2022-07-14 03:00:00+00:00   1111.23   1118.58  ...    1143.125337    1069.176543
2022-07-14 04:00:00+00:00   1111.92   1114.08  ...    1144.171459    1071.009056
2022-07-14 05:00:00+00:00   1105.26   1112.66  ...    1144.824166    1072.598568
2022-07-14 06:00:00+00:00   1105.07   1106.38  ...    1144.594488    1073.340806
2022-07-14 07:00:00+00:00   1101.56   1102.95  ...    1143.370111    1073.180003
2022-07-14 08:00:00+00:00   1096.87   1099.89  ...    1139.957742    1070.638715
2022-07-14 09:00:00+00:00   1083.90   1088.48  ...    1137.676114    1069.258253
2022-07-14 10:00:00+00:00   1088.38   1091.35  ...    1135.183825    1067.817829
2022-07-14 11:00:00+00:00   1086.50   1087.92  ...    1131.968101    1065.500377
2022-07-14 12:00:00+00:00   1080.72   1090.28  ...    1130.222151    1064.471497
2022-07-14 13:00:00+00:00   1086.61   1089.35  ...    1128.216884    1063.116178
2022-07-14 14:00:00+00:00   1084.07   1100.59  ...    1128.677899    1063.887731
2022-07-14 15:00:00+00:00   1095.98   1116.62  ...    1131.609849    1066.923905

[45 rows x 17 columns]

USDT ohlcv:
                           USDT_open  USDT_high  ...  USDT_APZ_UPPER  USDT_APZ_LOWER
time                                             ...                                
2022-07-12 19:00:00+00:00     0.9989     1.0150  ...        1.042800        0.954000
2022-07-12 20:00:00+00:00     0.9984     1.0030  ...        1.035372        0.962047
2022-07-12 21:00:00+00:00     0.9988     1.0070  ...        1.030741        0.965399
2022-07-12 22:00:00+00:00     0.9976     1.0040  ...        1.028934        0.968050
2022-07-12 23:00:00+00:00     0.9990     1.0050  ...        1.027459        0.969797
2022-07-13 00:00:00+00:00     0.9988     0.9995  ...        1.026251        0.971237
2022-07-13 01:00:00+00:00     0.9989     1.0010  ...        1.024936        0.972765
2022-07-13 02:00:00+00:00     0.9990     1.0010  ...        1.023727        0.974113
2022-07-13 03:00:00+00:00     0.9990     1.0040  ...        1.022574        0.975303
2022-07-13 04:00:00+00:00     0.9989     1.0010  ...        1.021545        0.976464
2022-07-13 05:00:00+00:00     0.9991     1.0020  ...        1.020662        0.977442
2022-07-13 06:00:00+00:00     0.9990     0.9991  ...        1.019655        0.978519
2022-07-13 07:00:00+00:00     0.9989     1.0050  ...        1.019063        0.979017
2022-07-13 08:00:00+00:00     0.9988     1.0020  ...        1.018773        0.979416
2022-07-13 09:00:00+00:00     0.9992     1.0040  ...        1.018438        0.979792
2022-07-13 10:00:00+00:00     0.9991     1.0000  ...        1.018033        0.980183
2022-07-13 11:00:00+00:00     0.9991     0.9991  ...        1.017506        0.980739
2022-07-13 12:00:00+00:00     0.9992     1.0460  ...        1.018295        0.980014
2022-07-13 13:00:00+00:00     0.9990     0.9994  ...        1.018717        0.979684
2022-07-13 14:00:00+00:00     0.9992     1.0040  ...        1.019331        0.979063
2022-07-13 15:00:00+00:00     0.9991     1.0110  ...        1.019943        0.978483
2022-07-13 16:00:00+00:00     0.9992     0.9992  ...        1.020630        0.977782
2022-07-13 17:00:00+00:00     0.9991     1.0030  ...        1.021250        0.977032
2022-07-13 18:00:00+00:00     0.9988     1.0030  ...        1.021969        0.976664
2022-07-13 19:00:00+00:00     1.0000     1.0100  ...        1.022479        0.976297
2022-07-13 20:00:00+00:00     0.9996     1.0030  ...        1.022767        0.976013
2022-07-13 21:00:00+00:00     0.9993     1.0010  ...        1.022985        0.975610
2022-07-13 22:00:00+00:00     0.9988     1.0070  ...        1.023148        0.975400
2022-07-13 23:00:00+00:00     0.9991     1.0010  ...        1.023479        0.975065
2022-07-14 00:00:00+00:00     0.9992     1.0040  ...        1.023774        0.974838
2022-07-14 01:00:00+00:00     0.9994     1.0060  ...        1.023922        0.974675
2022-07-14 02:00:00+00:00     0.9992     1.0020  ...        1.023914        0.974632
2022-07-14 03:00:00+00:00     0.9991     1.0070  ...        1.023871        0.974702
2022-07-14 04:00:00+00:00     0.9993     1.0090  ...        1.023788        0.974772
2022-07-14 05:00:00+00:00     0.9992     1.0040  ...        1.023633        0.974915
2022-07-14 06:00:00+00:00     0.9992     1.0040  ...        1.023428        0.975001
2022-07-14 07:00:00+00:00     0.9989     1.0020  ...        1.023266        0.975310
2022-07-14 08:00:00+00:00     0.9996     1.0140  ...        1.023151        0.975445
2022-07-14 09:00:00+00:00     0.9993     0.9999  ...        1.022991        0.975656
2022-07-14 10:00:00+00:00     0.9994     0.9994  ...        1.022657        0.976034
2022-07-14 11:00:00+00:00     0.9994     0.9994  ...        1.022184        0.976543
2022-07-14 12:00:00+00:00     0.9994     1.0030  ...        1.021800        0.976958
2022-07-14 13:00:00+00:00     0.9994     1.0020  ...        1.021420        0.977329
2022-07-14 14:00:00+00:00     0.9993     1.0020  ...        1.021179        0.977631
2022-07-14 15:00:00+00:00     0.9992     0.9993  ...        1.020763        0.978028

[45 rows x 17 columns]
