2022-07-12 23:10:08- initializing wallet 12345
2022-07-12 23:10:08- wallet 12345:
	USDT balance is  100000.0
2022-07-12 23:10:22- wihdrawing 99960.0 USDT
2022-07-12 23:10:22- depositing 99189.04258130494 sUSD
2022-07-12 23:10:22- wallet 12345:
	USDT balance is  40.0	sUSD balance is  99189.04258130494
2022-07-12 23:10:25- wihdrawing 99149.04258130494 sUSD
2022-07-12 23:10:25- depositing 100725.8 USDT
2022-07-12 23:10:25- wallet 12345:
	USDT balance is  100765.8	sUSD balance is  40.0
2022-07-12 23:10:33- wihdrawing 100007.62220811173 USDT
2022-07-12 23:10:33- depositing 99189.04258130494 sUSD
2022-07-12 23:10:33- wallet 12345:
	USDT balance is  758.1777918882726	sUSD balance is  99229.04258130494
2022-07-12 23:10:36- wihdrawing 99189.04258130494 sUSD
2022-07-12 23:10:36- depositing 100725.8 USDT
2022-07-12 23:10:36- wallet 12345:
	USDT balance is  101483.97779188828	sUSD balance is  40.0
2022-07-12 23:10:45- wihdrawing 100007.62220811173 USDT
2022-07-12 23:10:45- depositing 99189.04258130494 sUSD
2022-07-12 23:10:45- wallet 12345:
	USDT balance is  1476.3555837765452	sUSD balance is  99229.04258130494
2022-07-12 23:10:47- wihdrawing 1436.3555837765452 USDT
2022-07-12 23:10:47- depositing 99189.04258130494 sUSD
2022-07-12 23:10:47- wallet 12345:
	USDT balance is  40.0	sUSD balance is  198418.08516260987
2022-07-12 23:10:50- wihdrawing 100007.6671348468 sUSD
2022-07-12 23:10:50- depositing 100725.8 USDT
2022-07-12 23:10:50- wallet 12345:
	USDT balance is  100765.8	sUSD balance is  98410.41802776308
2022-07-12 23:10:56- wihdrawing 98370.41802776308 sUSD
2022-07-12 23:10:56- depositing 100725.8 USDT
2022-07-12 23:10:56- wallet 12345:
	USDT balance is  201491.6	sUSD balance is  40.0
2022-07-12 23:11:03- wihdrawing 100007.62220811173 USDT
2022-07-12 23:11:03- depositing 99189.04258130494 sUSD
2022-07-12 23:11:03- wallet 12345:
	USDT balance is  101483.97779188828	sUSD balance is  99229.04258130494
2022-07-12 23:11:09- wihdrawing 99189.04258130494 sUSD
2022-07-12 23:11:09- depositing 100725.8 USDT
2022-07-12 23:11:09- wallet 12345:
	USDT balance is  202209.77779188828	sUSD balance is  40.0
